{
  "stats": {
    "suites": 1,
    "tests": 7,
    "passes": 7,
    "pending": 0,
    "failures": 0,
    "start": "2022-08-12T11:37:20.500Z",
    "end": "2022-08-12T11:39:40.769Z",
    "duration": 140269,
    "testsRegistered": 7,
    "passPercent": 100,
    "pendingPercent": 0,
    "other": 0,
    "hasOther": false,
    "skipped": 0,
    "hasSkipped": false
  },
  "results": [
    {
      "uuid": "2452116c-3e85-49da-bac5-6c04d68f96bc",
      "title": "",
      "fullFile": "cypress/e2e/Ameren/GbDownload/GbDownloadMultimeter.cy.js",
      "file": "cypress/e2e/Ameren/GbDownload/GbDownloadMultimeter.cy.js",
      "beforeHooks": [],
      "afterHooks": [],
      "tests": [],
      "suites": [
        {
          "uuid": "b8e59487-2696-4e75-97a4-07d73ca417fa",
          "title": "GB download - Multimeter Tests",
          "fullFile": "",
          "file": "",
          "beforeHooks": [],
          "afterHooks": [],
          "tests": [
            {
              "title": "Navigate to Download my data & Export data - Multimeter AMR Electric",
              "fullTitle": "GB download - Multimeter Tests Navigate to Download my data & Export data - Multimeter AMR Electric",
              "timedOut": null,
              "duration": 17331,
              "state": "passed",
              "speed": "slow",
              "pass": true,
              "fail": false,
              "pending": false,
              "context": null,
              "code": "generateUrl(uuidMultimeterAMRE);",
              "err": {},
              "uuid": "78218d02-9ed3-4eec-8cec-2f4924928130",
              "parentUUID": "b8e59487-2696-4e75-97a4-07d73ca417fa",
              "isHook": false,
              "skipped": false
            },
            {
              "title": "Navigate to Download my data & Export data - Multimeter AMI Electric",
              "fullTitle": "GB download - Multimeter Tests Navigate to Download my data & Export data - Multimeter AMI Electric",
              "timedOut": null,
              "duration": 20105,
              "state": "passed",
              "speed": "slow",
              "pass": true,
              "fail": false,
              "pending": false,
              "context": null,
              "code": "generateUrl(uuidMultimeterAMIE);",
              "err": {},
              "uuid": "896ae1c6-dbd3-4958-85c4-3c2826e46815",
              "parentUUID": "b8e59487-2696-4e75-97a4-07d73ca417fa",
              "isHook": false,
              "skipped": false
            },
            {
              "title": "Navigate to Download my data & Export data - Multimeter AMR Solar",
              "fullTitle": "GB download - Multimeter Tests Navigate to Download my data & Export data - Multimeter AMR Solar",
              "timedOut": null,
              "duration": 22489,
              "state": "passed",
              "speed": "slow",
              "pass": true,
              "fail": false,
              "pending": false,
              "context": null,
              "code": "generateUrl(uuidMultimeterAMRS);",
              "err": {},
              "uuid": "952aefdf-a14a-4187-aa00-0cc20a530b1d",
              "parentUUID": "b8e59487-2696-4e75-97a4-07d73ca417fa",
              "isHook": false,
              "skipped": false
            },
            {
              "title": "Navigate to Download my data & Export data - Multimeter AMI Solar",
              "fullTitle": "GB download - Multimeter Tests Navigate to Download my data & Export data - Multimeter AMI Solar",
              "timedOut": null,
              "duration": 18365,
              "state": "passed",
              "speed": "slow",
              "pass": true,
              "fail": false,
              "pending": false,
              "context": null,
              "code": "generateUrl(uuidMultimeterAMIS);",
              "err": {},
              "uuid": "09d14999-ec18-4618-8122-d568f48014cc",
              "parentUUID": "b8e59487-2696-4e75-97a4-07d73ca417fa",
              "isHook": false,
              "skipped": false
            },
            {
              "title": "Navigate to Download my data & Export data - 10 days Raw data",
              "fullTitle": "GB download - Multimeter Tests Navigate to Download my data & Export data - 10 days Raw data",
              "timedOut": null,
              "duration": 17159,
              "state": "passed",
              "speed": "slow",
              "pass": true,
              "fail": false,
              "pending": false,
              "context": null,
              "code": "generateUrl(uuidRaw10Days);",
              "err": {},
              "uuid": "4da1f922-b9bc-49e6-96f1-1cef625e2183",
              "parentUUID": "b8e59487-2696-4e75-97a4-07d73ca417fa",
              "isHook": false,
              "skipped": false
            },
            {
              "title": "Navigate to Download my data & Export data - 10 days Raw data 1 BillCycle",
              "fullTitle": "GB download - Multimeter Tests Navigate to Download my data & Export data - 10 days Raw data 1 BillCycle",
              "timedOut": null,
              "duration": 17688,
              "state": "passed",
              "speed": "slow",
              "pass": true,
              "fail": false,
              "pending": false,
              "context": null,
              "code": "generateUrl(uuidRaw10Days1BC);",
              "err": {},
              "uuid": "35278ecb-3d74-412e-a265-b2de7899c8fa",
              "parentUUID": "b8e59487-2696-4e75-97a4-07d73ca417fa",
              "isHook": false,
              "skipped": false
            },
            {
              "title": "Navigate to Download my data & Export data - Multimeter AMR Gas",
              "fullTitle": "GB download - Multimeter Tests Navigate to Download my data & Export data - Multimeter AMR Gas",
              "timedOut": null,
              "duration": 18930,
              "state": "passed",
              "speed": "slow",
              "pass": true,
              "fail": false,
              "pending": false,
              "context": null,
              "code": "measurementType = 'GAS';\ngenerateUrl(uuidMultimeterAMRG);",
              "err": {},
              "uuid": "07bd38b2-cdb9-46da-9f32-0dc31261a2be",
              "parentUUID": "b8e59487-2696-4e75-97a4-07d73ca417fa",
              "isHook": false,
              "skipped": false
            }
          ],
          "suites": [],
          "passes": [
            "78218d02-9ed3-4eec-8cec-2f4924928130",
            "896ae1c6-dbd3-4958-85c4-3c2826e46815",
            "952aefdf-a14a-4187-aa00-0cc20a530b1d",
            "09d14999-ec18-4618-8122-d568f48014cc",
            "4da1f922-b9bc-49e6-96f1-1cef625e2183",
            "35278ecb-3d74-412e-a265-b2de7899c8fa",
            "07bd38b2-cdb9-46da-9f32-0dc31261a2be"
          ],
          "failures": [],
          "pending": [],
          "skipped": [],
          "duration": 132067,
          "root": false,
          "rootEmpty": false,
          "_timeout": 2000
        }
      ],
      "passes": [],
      "failures": [],
      "pending": [],
      "skipped": [],
      "duration": 0,
      "root": true,
      "rootEmpty": true,
      "_timeout": 2000
    }
  ],
  "meta": {
    "mocha": {
      "version": "7.0.1"
    },
    "mochawesome": {
      "options": {
        "quiet": false,
        "reportFilename": "mochawesome",
        "saveHtml": false,
        "saveJson": true,
        "consoleReporter": "spec",
        "useInlineDiffs": false,
        "code": true
      },
      "version": "7.1.3"
    },
    "marge": {
      "options": {
        "id": "default",
        "reportDir": "cypress/reports/mocha",
        "quite": true,
        "overwrite": false,
        "html": false,
        "json": true
      },
      "version": "6.2.0"
    }
  }
}