{
  "stats": {
    "suites": 1,
    "tests": 5,
    "passes": 0,
    "pending": 0,
    "failures": 5,
    "start": "2022-08-23T06:19:04.495Z",
    "end": "2022-08-23T06:19:57.812Z",
    "duration": 53317,
    "testsRegistered": 5,
    "passPercent": 0,
    "pendingPercent": 0,
    "other": 0,
    "hasOther": false,
    "skipped": 0,
    "hasSkipped": false
  },
  "results": [
    {
      "uuid": "cfe8cd47-c9af-433f-80db-bce0a4f8b603",
      "title": "",
      "fullFile": "cypress/e2e/Ameren/ADA/ADAAMIE.cy.js",
      "file": "cypress/e2e/Ameren/ADA/ADAAMIE.cy.js",
      "beforeHooks": [],
      "afterHooks": [],
      "tests": [],
      "suites": [
        {
          "uuid": "3c30f41f-c3ca-42ed-97ce-1e7b35d1c509",
          "title": "Accessibility Testing - AMI Electric",
          "fullFile": "",
          "file": "",
          "beforeHooks": [],
          "afterHooks": [],
          "tests": [
            {
              "title": "Check homepage",
              "fullTitle": "Accessibility Testing - AMI Electric Check homepage",
              "timedOut": null,
              "duration": 16663,
              "state": "failed",
              "speed": null,
              "pass": false,
              "fail": true,
              "pending": false,
              "context": null,
              "code": "objGenericPage.checkHeader();\nobjHomepage.homePageLoaded();\nobjGenericPage.loadingScreenIndicator();\ncy.wait(3000); // first a11y test\ncy.customCheckAlly();",
              "err": {
                "message": "AssertionError: 4 accessibility violations were detected: expected 4 to equal 0",
                "estack": "AssertionError: 4 accessibility violations were detected: expected 4 to equal 0\n    at Context.eval (https://amerenuat.bidgely.com/__cypress/tests?p=cypress/support/e2e.js:6274:20)",
                "diff": null
              },
              "uuid": "8387c42e-7ffc-4b5f-9d70-35cb565f9980",
              "parentUUID": "3c30f41f-c3ca-42ed-97ce-1e7b35d1c509",
              "isHook": false,
              "skipped": false
            },
            {
              "title": "Check Energy Insights",
              "fullTitle": "Accessibility Testing - AMI Electric Check Energy Insights",
              "timedOut": null,
              "duration": 9187,
              "state": "failed",
              "speed": null,
              "pass": false,
              "fail": true,
              "pending": false,
              "context": null,
              "code": "objGenericPage.clickNavBarTabs('ENERGY_INSIGHTS');\nobjInsightsPage.insightsPageLoaded();\ncy.wait(500);\nobjGenericPage.loadingScreenIndicator();\ncy.wait(2000);\nlet arrEle = [[objGenericPage.headerNav], ['.view-tab.ada-accessibility.MuiTab-root:nth-child(2) > .MuiTab-wrapper']];\ncy.customCheckAllyExclude([objGenericPage.headerNav]);\nobjInsightsPage.clickInsightMainTabs('Appliance');\ncy.wait(500);\nobjGenericPage.loadingScreenIndicator();\ncy.wait(2000);\ncy.customCheckAllyExclude([objGenericPage.headerNav]);\nobjInsightsPage.clickInsightMainTabs('Cost');\ncy.wait(500);\nobjGenericPage.loadingScreenIndicator();\ncy.wait(2000);\ncy.customCheckAllyExclude([objGenericPage.headerNav]);\nobjInsightsPage.clickInsightMainTabs('Usage');\ncy.wait(500);\nobjGenericPage.loadingScreenIndicator();\ncy.wait(2000);\ncy.customCheckAllyExclude([objGenericPage.headerNav]);\nobjInsightsPage.clickInsightTabs('Monthly Summary');\ncy.wait(500);\nobjGenericPage.loadingScreenIndicator();\ncy.wait(2000);\ncy.customCheckAllyExclude([objGenericPage.headerNav]);\nobjInsightsPage.clickInsightTabs('Similar Homes');\ncy.wait(500);\nobjGenericPage.loadingScreenIndicator();\ncy.wait(2000);\ncy.customCheckAllyExclude([objGenericPage.headerNav]);\nobjInsightsPage.clickInsightTabs('Bill Analysis');\ncy.wait(500);\nobjGenericPage.loadingScreenIndicator();\ncy.wait(2000);\ncy.customCheckAllyExclude([objGenericPage.headerNav]);\nobjInsightsPage.clickInsightTabs('Rate Plan Options');\ncy.wait(500);\nobjGenericPage.loadingScreenIndicator();\ncy.wait(2000);\ncy.customCheckAllyExclude([objGenericPage.headerNav]);",
              "err": {
                "message": "AssertionError: 2 accessibility violations were detected: expected 2 to equal 0",
                "estack": "AssertionError: 2 accessibility violations were detected: expected 2 to equal 0\n    at Context.eval (https://amerenuat.bidgely.com/__cypress/tests?p=cypress/support/e2e.js:6274:20)",
                "diff": null
              },
              "uuid": "1f2daab9-adbb-49a4-978e-e36a359a1ba3",
              "parentUUID": "3c30f41f-c3ca-42ed-97ce-1e7b35d1c509",
              "isHook": false,
              "skipped": false
            },
            {
              "title": "Check My Recommedations",
              "fullTitle": "Accessibility Testing - AMI Electric Check My Recommedations",
              "timedOut": null,
              "duration": 6285,
              "state": "failed",
              "speed": null,
              "pass": false,
              "fail": true,
              "pending": false,
              "context": null,
              "code": "objGenericPage.clickNavBarTabs('MY_RECOMMENDATIONS');\nobjRecoPage.recommedationsPageLoaded();\ncy.wait(500);\nobjGenericPage.loadingScreenIndicator();\ncy.wait(2000);\ncy.customCheckAllyExclude([objGenericPage.headerNav]);",
              "err": {
                "message": "AssertionError: 2 accessibility violations were detected: expected 2 to equal 0",
                "estack": "AssertionError: 2 accessibility violations were detected: expected 2 to equal 0\n    at Context.eval (https://amerenuat.bidgely.com/__cypress/tests?p=cypress/support/e2e.js:6274:20)",
                "diff": null
              },
              "uuid": "1745cd20-9656-4bac-b925-0b9480d3737b",
              "parentUUID": "3c30f41f-c3ca-42ed-97ce-1e7b35d1c509",
              "isHook": false,
              "skipped": false
            },
            {
              "title": "Check FAQs",
              "fullTitle": "Accessibility Testing - AMI Electric Check FAQs",
              "timedOut": null,
              "duration": 6353,
              "state": "failed",
              "speed": null,
              "pass": false,
              "fail": true,
              "pending": false,
              "context": null,
              "code": "objGenericPage.clickNavBarTabs('FAQS');\nobjFaq.faqPageLoaded();\ncy.wait(500);\nobjGenericPage.loadingScreenIndicator();\ncy.wait(2000);\ncy.customCheckAllyExclude([objGenericPage.headerNav]);",
              "err": {
                "message": "AssertionError: 3 accessibility violations were detected: expected 3 to equal 0",
                "estack": "AssertionError: 3 accessibility violations were detected: expected 3 to equal 0\n    at Context.eval (https://amerenuat.bidgely.com/__cypress/tests?p=cypress/support/e2e.js:6274:20)",
                "diff": null
              },
              "uuid": "aca57959-74e3-4fba-a19c-bfb35c735b57",
              "parentUUID": "3c30f41f-c3ca-42ed-97ce-1e7b35d1c509",
              "isHook": false,
              "skipped": false
            },
            {
              "title": "Check Survey",
              "fullTitle": "Accessibility Testing - AMI Electric Check Survey",
              "timedOut": null,
              "duration": 6231,
              "state": "failed",
              "speed": null,
              "pass": false,
              "fail": true,
              "pending": false,
              "context": null,
              "code": "objGenericPage.clickNavBarTabs('SURVEY');\nobjSurvey.surveyPageLoaded();\ncy.wait(500);\nobjGenericPage.loadingScreenIndicator();\ncy.wait(2000);\ncy.customCheckAllyExclude([objGenericPage.headerNav]);",
              "err": {
                "message": "AssertionError: 3 accessibility violations were detected: expected 3 to equal 0",
                "estack": "AssertionError: 3 accessibility violations were detected: expected 3 to equal 0\n    at Context.eval (https://amerenuat.bidgely.com/__cypress/tests?p=cypress/support/e2e.js:6274:20)",
                "diff": null
              },
              "uuid": "aec722be-2a87-44dd-bb18-eb3319d2dbc1",
              "parentUUID": "3c30f41f-c3ca-42ed-97ce-1e7b35d1c509",
              "isHook": false,
              "skipped": false
            }
          ],
          "suites": [],
          "passes": [],
          "failures": [
            "8387c42e-7ffc-4b5f-9d70-35cb565f9980",
            "1f2daab9-adbb-49a4-978e-e36a359a1ba3",
            "1745cd20-9656-4bac-b925-0b9480d3737b",
            "aca57959-74e3-4fba-a19c-bfb35c735b57",
            "aec722be-2a87-44dd-bb18-eb3319d2dbc1"
          ],
          "pending": [],
          "skipped": [],
          "duration": 44719,
          "root": false,
          "rootEmpty": false,
          "_timeout": 2000
        }
      ],
      "passes": [],
      "failures": [],
      "pending": [],
      "skipped": [],
      "duration": 0,
      "root": true,
      "rootEmpty": true,
      "_timeout": 2000
    }
  ],
  "meta": {
    "mocha": {
      "version": "7.0.1"
    },
    "mochawesome": {
      "options": {
        "quiet": false,
        "reportFilename": "mochawesome",
        "saveHtml": false,
        "saveJson": true,
        "consoleReporter": "spec",
        "useInlineDiffs": false,
        "code": true
      },
      "version": "7.1.3"
    },
    "marge": {
      "options": {
        "id": "default",
        "reportDir": "cypress/reports/mocha",
        "quite": true,
        "overwrite": false,
        "html": false,
        "json": true
      },
      "version": "6.2.0"
    }
  }
}