{
  "stats": {
    "suites": 1,
    "tests": 5,
    "passes": 0,
    "pending": 0,
    "failures": 5,
    "start": "2022-08-23T06:26:19.371Z",
    "end": "2022-08-23T06:26:59.891Z",
    "duration": 40520,
    "testsRegistered": 5,
    "passPercent": 0,
    "pendingPercent": 0,
    "other": 0,
    "hasOther": false,
    "skipped": 0,
    "hasSkipped": false
  },
  "results": [
    {
      "uuid": "6cb55b4b-eb9c-4a9a-a630-b603c32e13e8",
      "title": "",
      "fullFile": "cypress/e2e/Ameren/ADA/ADAAMRGas.cy.js",
      "file": "cypress/e2e/Ameren/ADA/ADAAMRGas.cy.js",
      "beforeHooks": [],
      "afterHooks": [],
      "tests": [],
      "suites": [
        {
          "uuid": "8d99a02b-bada-47cd-8336-e9ebf1ce7a27",
          "title": "Accessibility Testing - AMR Gas",
          "fullFile": "",
          "file": "",
          "beforeHooks": [],
          "afterHooks": [],
          "tests": [
            {
              "title": "Check homepage",
              "fullTitle": "Accessibility Testing - AMR Gas Check homepage",
              "timedOut": null,
              "duration": 13291,
              "state": "failed",
              "speed": null,
              "pass": false,
              "fail": true,
              "pending": false,
              "context": null,
              "code": "objGenericPage.checkHeader();\nobjHomepage.homePageLoaded();\nobjGenericPage.loadingScreenIndicator();\ncy.wait(3000); // first a11y test\ncy.customCheckAlly();",
              "err": {
                "message": "AssertionError: 5 accessibility violations were detected: expected 5 to equal 0",
                "estack": "AssertionError: 5 accessibility violations were detected: expected 5 to equal 0\n    at Context.eval (https://amerenuat.bidgely.com/__cypress/tests?p=cypress/support/e2e.js:6274:20)",
                "diff": null
              },
              "uuid": "3f592d6c-7981-40d2-858d-277930432e6a",
              "parentUUID": "8d99a02b-bada-47cd-8336-e9ebf1ce7a27",
              "isHook": false,
              "skipped": false
            },
            {
              "title": "Check Energy Insights",
              "fullTitle": "Accessibility Testing - AMR Gas Check Energy Insights",
              "timedOut": null,
              "duration": 6341,
              "state": "failed",
              "speed": null,
              "pass": false,
              "fail": true,
              "pending": false,
              "context": null,
              "code": "objGenericPage.clickNavBarTabs('ENERGY_INSIGHTS');\nobjInsightsPage.insightsPageLoaded();\ncy.wait(500);\nobjGenericPage.loadingScreenIndicator();\ncy.wait(2000);\ncy.customCheckAllyExclude([objGenericPage.headerNav]);",
              "err": {
                "message": "AssertionError: 2 accessibility violations were detected: expected 2 to equal 0",
                "estack": "AssertionError: 2 accessibility violations were detected: expected 2 to equal 0\n    at Context.eval (https://amerenuat.bidgely.com/__cypress/tests?p=cypress/support/e2e.js:6274:20)",
                "diff": null
              },
              "uuid": "3c0aa5b2-868f-4394-ac98-cecc1bb8f9a5",
              "parentUUID": "8d99a02b-bada-47cd-8336-e9ebf1ce7a27",
              "isHook": false,
              "skipped": false
            },
            {
              "title": "Check My Recommedations",
              "fullTitle": "Accessibility Testing - AMR Gas Check My Recommedations",
              "timedOut": null,
              "duration": 4777,
              "state": "failed",
              "speed": null,
              "pass": false,
              "fail": true,
              "pending": false,
              "context": null,
              "code": "objGenericPage.clickNavBarTabs('MY_RECOMMENDATIONS');\nobjRecoPage.recommedationsPageLoaded();\ncy.wait(500);\nobjGenericPage.loadingScreenIndicator();\ncy.wait(2000);\ncy.customCheckAllyExclude([objGenericPage.headerNav]);",
              "err": {
                "message": "AssertionError: 2 accessibility violations were detected: expected 2 to equal 0",
                "estack": "AssertionError: 2 accessibility violations were detected: expected 2 to equal 0\n    at Context.eval (https://amerenuat.bidgely.com/__cypress/tests?p=cypress/support/e2e.js:6274:20)",
                "diff": null
              },
              "uuid": "8390c394-03a7-41da-94c3-7df3efc5387f",
              "parentUUID": "8d99a02b-bada-47cd-8336-e9ebf1ce7a27",
              "isHook": false,
              "skipped": false
            },
            {
              "title": "Check FAQs",
              "fullTitle": "Accessibility Testing - AMR Gas Check FAQs",
              "timedOut": null,
              "duration": 4985,
              "state": "failed",
              "speed": null,
              "pass": false,
              "fail": true,
              "pending": false,
              "context": null,
              "code": "objGenericPage.clickNavBarTabs('FAQS');\nobjFaq.faqPageLoaded();\ncy.wait(500);\nobjGenericPage.loadingScreenIndicator();\ncy.wait(2000);\ncy.customCheckAllyExclude([objGenericPage.headerNav]);",
              "err": {
                "message": "AssertionError: 2 accessibility violations were detected: expected 2 to equal 0",
                "estack": "AssertionError: 2 accessibility violations were detected: expected 2 to equal 0\n    at Context.eval (https://amerenuat.bidgely.com/__cypress/tests?p=cypress/support/e2e.js:6274:20)",
                "diff": null
              },
              "uuid": "494d6ca7-3224-4e26-9b20-44c7a01fb44e",
              "parentUUID": "8d99a02b-bada-47cd-8336-e9ebf1ce7a27",
              "isHook": false,
              "skipped": false
            },
            {
              "title": "Check Survey",
              "fullTitle": "Accessibility Testing - AMR Gas Check Survey",
              "timedOut": null,
              "duration": 4649,
              "state": "failed",
              "speed": null,
              "pass": false,
              "fail": true,
              "pending": false,
              "context": null,
              "code": "objGenericPage.clickNavBarTabs('SURVEY');\nobjSurvey.surveyPageLoaded();\ncy.wait(500);\nobjGenericPage.loadingScreenIndicator();\ncy.wait(2000);\ncy.customCheckAllyExclude([objGenericPage.headerNav]);",
              "err": {
                "message": "AssertionError: 3 accessibility violations were detected: expected 3 to equal 0",
                "estack": "AssertionError: 3 accessibility violations were detected: expected 3 to equal 0\n    at Context.eval (https://amerenuat.bidgely.com/__cypress/tests?p=cypress/support/e2e.js:6274:20)",
                "diff": null
              },
              "uuid": "54b7a3f6-93c4-4430-a7e4-7dbf9ae19a3d",
              "parentUUID": "8d99a02b-bada-47cd-8336-e9ebf1ce7a27",
              "isHook": false,
              "skipped": false
            }
          ],
          "suites": [],
          "passes": [],
          "failures": [
            "3f592d6c-7981-40d2-858d-277930432e6a",
            "3c0aa5b2-868f-4394-ac98-cecc1bb8f9a5",
            "8390c394-03a7-41da-94c3-7df3efc5387f",
            "494d6ca7-3224-4e26-9b20-44c7a01fb44e",
            "54b7a3f6-93c4-4430-a7e4-7dbf9ae19a3d"
          ],
          "pending": [],
          "skipped": [],
          "duration": 34043,
          "root": false,
          "rootEmpty": false,
          "_timeout": 2000
        }
      ],
      "passes": [],
      "failures": [],
      "pending": [],
      "skipped": [],
      "duration": 0,
      "root": true,
      "rootEmpty": true,
      "_timeout": 2000
    }
  ],
  "meta": {
    "mocha": {
      "version": "7.0.1"
    },
    "mochawesome": {
      "options": {
        "quiet": false,
        "reportFilename": "mochawesome",
        "saveHtml": false,
        "saveJson": true,
        "consoleReporter": "spec",
        "useInlineDiffs": false,
        "code": true
      },
      "version": "7.1.3"
    },
    "marge": {
      "options": {
        "id": "default",
        "reportDir": "cypress/reports/mocha",
        "quite": true,
        "overwrite": false,
        "html": false,
        "json": true
      },
      "version": "6.2.0"
    }
  }
}