{
  "stats": {
    "suites": 1,
    "tests": 10,
    "passes": 0,
    "pending": 0,
    "failures": 10,
    "start": "2022-08-23T06:20:24.923Z",
    "end": "2022-08-23T06:21:48.673Z",
    "duration": 83750,
    "testsRegistered": 10,
    "passPercent": 0,
    "pendingPercent": 0,
    "other": 0,
    "hasOther": false,
    "skipped": 0,
    "hasSkipped": false
  },
  "results": [
    {
      "uuid": "b24cb0e7-c1a7-4d26-9ed5-f8da148c4815",
      "title": "",
      "fullFile": "cypress/e2e/Ameren/ADA/ADAAMIEAMRG.cy.js",
      "file": "cypress/e2e/Ameren/ADA/ADAAMIEAMRG.cy.js",
      "beforeHooks": [],
      "afterHooks": [],
      "tests": [],
      "suites": [
        {
          "uuid": "0736b9b5-109d-46ca-bf7f-a9f622d00293",
          "title": "Accessibility Testing - AMIAMR Dual fuel",
          "fullFile": "",
          "file": "",
          "beforeHooks": [],
          "afterHooks": [],
          "tests": [
            {
              "title": "Check homepage - Electric",
              "fullTitle": "Accessibility Testing - AMIAMR Dual fuel Check homepage - Electric",
              "timedOut": null,
              "duration": 16762,
              "state": "failed",
              "speed": null,
              "pass": false,
              "fail": true,
              "pending": false,
              "context": null,
              "code": "homepage('Electric');",
              "err": {
                "message": "AssertionError: 5 accessibility violations were detected: expected 5 to equal 0",
                "estack": "AssertionError: 5 accessibility violations were detected: expected 5 to equal 0\n    at Context.eval (https://amerenuat.bidgely.com/__cypress/tests?p=cypress/support/e2e.js:6274:20)",
                "diff": null
              },
              "uuid": "f8b145e4-373c-4a03-aa63-ac8e8cd48450",
              "parentUUID": "0736b9b5-109d-46ca-bf7f-a9f622d00293",
              "isHook": false,
              "skipped": false
            },
            {
              "title": "Check Energy Insights - Electric",
              "fullTitle": "Accessibility Testing - AMIAMR Dual fuel Check Energy Insights - Electric",
              "timedOut": null,
              "duration": 6567,
              "state": "failed",
              "speed": null,
              "pass": false,
              "fail": true,
              "pending": false,
              "context": null,
              "code": "energyInsights('Electric');",
              "err": {
                "message": "AssertionError: 2 accessibility violations were detected: expected 2 to equal 0",
                "estack": "AssertionError: 2 accessibility violations were detected: expected 2 to equal 0\n    at Context.eval (https://amerenuat.bidgely.com/__cypress/tests?p=cypress/support/e2e.js:6274:20)",
                "diff": null
              },
              "uuid": "23891612-d497-4232-9e23-dbfef202c3ba",
              "parentUUID": "0736b9b5-109d-46ca-bf7f-a9f622d00293",
              "isHook": false,
              "skipped": false
            },
            {
              "title": "Check My Recommedations - Electric",
              "fullTitle": "Accessibility Testing - AMIAMR Dual fuel Check My Recommedations - Electric",
              "timedOut": null,
              "duration": 6136,
              "state": "failed",
              "speed": null,
              "pass": false,
              "fail": true,
              "pending": false,
              "context": null,
              "code": "recommendations('Electric');",
              "err": {
                "message": "AssertionError: 2 accessibility violations were detected: expected 2 to equal 0",
                "estack": "AssertionError: 2 accessibility violations were detected: expected 2 to equal 0\n    at Context.eval (https://amerenuat.bidgely.com/__cypress/tests?p=cypress/support/e2e.js:6274:20)",
                "diff": null
              },
              "uuid": "0757f60a-310c-452e-b71c-cef7d301ef43",
              "parentUUID": "0736b9b5-109d-46ca-bf7f-a9f622d00293",
              "isHook": false,
              "skipped": false
            },
            {
              "title": "Check FAQs - Electric",
              "fullTitle": "Accessibility Testing - AMIAMR Dual fuel Check FAQs - Electric",
              "timedOut": null,
              "duration": 5341,
              "state": "failed",
              "speed": null,
              "pass": false,
              "fail": true,
              "pending": false,
              "context": null,
              "code": "faq('Electric');",
              "err": {
                "message": "AssertionError: 3 accessibility violations were detected: expected 3 to equal 0",
                "estack": "AssertionError: 3 accessibility violations were detected: expected 3 to equal 0\n    at Context.eval (https://amerenuat.bidgely.com/__cypress/tests?p=cypress/support/e2e.js:6274:20)",
                "diff": null
              },
              "uuid": "85845948-a1c3-4dbe-b569-66cac501f8cb",
              "parentUUID": "0736b9b5-109d-46ca-bf7f-a9f622d00293",
              "isHook": false,
              "skipped": false
            },
            {
              "title": "Check Survey - Electric",
              "fullTitle": "Accessibility Testing - AMIAMR Dual fuel Check Survey - Electric",
              "timedOut": null,
              "duration": 4546,
              "state": "failed",
              "speed": null,
              "pass": false,
              "fail": true,
              "pending": false,
              "context": null,
              "code": "survey('Electric');",
              "err": {
                "message": "AssertionError: 3 accessibility violations were detected: expected 3 to equal 0",
                "estack": "AssertionError: 3 accessibility violations were detected: expected 3 to equal 0\n    at Context.eval (https://amerenuat.bidgely.com/__cypress/tests?p=cypress/support/e2e.js:6274:20)",
                "diff": null
              },
              "uuid": "e1cf3919-718d-4fff-96e7-97231f369384",
              "parentUUID": "0736b9b5-109d-46ca-bf7f-a9f622d00293",
              "isHook": false,
              "skipped": false
            },
            {
              "title": "Check homepage - Gas",
              "fullTitle": "Accessibility Testing - AMIAMR Dual fuel Check homepage - Gas",
              "timedOut": null,
              "duration": 15078,
              "state": "failed",
              "speed": null,
              "pass": false,
              "fail": true,
              "pending": false,
              "context": null,
              "code": "cy.visit(pilotData.url + \"dashboard?user-hash=\" + hash);\nobjGenericPage.selectFuelType('Gas');\ncy.injectAxe();\nhomepage('Gas');",
              "err": {
                "message": "AssertionError: 5 accessibility violations were detected: expected 5 to equal 0",
                "estack": "AssertionError: 5 accessibility violations were detected: expected 5 to equal 0\n    at Context.eval (https://amerenuat.bidgely.com/__cypress/tests?p=cypress/support/e2e.js:6274:20)",
                "diff": null
              },
              "uuid": "968ad9c8-2268-4382-b27a-d621fca0a1cc",
              "parentUUID": "0736b9b5-109d-46ca-bf7f-a9f622d00293",
              "isHook": false,
              "skipped": false
            },
            {
              "title": "Check Energy Insights - Gas",
              "fullTitle": "Accessibility Testing - AMIAMR Dual fuel Check Energy Insights - Gas",
              "timedOut": null,
              "duration": 6475,
              "state": "failed",
              "speed": null,
              "pass": false,
              "fail": true,
              "pending": false,
              "context": null,
              "code": "energyInsights('Gas');",
              "err": {
                "message": "AssertionError: 2 accessibility violations were detected: expected 2 to equal 0",
                "estack": "AssertionError: 2 accessibility violations were detected: expected 2 to equal 0\n    at Context.eval (https://amerenuat.bidgely.com/__cypress/tests?p=cypress/support/e2e.js:6274:20)",
                "diff": null
              },
              "uuid": "aea7bbc5-5cac-4fa5-a3f7-1300ccbf4083",
              "parentUUID": "0736b9b5-109d-46ca-bf7f-a9f622d00293",
              "isHook": false,
              "skipped": false
            },
            {
              "title": "Check My Recommedations - Gas",
              "fullTitle": "Accessibility Testing - AMIAMR Dual fuel Check My Recommedations - Gas",
              "timedOut": null,
              "duration": 6389,
              "state": "failed",
              "speed": null,
              "pass": false,
              "fail": true,
              "pending": false,
              "context": null,
              "code": "recommendations('Gas');",
              "err": {
                "message": "AssertionError: 2 accessibility violations were detected: expected 2 to equal 0",
                "estack": "AssertionError: 2 accessibility violations were detected: expected 2 to equal 0\n    at Context.eval (https://amerenuat.bidgely.com/__cypress/tests?p=cypress/support/e2e.js:6274:20)",
                "diff": null
              },
              "uuid": "6259b30d-66e9-4b51-880e-fe787b655b8c",
              "parentUUID": "0736b9b5-109d-46ca-bf7f-a9f622d00293",
              "isHook": false,
              "skipped": false
            },
            {
              "title": "Check FAQs - Gas",
              "fullTitle": "Accessibility Testing - AMIAMR Dual fuel Check FAQs - Gas",
              "timedOut": null,
              "duration": 4755,
              "state": "failed",
              "speed": null,
              "pass": false,
              "fail": true,
              "pending": false,
              "context": null,
              "code": "faq('Gas');",
              "err": {
                "message": "AssertionError: 2 accessibility violations were detected: expected 2 to equal 0",
                "estack": "AssertionError: 2 accessibility violations were detected: expected 2 to equal 0\n    at Context.eval (https://amerenuat.bidgely.com/__cypress/tests?p=cypress/support/e2e.js:6274:20)",
                "diff": null
              },
              "uuid": "909d45ce-8ad1-4f6a-9f5e-b95e717bae85",
              "parentUUID": "0736b9b5-109d-46ca-bf7f-a9f622d00293",
              "isHook": false,
              "skipped": false
            },
            {
              "title": "Check Survey - Gas",
              "fullTitle": "Accessibility Testing - AMIAMR Dual fuel Check Survey - Gas",
              "timedOut": null,
              "duration": 4854,
              "state": "failed",
              "speed": null,
              "pass": false,
              "fail": true,
              "pending": false,
              "context": null,
              "code": "survey('Gas');",
              "err": {
                "message": "AssertionError: 3 accessibility violations were detected: expected 3 to equal 0",
                "estack": "AssertionError: 3 accessibility violations were detected: expected 3 to equal 0\n    at Context.eval (https://amerenuat.bidgely.com/__cypress/tests?p=cypress/support/e2e.js:6274:20)",
                "diff": null
              },
              "uuid": "5dd21c06-70c0-48e2-99f1-b3fa5559392b",
              "parentUUID": "0736b9b5-109d-46ca-bf7f-a9f622d00293",
              "isHook": false,
              "skipped": false
            }
          ],
          "suites": [],
          "passes": [],
          "failures": [
            "f8b145e4-373c-4a03-aa63-ac8e8cd48450",
            "23891612-d497-4232-9e23-dbfef202c3ba",
            "0757f60a-310c-452e-b71c-cef7d301ef43",
            "85845948-a1c3-4dbe-b569-66cac501f8cb",
            "e1cf3919-718d-4fff-96e7-97231f369384",
            "968ad9c8-2268-4382-b27a-d621fca0a1cc",
            "aea7bbc5-5cac-4fa5-a3f7-1300ccbf4083",
            "6259b30d-66e9-4b51-880e-fe787b655b8c",
            "909d45ce-8ad1-4f6a-9f5e-b95e717bae85",
            "5dd21c06-70c0-48e2-99f1-b3fa5559392b"
          ],
          "pending": [],
          "skipped": [],
          "duration": 76903,
          "root": false,
          "rootEmpty": false,
          "_timeout": 2000
        }
      ],
      "passes": [],
      "failures": [],
      "pending": [],
      "skipped": [],
      "duration": 0,
      "root": true,
      "rootEmpty": true,
      "_timeout": 2000
    }
  ],
  "meta": {
    "mocha": {
      "version": "7.0.1"
    },
    "mochawesome": {
      "options": {
        "quiet": false,
        "reportFilename": "mochawesome",
        "saveHtml": false,
        "saveJson": true,
        "consoleReporter": "spec",
        "useInlineDiffs": false,
        "code": true
      },
      "version": "7.1.3"
    },
    "marge": {
      "options": {
        "id": "default",
        "reportDir": "cypress/reports/mocha",
        "quite": true,
        "overwrite": false,
        "html": false,
        "json": true
      },
      "version": "6.2.0"
    }
  }
}