{
  "stats": {
    "suites": 1,
    "tests": 10,
    "passes": 0,
    "pending": 0,
    "failures": 10,
    "start": "2022-08-23T06:24:26.435Z",
    "end": "2022-08-23T06:25:50.553Z",
    "duration": 84118,
    "testsRegistered": 10,
    "passPercent": 0,
    "pendingPercent": 0,
    "other": 0,
    "hasOther": false,
    "skipped": 0,
    "hasSkipped": false
  },
  "results": [
    {
      "uuid": "6f8accb3-6cc5-4e3d-9aef-795ebd320b42",
      "title": "",
      "fullFile": "cypress/e2e/Ameren/ADA/ADAAMREG.cy.js",
      "file": "cypress/e2e/Ameren/ADA/ADAAMREG.cy.js",
      "beforeHooks": [],
      "afterHooks": [],
      "tests": [],
      "suites": [
        {
          "uuid": "59d27c65-ce9b-4365-8854-2adbd043d5a5",
          "title": "Accessibility Testing - AMR Dual fuel",
          "fullFile": "",
          "file": "",
          "beforeHooks": [],
          "afterHooks": [],
          "tests": [
            {
              "title": "Check homepage - Electric",
              "fullTitle": "Accessibility Testing - AMR Dual fuel Check homepage - Electric",
              "timedOut": null,
              "duration": 17101,
              "state": "failed",
              "speed": null,
              "pass": false,
              "fail": true,
              "pending": false,
              "context": null,
              "code": "homepage('Electric');",
              "err": {
                "message": "AssertionError: 5 accessibility violations were detected: expected 5 to equal 0",
                "estack": "AssertionError: 5 accessibility violations were detected: expected 5 to equal 0\n    at Context.eval (https://amerenuat.bidgely.com/__cypress/tests?p=cypress/support/e2e.js:6274:20)",
                "diff": null
              },
              "uuid": "8d931d96-f695-4e99-82cc-c88cb7f274d2",
              "parentUUID": "59d27c65-ce9b-4365-8854-2adbd043d5a5",
              "isHook": false,
              "skipped": false
            },
            {
              "title": "Check Energy Insights - Electric",
              "fullTitle": "Accessibility Testing - AMR Dual fuel Check Energy Insights - Electric",
              "timedOut": null,
              "duration": 7664,
              "state": "failed",
              "speed": null,
              "pass": false,
              "fail": true,
              "pending": false,
              "context": null,
              "code": "energyInsights('Electric');",
              "err": {
                "message": "AssertionError: 2 accessibility violations were detected: expected 2 to equal 0",
                "estack": "AssertionError: 2 accessibility violations were detected: expected 2 to equal 0\n    at Context.eval (https://amerenuat.bidgely.com/__cypress/tests?p=cypress/support/e2e.js:6274:20)",
                "diff": null
              },
              "uuid": "93f1e200-e5fe-42d8-8e34-a89910b7ec79",
              "parentUUID": "59d27c65-ce9b-4365-8854-2adbd043d5a5",
              "isHook": false,
              "skipped": false
            },
            {
              "title": "Check My Recommedations - Electric",
              "fullTitle": "Accessibility Testing - AMR Dual fuel Check My Recommedations - Electric",
              "timedOut": null,
              "duration": 6326,
              "state": "failed",
              "speed": null,
              "pass": false,
              "fail": true,
              "pending": false,
              "context": null,
              "code": "recommendations('Electric');",
              "err": {
                "message": "AssertionError: 2 accessibility violations were detected: expected 2 to equal 0",
                "estack": "AssertionError: 2 accessibility violations were detected: expected 2 to equal 0\n    at Context.eval (https://amerenuat.bidgely.com/__cypress/tests?p=cypress/support/e2e.js:6274:20)",
                "diff": null
              },
              "uuid": "72903d4f-ed9c-420c-bfa7-bde750eac1de",
              "parentUUID": "59d27c65-ce9b-4365-8854-2adbd043d5a5",
              "isHook": false,
              "skipped": false
            },
            {
              "title": "Check FAQs - Electric",
              "fullTitle": "Accessibility Testing - AMR Dual fuel Check FAQs - Electric",
              "timedOut": null,
              "duration": 5075,
              "state": "failed",
              "speed": null,
              "pass": false,
              "fail": true,
              "pending": false,
              "context": null,
              "code": "faq('Electric');",
              "err": {
                "message": "AssertionError: 3 accessibility violations were detected: expected 3 to equal 0",
                "estack": "AssertionError: 3 accessibility violations were detected: expected 3 to equal 0\n    at Context.eval (https://amerenuat.bidgely.com/__cypress/tests?p=cypress/support/e2e.js:6274:20)",
                "diff": null
              },
              "uuid": "ef9347f7-1883-4796-8f1b-b246a3382c54",
              "parentUUID": "59d27c65-ce9b-4365-8854-2adbd043d5a5",
              "isHook": false,
              "skipped": false
            },
            {
              "title": "Check Survey - Electric",
              "fullTitle": "Accessibility Testing - AMR Dual fuel Check Survey - Electric",
              "timedOut": null,
              "duration": 4552,
              "state": "failed",
              "speed": null,
              "pass": false,
              "fail": true,
              "pending": false,
              "context": null,
              "code": "survey('Electric');",
              "err": {
                "message": "AssertionError: 3 accessibility violations were detected: expected 3 to equal 0",
                "estack": "AssertionError: 3 accessibility violations were detected: expected 3 to equal 0\n    at Context.eval (https://amerenuat.bidgely.com/__cypress/tests?p=cypress/support/e2e.js:6274:20)",
                "diff": null
              },
              "uuid": "46c30c45-4a19-489b-b343-d09d12fd438c",
              "parentUUID": "59d27c65-ce9b-4365-8854-2adbd043d5a5",
              "isHook": false,
              "skipped": false
            },
            {
              "title": "Check homepage - Gas",
              "fullTitle": "Accessibility Testing - AMR Dual fuel Check homepage - Gas",
              "timedOut": null,
              "duration": 15010,
              "state": "failed",
              "speed": null,
              "pass": false,
              "fail": true,
              "pending": false,
              "context": null,
              "code": "cy.visit(pilotData.url + \"dashboard?user-hash=\" + hash);\nobjGenericPage.selectFuelType('Gas');\ncy.injectAxe();\nhomepage('Gas');",
              "err": {
                "message": "AssertionError: 5 accessibility violations were detected: expected 5 to equal 0",
                "estack": "AssertionError: 5 accessibility violations were detected: expected 5 to equal 0\n    at Context.eval (https://amerenuat.bidgely.com/__cypress/tests?p=cypress/support/e2e.js:6274:20)",
                "diff": null
              },
              "uuid": "7b9d79a4-514a-4881-a253-1b1b6522ce09",
              "parentUUID": "59d27c65-ce9b-4365-8854-2adbd043d5a5",
              "isHook": false,
              "skipped": false
            },
            {
              "title": "Check Energy Insights - Gas",
              "fullTitle": "Accessibility Testing - AMR Dual fuel Check Energy Insights - Gas",
              "timedOut": null,
              "duration": 6151,
              "state": "failed",
              "speed": null,
              "pass": false,
              "fail": true,
              "pending": false,
              "context": null,
              "code": "energyInsights('Gas');",
              "err": {
                "message": "AssertionError: 2 accessibility violations were detected: expected 2 to equal 0",
                "estack": "AssertionError: 2 accessibility violations were detected: expected 2 to equal 0\n    at Context.eval (https://amerenuat.bidgely.com/__cypress/tests?p=cypress/support/e2e.js:6274:20)",
                "diff": null
              },
              "uuid": "94f5f8ef-da67-4b37-a09b-f3b1d0ba5cc2",
              "parentUUID": "59d27c65-ce9b-4365-8854-2adbd043d5a5",
              "isHook": false,
              "skipped": false
            },
            {
              "title": "Check My Recommedations - Gas",
              "fullTitle": "Accessibility Testing - AMR Dual fuel Check My Recommedations - Gas",
              "timedOut": null,
              "duration": 5620,
              "state": "failed",
              "speed": null,
              "pass": false,
              "fail": true,
              "pending": false,
              "context": null,
              "code": "recommendations('Gas');",
              "err": {
                "message": "AssertionError: 2 accessibility violations were detected: expected 2 to equal 0",
                "estack": "AssertionError: 2 accessibility violations were detected: expected 2 to equal 0\n    at Context.eval (https://amerenuat.bidgely.com/__cypress/tests?p=cypress/support/e2e.js:6274:20)",
                "diff": null
              },
              "uuid": "3bb42d2d-4068-4905-8bc0-067df3c60840",
              "parentUUID": "59d27c65-ce9b-4365-8854-2adbd043d5a5",
              "isHook": false,
              "skipped": false
            },
            {
              "title": "Check FAQs - Gas",
              "fullTitle": "Accessibility Testing - AMR Dual fuel Check FAQs - Gas",
              "timedOut": null,
              "duration": 4916,
              "state": "failed",
              "speed": null,
              "pass": false,
              "fail": true,
              "pending": false,
              "context": null,
              "code": "faq('Gas');",
              "err": {
                "message": "AssertionError: 2 accessibility violations were detected: expected 2 to equal 0",
                "estack": "AssertionError: 2 accessibility violations were detected: expected 2 to equal 0\n    at Context.eval (https://amerenuat.bidgely.com/__cypress/tests?p=cypress/support/e2e.js:6274:20)",
                "diff": null
              },
              "uuid": "42261679-bbed-435d-a69f-f37fd1c9b572",
              "parentUUID": "59d27c65-ce9b-4365-8854-2adbd043d5a5",
              "isHook": false,
              "skipped": false
            },
            {
              "title": "Check Survey - Gas",
              "fullTitle": "Accessibility Testing - AMR Dual fuel Check Survey - Gas",
              "timedOut": null,
              "duration": 4753,
              "state": "failed",
              "speed": null,
              "pass": false,
              "fail": true,
              "pending": false,
              "context": null,
              "code": "survey('Gas');",
              "err": {
                "message": "AssertionError: 3 accessibility violations were detected: expected 3 to equal 0",
                "estack": "AssertionError: 3 accessibility violations were detected: expected 3 to equal 0\n    at Context.eval (https://amerenuat.bidgely.com/__cypress/tests?p=cypress/support/e2e.js:6274:20)",
                "diff": null
              },
              "uuid": "b88c7570-ab4c-4aed-9a80-cd305869ad3b",
              "parentUUID": "59d27c65-ce9b-4365-8854-2adbd043d5a5",
              "isHook": false,
              "skipped": false
            }
          ],
          "suites": [],
          "passes": [],
          "failures": [
            "8d931d96-f695-4e99-82cc-c88cb7f274d2",
            "93f1e200-e5fe-42d8-8e34-a89910b7ec79",
            "72903d4f-ed9c-420c-bfa7-bde750eac1de",
            "ef9347f7-1883-4796-8f1b-b246a3382c54",
            "46c30c45-4a19-489b-b343-d09d12fd438c",
            "7b9d79a4-514a-4881-a253-1b1b6522ce09",
            "94f5f8ef-da67-4b37-a09b-f3b1d0ba5cc2",
            "3bb42d2d-4068-4905-8bc0-067df3c60840",
            "42261679-bbed-435d-a69f-f37fd1c9b572",
            "b88c7570-ab4c-4aed-9a80-cd305869ad3b"
          ],
          "pending": [],
          "skipped": [],
          "duration": 77168,
          "root": false,
          "rootEmpty": false,
          "_timeout": 2000
        }
      ],
      "passes": [],
      "failures": [],
      "pending": [],
      "skipped": [],
      "duration": 0,
      "root": true,
      "rootEmpty": true,
      "_timeout": 2000
    }
  ],
  "meta": {
    "mocha": {
      "version": "7.0.1"
    },
    "mochawesome": {
      "options": {
        "quiet": false,
        "reportFilename": "mochawesome",
        "saveHtml": false,
        "saveJson": true,
        "consoleReporter": "spec",
        "useInlineDiffs": false,
        "code": true
      },
      "version": "7.1.3"
    },
    "marge": {
      "options": {
        "id": "default",
        "reportDir": "cypress/reports/mocha",
        "quite": true,
        "overwrite": false,
        "html": false,
        "json": true
      },
      "version": "6.2.0"
    }
  }
}