{
  "stats": {
    "suites": 1,
    "tests": 5,
    "passes": 0,
    "pending": 0,
    "failures": 5,
    "start": "2022-08-23T06:27:17.870Z",
    "end": "2022-08-23T06:27:59.165Z",
    "duration": 41295,
    "testsRegistered": 5,
    "passPercent": 0,
    "pendingPercent": 0,
    "other": 0,
    "hasOther": false,
    "skipped": 0,
    "hasSkipped": false
  },
  "results": [
    {
      "uuid": "61f22f3b-da04-4022-8adc-e6a7f79a2825",
      "title": "",
      "fullFile": "cypress/e2e/Ameren/ADA/ADAAMRSolar.cy.js",
      "file": "cypress/e2e/Ameren/ADA/ADAAMRSolar.cy.js",
      "beforeHooks": [],
      "afterHooks": [],
      "tests": [],
      "suites": [
        {
          "uuid": "86bc7c1d-100b-4ce6-bbd8-1e3b8d44232b",
          "title": "Accessibility Testing - AMR Solar",
          "fullFile": "",
          "file": "",
          "beforeHooks": [],
          "afterHooks": [],
          "tests": [
            {
              "title": "Check homepage",
              "fullTitle": "Accessibility Testing - AMR Solar Check homepage",
              "timedOut": null,
              "duration": 14550,
              "state": "failed",
              "speed": null,
              "pass": false,
              "fail": true,
              "pending": false,
              "context": null,
              "code": "objGenericPage.checkHeader();\nobjHomepage.homePageLoaded();\nobjGenericPage.loadingScreenIndicator();\ncy.wait(3000); // first a11y test\ncy.customCheckAlly();",
              "err": {
                "message": "AssertionError: 4 accessibility violations were detected: expected 4 to equal 0",
                "estack": "AssertionError: 4 accessibility violations were detected: expected 4 to equal 0\n    at Context.eval (https://amerenuat.bidgely.com/__cypress/tests?p=cypress/support/e2e.js:6274:20)",
                "diff": null
              },
              "uuid": "cb202f6e-b0ce-4fa7-8f7e-f9b3eef42047",
              "parentUUID": "86bc7c1d-100b-4ce6-bbd8-1e3b8d44232b",
              "isHook": false,
              "skipped": false
            },
            {
              "title": "Check Energy Insights",
              "fullTitle": "Accessibility Testing - AMR Solar Check Energy Insights",
              "timedOut": null,
              "duration": 5592,
              "state": "failed",
              "speed": null,
              "pass": false,
              "fail": true,
              "pending": false,
              "context": null,
              "code": "objGenericPage.clickNavBarTabs('ENERGY_INSIGHTS');\nobjInsightsPage.insightsPageLoaded();\ncy.wait(500);\nobjGenericPage.loadingScreenIndicator();\ncy.wait(2000);\ncy.customCheckAllyExclude([objGenericPage.headerNav]);\nobjInsightsPage.clickInsightSubTabs('Month');\ncy.wait(500);\nobjGenericPage.loadingScreenIndicator();\ncy.wait(2000);\ncy.customCheckAllyExclude([objGenericPage.headerNav]);\nobjInsightsPage.clickInsightSubTabs('Filter');\ncy.wait(500);\nobjGenericPage.loadingScreenIndicator();\ncy.wait(2000);\ncy.customCheckAllyExclude([objGenericPage.headerNav]);",
              "err": {
                "message": "AssertionError: 1 accessibility violation was detected: expected 1 to equal 0",
                "estack": "AssertionError: 1 accessibility violation was detected: expected 1 to equal 0\n    at Context.eval (https://amerenuat.bidgely.com/__cypress/tests?p=cypress/support/e2e.js:6274:20)",
                "diff": null
              },
              "uuid": "3437afad-3f0a-434c-a7ef-75c94c0b404c",
              "parentUUID": "86bc7c1d-100b-4ce6-bbd8-1e3b8d44232b",
              "isHook": false,
              "skipped": false
            },
            {
              "title": "Check My Recommedations",
              "fullTitle": "Accessibility Testing - AMR Solar Check My Recommedations",
              "timedOut": null,
              "duration": 5915,
              "state": "failed",
              "speed": null,
              "pass": false,
              "fail": true,
              "pending": false,
              "context": null,
              "code": "objGenericPage.clickNavBarTabs('MY_RECOMMENDATIONS');\nobjRecoPage.recommedationsPageLoaded();\ncy.wait(500);\nobjGenericPage.loadingScreenIndicator();\ncy.wait(2000);\ncy.customCheckAllyExclude([objGenericPage.headerNav]);",
              "err": {
                "message": "AssertionError: 2 accessibility violations were detected: expected 2 to equal 0",
                "estack": "AssertionError: 2 accessibility violations were detected: expected 2 to equal 0\n    at Context.eval (https://amerenuat.bidgely.com/__cypress/tests?p=cypress/support/e2e.js:6274:20)",
                "diff": null
              },
              "uuid": "977d73d6-7ea5-4d87-b5d5-5fae24b917d1",
              "parentUUID": "86bc7c1d-100b-4ce6-bbd8-1e3b8d44232b",
              "isHook": false,
              "skipped": false
            },
            {
              "title": "Check FAQs",
              "fullTitle": "Accessibility Testing - AMR Solar Check FAQs",
              "timedOut": null,
              "duration": 4568,
              "state": "failed",
              "speed": null,
              "pass": false,
              "fail": true,
              "pending": false,
              "context": null,
              "code": "objGenericPage.clickNavBarTabs('FAQS');\nobjFaq.faqPageLoaded();\ncy.wait(500);\nobjGenericPage.loadingScreenIndicator();\ncy.wait(2000);\ncy.customCheckAllyExclude([objGenericPage.headerNav]);",
              "err": {
                "message": "AssertionError: 2 accessibility violations were detected: expected 2 to equal 0",
                "estack": "AssertionError: 2 accessibility violations were detected: expected 2 to equal 0\n    at Context.eval (https://amerenuat.bidgely.com/__cypress/tests?p=cypress/support/e2e.js:6274:20)",
                "diff": null
              },
              "uuid": "96a3eba1-18e0-4c20-be08-7f76d1eeaece",
              "parentUUID": "86bc7c1d-100b-4ce6-bbd8-1e3b8d44232b",
              "isHook": false,
              "skipped": false
            },
            {
              "title": "Check Survey",
              "fullTitle": "Accessibility Testing - AMR Solar Check Survey",
              "timedOut": null,
              "duration": 4472,
              "state": "failed",
              "speed": null,
              "pass": false,
              "fail": true,
              "pending": false,
              "context": null,
              "code": "objGenericPage.clickNavBarTabs('SURVEY');\nobjSurvey.surveyPageLoaded();\ncy.wait(500);\nobjGenericPage.loadingScreenIndicator();\ncy.wait(2000);\ncy.customCheckAllyExclude([objGenericPage.headerNav]);",
              "err": {
                "message": "AssertionError: 3 accessibility violations were detected: expected 3 to equal 0",
                "estack": "AssertionError: 3 accessibility violations were detected: expected 3 to equal 0\n    at Context.eval (https://amerenuat.bidgely.com/__cypress/tests?p=cypress/support/e2e.js:6274:20)",
                "diff": null
              },
              "uuid": "ab702cfe-a845-4105-a9bb-0a4220352e10",
              "parentUUID": "86bc7c1d-100b-4ce6-bbd8-1e3b8d44232b",
              "isHook": false,
              "skipped": false
            }
          ],
          "suites": [],
          "passes": [],
          "failures": [
            "cb202f6e-b0ce-4fa7-8f7e-f9b3eef42047",
            "3437afad-3f0a-434c-a7ef-75c94c0b404c",
            "977d73d6-7ea5-4d87-b5d5-5fae24b917d1",
            "96a3eba1-18e0-4c20-be08-7f76d1eeaece",
            "ab702cfe-a845-4105-a9bb-0a4220352e10"
          ],
          "pending": [],
          "skipped": [],
          "duration": 35097,
          "root": false,
          "rootEmpty": false,
          "_timeout": 2000
        }
      ],
      "passes": [],
      "failures": [],
      "pending": [],
      "skipped": [],
      "duration": 0,
      "root": true,
      "rootEmpty": true,
      "_timeout": 2000
    }
  ],
  "meta": {
    "mocha": {
      "version": "7.0.1"
    },
    "mochawesome": {
      "options": {
        "quiet": false,
        "reportFilename": "mochawesome",
        "saveHtml": false,
        "saveJson": true,
        "consoleReporter": "spec",
        "useInlineDiffs": false,
        "code": true
      },
      "version": "7.1.3"
    },
    "marge": {
      "options": {
        "id": "default",
        "reportDir": "cypress/reports/mocha",
        "quite": true,
        "overwrite": false,
        "html": false,
        "json": true
      },
      "version": "6.2.0"
    }
  }
}