{
  "stats": {
    "suites": 1,
    "tests": 13,
    "passes": 13,
    "pending": 0,
    "failures": 0,
    "start": "2022-08-12T11:39:54.167Z",
    "end": "2022-08-12T11:43:49.286Z",
    "duration": 235119,
    "testsRegistered": 13,
    "passPercent": 100,
    "pendingPercent": 0,
    "other": 0,
    "hasOther": false,
    "skipped": 0,
    "hasSkipped": false
  },
  "results": [
    {
      "uuid": "628331c4-0bfa-4ee9-8804-7f691ee03b26",
      "title": "",
      "fullFile": "cypress/e2e/Ameren/GbDownload/GbDownloadNegativeTests.cy.js",
      "file": "cypress/e2e/Ameren/GbDownload/GbDownloadNegativeTests.cy.js",
      "beforeHooks": [],
      "afterHooks": [],
      "tests": [],
      "suites": [
        {
          "uuid": "11a47e5b-33e4-4960-aadb-3830a8acb44f",
          "title": "GB download - Negative Tests",
          "fullFile": "",
          "file": "",
          "beforeHooks": [],
          "afterHooks": [],
          "tests": [
            {
              "title": "Navigate to Download my data & Export data - 1 BC missing",
              "fullTitle": "GB download - Negative Tests Navigate to Download my data & Export data - 1 BC missing",
              "timedOut": null,
              "duration": 16487,
              "state": "passed",
              "speed": "slow",
              "pass": true,
              "fail": false,
              "pending": false,
              "context": null,
              "code": "generateUrl(uuid1BC);",
              "err": {},
              "uuid": "93d1023d-0384-475d-8eae-4b793eb74d17",
              "parentUUID": "11a47e5b-33e4-4960-aadb-3830a8acb44f",
              "isHook": false,
              "skipped": false
            },
            {
              "title": "Navigate to Download my data & Export data - No Raw",
              "fullTitle": "GB download - Negative Tests Navigate to Download my data & Export data - No Raw",
              "timedOut": null,
              "duration": 22114,
              "state": "passed",
              "speed": "slow",
              "pass": true,
              "fail": false,
              "pending": false,
              "context": null,
              "code": "generateUrl(uuidNoRaw);",
              "err": {},
              "uuid": "c46d7501-5440-42cc-af87-6d9c783217ca",
              "parentUUID": "11a47e5b-33e4-4960-aadb-3830a8acb44f",
              "isHook": false,
              "skipped": false
            },
            {
              "title": "Navigate to Download my data & Export data - One Raw",
              "fullTitle": "GB download - Negative Tests Navigate to Download my data & Export data - One Raw",
              "timedOut": null,
              "duration": 16819,
              "state": "passed",
              "speed": "slow",
              "pass": true,
              "fail": false,
              "pending": false,
              "context": null,
              "code": "generateUrl(uuid1Raw);",
              "err": {},
              "uuid": "07a1b051-b9f2-4aaf-817a-de3f6ae7bf66",
              "parentUUID": "11a47e5b-33e4-4960-aadb-3830a8acb44f",
              "isHook": false,
              "skipped": false
            },
            {
              "title": "Navigate to Download my data & Export data - Zero cost Raw data",
              "fullTitle": "GB download - Negative Tests Navigate to Download my data & Export data - Zero cost Raw data",
              "timedOut": null,
              "duration": 15402,
              "state": "passed",
              "speed": "slow",
              "pass": true,
              "fail": false,
              "pending": false,
              "context": null,
              "code": "generateUrl(uuidZeroCost);",
              "err": {},
              "uuid": "c21dd764-cd77-46a2-9eb2-ad3b0a3e3ce5",
              "parentUUID": "11a47e5b-33e4-4960-aadb-3830a8acb44f",
              "isHook": false,
              "skipped": false
            },
            {
              "title": "Navigate to Download my data & Export data - Negative consumption",
              "fullTitle": "GB download - Negative Tests Navigate to Download my data & Export data - Negative consumption",
              "timedOut": null,
              "duration": 15483,
              "state": "passed",
              "speed": "slow",
              "pass": true,
              "fail": false,
              "pending": false,
              "context": null,
              "code": "generateUrl(uuidNegativeValuesRAW);",
              "err": {},
              "uuid": "3c606dd3-3be3-4a04-9270-022137019eb1",
              "parentUUID": "11a47e5b-33e4-4960-aadb-3830a8acb44f",
              "isHook": false,
              "skipped": false
            },
            {
              "title": "Navigate to Download my data & Export data - Negative billing",
              "fullTitle": "GB download - Negative Tests Navigate to Download my data & Export data - Negative billing",
              "timedOut": null,
              "duration": 18196,
              "state": "passed",
              "speed": "slow",
              "pass": true,
              "fail": false,
              "pending": false,
              "context": null,
              "code": "generateUrl(uuidNegativeValuesInvoice);",
              "err": {},
              "uuid": "f7cb8779-5b82-4f3b-a52c-b3743d16a0f3",
              "parentUUID": "11a47e5b-33e4-4960-aadb-3830a8acb44f",
              "isHook": false,
              "skipped": false
            },
            {
              "title": "Navigate to Download my data & Export data - Zero Consumption RAW",
              "fullTitle": "GB download - Negative Tests Navigate to Download my data & Export data - Zero Consumption RAW",
              "timedOut": null,
              "duration": 15424,
              "state": "passed",
              "speed": "slow",
              "pass": true,
              "fail": false,
              "pending": false,
              "context": null,
              "code": "generateUrl(uuidZeroConsumption);",
              "err": {},
              "uuid": "88f86910-ab86-4e62-aef1-61832b773a72",
              "parentUUID": "11a47e5b-33e4-4960-aadb-3830a8acb44f",
              "isHook": false,
              "skipped": false
            },
            {
              "title": "Navigate to Download my data & Export data - Overlapping BillCycle One",
              "fullTitle": "GB download - Negative Tests Navigate to Download my data & Export data - Overlapping BillCycle One",
              "timedOut": null,
              "duration": 13264,
              "state": "passed",
              "speed": "slow",
              "pass": true,
              "fail": false,
              "pending": false,
              "context": null,
              "code": "generateUrl(uuidOverlappingBcOne);",
              "err": {},
              "uuid": "20909589-7a35-4eb7-9073-ce28fec17a53",
              "parentUUID": "11a47e5b-33e4-4960-aadb-3830a8acb44f",
              "isHook": false,
              "skipped": false
            },
            {
              "title": "Navigate to Download my data & Export data - Overlapping BillCycle Two",
              "fullTitle": "GB download - Negative Tests Navigate to Download my data & Export data - Overlapping BillCycle Two",
              "timedOut": null,
              "duration": 21006,
              "state": "passed",
              "speed": "slow",
              "pass": true,
              "fail": false,
              "pending": false,
              "context": null,
              "code": "generateUrl(uuidOverlappingBcTwo);",
              "err": {},
              "uuid": "91897349-a900-40fa-9fd0-47ce1a34af41",
              "parentUUID": "11a47e5b-33e4-4960-aadb-3830a8acb44f",
              "isHook": false,
              "skipped": false
            },
            {
              "title": "Navigate to Download my data & Export data - Shorter BillCycle",
              "fullTitle": "GB download - Negative Tests Navigate to Download my data & Export data - Shorter BillCycle",
              "timedOut": null,
              "duration": 21841,
              "state": "passed",
              "speed": "slow",
              "pass": true,
              "fail": false,
              "pending": false,
              "context": null,
              "code": "generateUrl(uuidShorterBc);",
              "err": {},
              "uuid": "ccfb5672-f944-403a-96b1-5d613f66532e",
              "parentUUID": "11a47e5b-33e4-4960-aadb-3830a8acb44f",
              "isHook": false,
              "skipped": false
            },
            {
              "title": "Navigate to Download my data & Export data - AMR E",
              "fullTitle": "GB download - Negative Tests Navigate to Download my data & Export data - AMR E",
              "timedOut": null,
              "duration": 15717,
              "state": "passed",
              "speed": "slow",
              "pass": true,
              "fail": false,
              "pending": false,
              "context": null,
              "code": "generateUrl(uuidAmrE);",
              "err": {},
              "uuid": "53251361-dfd0-4a2c-8177-c28127565928",
              "parentUUID": "11a47e5b-33e4-4960-aadb-3830a8acb44f",
              "isHook": false,
              "skipped": false
            },
            {
              "title": "Navigate to Download my data & Export data - AMI E",
              "fullTitle": "GB download - Negative Tests Navigate to Download my data & Export data - AMI E",
              "timedOut": null,
              "duration": 18375,
              "state": "passed",
              "speed": "slow",
              "pass": true,
              "fail": false,
              "pending": false,
              "context": null,
              "code": "generateUrl(uuidAmiE);",
              "err": {},
              "uuid": "6ee172bf-7c07-415d-9f03-245ebd3ad858",
              "parentUUID": "11a47e5b-33e4-4960-aadb-3830a8acb44f",
              "isHook": false,
              "skipped": false
            },
            {
              "title": "Navigate to Download my data & Export data - AMR-AMI Historical data",
              "fullTitle": "GB download - Negative Tests Navigate to Download my data & Export data - AMR-AMI Historical data",
              "timedOut": null,
              "duration": 16971,
              "state": "passed",
              "speed": "slow",
              "pass": true,
              "fail": false,
              "pending": false,
              "context": null,
              "code": "generateUrl(uuidAmrAmiHistData);",
              "err": {},
              "uuid": "990ae696-7c3b-412d-8b4d-ff016e5b4b01",
              "parentUUID": "11a47e5b-33e4-4960-aadb-3830a8acb44f",
              "isHook": false,
              "skipped": false
            }
          ],
          "suites": [],
          "passes": [
            "93d1023d-0384-475d-8eae-4b793eb74d17",
            "c46d7501-5440-42cc-af87-6d9c783217ca",
            "07a1b051-b9f2-4aaf-817a-de3f6ae7bf66",
            "c21dd764-cd77-46a2-9eb2-ad3b0a3e3ce5",
            "3c606dd3-3be3-4a04-9270-022137019eb1",
            "f7cb8779-5b82-4f3b-a52c-b3743d16a0f3",
            "88f86910-ab86-4e62-aef1-61832b773a72",
            "20909589-7a35-4eb7-9073-ce28fec17a53",
            "91897349-a900-40fa-9fd0-47ce1a34af41",
            "ccfb5672-f944-403a-96b1-5d613f66532e",
            "53251361-dfd0-4a2c-8177-c28127565928",
            "6ee172bf-7c07-415d-9f03-245ebd3ad858",
            "990ae696-7c3b-412d-8b4d-ff016e5b4b01"
          ],
          "failures": [],
          "pending": [],
          "skipped": [],
          "duration": 227099,
          "root": false,
          "rootEmpty": false,
          "_timeout": 2000
        }
      ],
      "passes": [],
      "failures": [],
      "pending": [],
      "skipped": [],
      "duration": 0,
      "root": true,
      "rootEmpty": true,
      "_timeout": 2000
    }
  ],
  "meta": {
    "mocha": {
      "version": "7.0.1"
    },
    "mochawesome": {
      "options": {
        "quiet": false,
        "reportFilename": "mochawesome",
        "saveHtml": false,
        "saveJson": true,
        "consoleReporter": "spec",
        "useInlineDiffs": false,
        "code": true
      },
      "version": "7.1.3"
    },
    "marge": {
      "options": {
        "id": "default",
        "reportDir": "cypress/reports/mocha",
        "quite": true,
        "overwrite": false,
        "html": false,
        "json": true
      },
      "version": "6.2.0"
    }
  }
}