{
  "stats": {
    "suites": 1,
    "tests": 5,
    "passes": 0,
    "pending": 0,
    "failures": 5,
    "start": "2022-08-23T06:23:20.428Z",
    "end": "2022-08-23T06:24:06.219Z",
    "duration": 45791,
    "testsRegistered": 5,
    "passPercent": 0,
    "pendingPercent": 0,
    "other": 0,
    "hasOther": false,
    "skipped": 0,
    "hasSkipped": false
  },
  "results": [
    {
      "uuid": "23348139-0789-4f00-a106-e3199c76604a",
      "title": "",
      "fullFile": "cypress/e2e/Ameren/ADA/ADAAMRE.cy.js",
      "file": "cypress/e2e/Ameren/ADA/ADAAMRE.cy.js",
      "beforeHooks": [],
      "afterHooks": [],
      "tests": [],
      "suites": [
        {
          "uuid": "7b693077-7eab-4612-a2b6-5151ecf2a9bd",
          "title": "Accessibility Testing - AMR Electric",
          "fullFile": "",
          "file": "",
          "beforeHooks": [],
          "afterHooks": [],
          "tests": [
            {
              "title": "Check homepage",
              "fullTitle": "Accessibility Testing - AMR Electric Check homepage",
              "timedOut": null,
              "duration": 13814,
              "state": "failed",
              "speed": null,
              "pass": false,
              "fail": true,
              "pending": false,
              "context": null,
              "code": "objGenericPage.checkHeader();\nobjHomepage.homePageLoaded();\nobjGenericPage.loadingScreenIndicator();\ncy.wait(3000); // first a11y test\ncy.customCheckAlly();",
              "err": {
                "message": "AssertionError: 4 accessibility violations were detected: expected 4 to equal 0",
                "estack": "AssertionError: 4 accessibility violations were detected: expected 4 to equal 0\n    at Context.eval (https://amerenuat.bidgely.com/__cypress/tests?p=cypress/support/e2e.js:6274:20)",
                "diff": null
              },
              "uuid": "456d7623-b42a-4b2f-8913-0534e41e169a",
              "parentUUID": "7b693077-7eab-4612-a2b6-5151ecf2a9bd",
              "isHook": false,
              "skipped": false
            },
            {
              "title": "Check Energy Insights",
              "fullTitle": "Accessibility Testing - AMR Electric Check Energy Insights",
              "timedOut": null,
              "duration": 7729,
              "state": "failed",
              "speed": null,
              "pass": false,
              "fail": true,
              "pending": false,
              "context": null,
              "code": "objGenericPage.clickNavBarTabs('ENERGY_INSIGHTS');\nobjInsightsPage.insightsPageLoaded();\ncy.wait(500);\nobjGenericPage.loadingScreenIndicator();\ncy.wait(2000);\ncy.customCheckAllyExclude([objGenericPage.headerNav]);\nobjInsightsPage.clickInsightMainTabs('Appliance');\ncy.wait(500);\nobjGenericPage.loadingScreenIndicator();\ncy.wait(2000);\ncy.customCheckAllyExclude([objGenericPage.headerNav]);\nobjInsightsPage.clickInsightMainTabs('Cost');\ncy.wait(500);\nobjGenericPage.loadingScreenIndicator();\ncy.wait(2000);\ncy.customCheckAllyExclude([objGenericPage.headerNav]);\nobjInsightsPage.clickInsightTabs('Monthly Summary');\ncy.wait(500);\nobjGenericPage.loadingScreenIndicator();\ncy.wait(2000);\ncy.customCheckAllyExclude([objGenericPage.headerNav]);\nobjInsightsPage.clickInsightTabs('Similar Homes');\ncy.wait(500);\nobjGenericPage.loadingScreenIndicator();\ncy.wait(2000);\ncy.customCheckAllyExclude([objGenericPage.headerNav]);\nobjInsightsPage.clickInsightTabs('Bill Analysis');\ncy.wait(500);\nobjGenericPage.loadingScreenIndicator();\ncy.wait(2000);\ncy.customCheckAllyExclude([objGenericPage.headerNav]);",
              "err": {
                "message": "AssertionError: 2 accessibility violations were detected: expected 2 to equal 0",
                "estack": "AssertionError: 2 accessibility violations were detected: expected 2 to equal 0\n    at Context.eval (https://amerenuat.bidgely.com/__cypress/tests?p=cypress/support/e2e.js:6274:20)",
                "diff": null
              },
              "uuid": "4365bd67-49bd-467f-ba5c-3b14ba36d6fd",
              "parentUUID": "7b693077-7eab-4612-a2b6-5151ecf2a9bd",
              "isHook": false,
              "skipped": false
            },
            {
              "title": "Check My Recommedations",
              "fullTitle": "Accessibility Testing - AMR Electric Check My Recommedations",
              "timedOut": null,
              "duration": 6707,
              "state": "failed",
              "speed": null,
              "pass": false,
              "fail": true,
              "pending": false,
              "context": null,
              "code": "objGenericPage.clickNavBarTabs('MY_RECOMMENDATIONS');\nobjRecoPage.recommedationsPageLoaded();\ncy.wait(500);\nobjGenericPage.loadingScreenIndicator();\ncy.wait(2000);\ncy.customCheckAlly();",
              "err": {
                "message": "AssertionError: 5 accessibility violations were detected: expected 5 to equal 0",
                "estack": "AssertionError: 5 accessibility violations were detected: expected 5 to equal 0\n    at Context.eval (https://amerenuat.bidgely.com/__cypress/tests?p=cypress/support/e2e.js:6274:20)",
                "diff": null
              },
              "uuid": "0c03d388-98f9-45ad-b1d8-d5d3face7559",
              "parentUUID": "7b693077-7eab-4612-a2b6-5151ecf2a9bd",
              "isHook": false,
              "skipped": false
            },
            {
              "title": "Check FAQs",
              "fullTitle": "Accessibility Testing - AMR Electric Check FAQs",
              "timedOut": null,
              "duration": 5482,
              "state": "failed",
              "speed": null,
              "pass": false,
              "fail": true,
              "pending": false,
              "context": null,
              "code": "objGenericPage.clickNavBarTabs('FAQS');\nobjFaq.faqPageLoaded();\ncy.wait(500);\nobjGenericPage.loadingScreenIndicator();\ncy.wait(2000);\ncy.customCheckAlly();",
              "err": {
                "message": "AssertionError: 6 accessibility violations were detected: expected 6 to equal 0",
                "estack": "AssertionError: 6 accessibility violations were detected: expected 6 to equal 0\n    at Context.eval (https://amerenuat.bidgely.com/__cypress/tests?p=cypress/support/e2e.js:6274:20)",
                "diff": null
              },
              "uuid": "b6f2cfdf-50fd-4457-afca-830744898791",
              "parentUUID": "7b693077-7eab-4612-a2b6-5151ecf2a9bd",
              "isHook": false,
              "skipped": false
            },
            {
              "title": "Check Survey",
              "fullTitle": "Accessibility Testing - AMR Electric Check Survey",
              "timedOut": null,
              "duration": 4889,
              "state": "failed",
              "speed": null,
              "pass": false,
              "fail": true,
              "pending": false,
              "context": null,
              "code": "objGenericPage.clickNavBarTabs('SURVEY');\nobjSurvey.surveyPageLoaded();\ncy.wait(500);\nobjGenericPage.loadingScreenIndicator();\ncy.wait(2000);\ncy.customCheckAlly();",
              "err": {
                "message": "AssertionError: 6 accessibility violations were detected: expected 6 to equal 0",
                "estack": "AssertionError: 6 accessibility violations were detected: expected 6 to equal 0\n    at Context.eval (https://amerenuat.bidgely.com/__cypress/tests?p=cypress/support/e2e.js:6274:20)",
                "diff": null
              },
              "uuid": "de9db454-5d05-401c-aee7-bf8e1b731978",
              "parentUUID": "7b693077-7eab-4612-a2b6-5151ecf2a9bd",
              "isHook": false,
              "skipped": false
            }
          ],
          "suites": [],
          "passes": [],
          "failures": [
            "456d7623-b42a-4b2f-8913-0534e41e169a",
            "4365bd67-49bd-467f-ba5c-3b14ba36d6fd",
            "0c03d388-98f9-45ad-b1d8-d5d3face7559",
            "b6f2cfdf-50fd-4457-afca-830744898791",
            "de9db454-5d05-401c-aee7-bf8e1b731978"
          ],
          "pending": [],
          "skipped": [],
          "duration": 38621,
          "root": false,
          "rootEmpty": false,
          "_timeout": 2000
        }
      ],
      "passes": [],
      "failures": [],
      "pending": [],
      "skipped": [],
      "duration": 0,
      "root": true,
      "rootEmpty": true,
      "_timeout": 2000
    }
  ],
  "meta": {
    "mocha": {
      "version": "7.0.1"
    },
    "mochawesome": {
      "options": {
        "quiet": false,
        "reportFilename": "mochawesome",
        "saveHtml": false,
        "saveJson": true,
        "consoleReporter": "spec",
        "useInlineDiffs": false,
        "code": true
      },
      "version": "7.1.3"
    },
    "marge": {
      "options": {
        "id": "default",
        "reportDir": "cypress/reports/mocha",
        "quite": true,
        "overwrite": false,
        "html": false,
        "json": true
      },
      "version": "6.2.0"
    }
  }
}