{
  "stats": {
    "suites": 1,
    "tests": 8,
    "passes": 8,
    "pending": 0,
    "failures": 0,
    "start": "2022-08-12T11:30:44.935Z",
    "end": "2022-08-12T11:34:35.155Z",
    "duration": 230220,
    "testsRegistered": 8,
    "passPercent": 100,
    "pendingPercent": 0,
    "other": 0,
    "hasOther": false,
    "skipped": 0,
    "hasSkipped": false
  },
  "results": [
    {
      "uuid": "df481f7e-7019-40e1-9504-493c0767d386",
      "title": "",
      "fullFile": "cypress/e2e/Ameren/GbDownload/GbDownloadDatePicker.cy.js",
      "file": "cypress/e2e/Ameren/GbDownload/GbDownloadDatePicker.cy.js",
      "beforeHooks": [],
      "afterHooks": [],
      "tests": [],
      "suites": [
        {
          "uuid": "416edb61-f7c7-4a54-b75d-d8cd46af046d",
          "title": "GB download - Date picker",
          "fullFile": "",
          "file": "",
          "beforeHooks": [],
          "afterHooks": [],
          "tests": [
            {
              "title": "Navigate to Download my data & Export data - AMR Solar",
              "fullTitle": "GB download - Date picker Navigate to Download my data & Export data - AMR Solar",
              "timedOut": null,
              "duration": 22216,
              "state": "passed",
              "speed": "slow",
              "pass": true,
              "fail": false,
              "pending": false,
              "context": null,
              "code": "generateUrl(uuidAMRSolar);",
              "err": {},
              "uuid": "59b0ba2e-8754-43b3-bda2-a65bd974a60a",
              "parentUUID": "416edb61-f7c7-4a54-b75d-d8cd46af046d",
              "isHook": false,
              "skipped": false
            },
            {
              "title": "Navigate to Download my data & Export data - AMI Solar",
              "fullTitle": "GB download - Date picker Navigate to Download my data & Export data - AMI Solar",
              "timedOut": null,
              "duration": 34950,
              "state": "passed",
              "speed": "slow",
              "pass": true,
              "fail": false,
              "pending": false,
              "context": null,
              "code": "generateUrl(uuidAMISolar);",
              "err": {},
              "uuid": "16cb8915-ea9d-4d97-ad34-9fb97b224b75",
              "parentUUID": "416edb61-f7c7-4a54-b75d-d8cd46af046d",
              "isHook": false,
              "skipped": false
            },
            {
              "title": "Navigate to Download my data & Export data - AMR E to AMR Solar",
              "fullTitle": "GB download - Date picker Navigate to Download my data & Export data - AMR E to AMR Solar",
              "timedOut": null,
              "duration": 23031,
              "state": "passed",
              "speed": "slow",
              "pass": true,
              "fail": false,
              "pending": false,
              "context": null,
              "code": "generateUrl(uuidAMREToAMRS);",
              "err": {},
              "uuid": "0c3a76e1-bae5-49db-899d-c1ce05cdf5e0",
              "parentUUID": "416edb61-f7c7-4a54-b75d-d8cd46af046d",
              "isHook": false,
              "skipped": false
            },
            {
              "title": "Navigate to Download my data & Export data - AMI E to AMI Solar",
              "fullTitle": "GB download - Date picker Navigate to Download my data & Export data - AMI E to AMI Solar",
              "timedOut": null,
              "duration": 28667,
              "state": "passed",
              "speed": "slow",
              "pass": true,
              "fail": false,
              "pending": false,
              "context": null,
              "code": "generateUrl(uuidAMIEToAMIS);",
              "err": {},
              "uuid": "f9397b9d-66d9-4468-b47f-35e53265ba50",
              "parentUUID": "416edb61-f7c7-4a54-b75d-d8cd46af046d",
              "isHook": false,
              "skipped": false
            },
            {
              "title": "Navigate to Download my data & Export data - AMR to AMI Solar",
              "fullTitle": "GB download - Date picker Navigate to Download my data & Export data - AMR to AMI Solar",
              "timedOut": null,
              "duration": 34451,
              "state": "passed",
              "speed": "slow",
              "pass": true,
              "fail": false,
              "pending": false,
              "context": null,
              "code": "generateUrl(uuidAMRToAMISolar);",
              "err": {},
              "uuid": "1f4dc9c0-31a2-4293-8c8e-9ec669a16e8e",
              "parentUUID": "416edb61-f7c7-4a54-b75d-d8cd46af046d",
              "isHook": false,
              "skipped": false
            },
            {
              "title": "Navigate to Download my data & Export data - AMI Solar to AMI NonSolar",
              "fullTitle": "GB download - Date picker Navigate to Download my data & Export data - AMI Solar to AMI NonSolar",
              "timedOut": null,
              "duration": 25615,
              "state": "passed",
              "speed": "slow",
              "pass": true,
              "fail": false,
              "pending": false,
              "context": null,
              "code": "generateUrl(uuidAMISToNS);",
              "err": {},
              "uuid": "f71b6967-7d41-49ba-bec0-cf8b011a6471",
              "parentUUID": "416edb61-f7c7-4a54-b75d-d8cd46af046d",
              "isHook": false,
              "skipped": false
            },
            {
              "title": "Navigate to Download my data & Export data - AMI NonSolar to AMI Solar",
              "fullTitle": "GB download - Date picker Navigate to Download my data & Export data - AMI NonSolar to AMI Solar",
              "timedOut": null,
              "duration": 25840,
              "state": "passed",
              "speed": "slow",
              "pass": true,
              "fail": false,
              "pending": false,
              "context": null,
              "code": "generateUrl(uuidAMINSToS);",
              "err": {},
              "uuid": "dc8254e4-0a35-4ec7-bd47-aec3c8e170eb",
              "parentUUID": "416edb61-f7c7-4a54-b75d-d8cd46af046d",
              "isHook": false,
              "skipped": false
            },
            {
              "title": "Navigate to Download my data & Export data - 365 Days data",
              "fullTitle": "GB download - Date picker Navigate to Download my data & Export data - 365 Days data",
              "timedOut": null,
              "duration": 26189,
              "state": "passed",
              "speed": "slow",
              "pass": true,
              "fail": false,
              "pending": false,
              "context": null,
              "code": "generateUrl(uuidTwelveMonths);\ncy.contains('Export usage for range of bill period').click();\ncy.get(objGbDownload.dropdownEle).click(); // cy.get(objGbDownload.dropdownList).should('have.length', 12)",
              "err": {},
              "uuid": "a6794f0f-af66-48a3-ad44-877831dccf9f",
              "parentUUID": "416edb61-f7c7-4a54-b75d-d8cd46af046d",
              "isHook": false,
              "skipped": false
            }
          ],
          "suites": [],
          "passes": [
            "59b0ba2e-8754-43b3-bda2-a65bd974a60a",
            "16cb8915-ea9d-4d97-ad34-9fb97b224b75",
            "0c3a76e1-bae5-49db-899d-c1ce05cdf5e0",
            "f9397b9d-66d9-4468-b47f-35e53265ba50",
            "1f4dc9c0-31a2-4293-8c8e-9ec669a16e8e",
            "f71b6967-7d41-49ba-bec0-cf8b011a6471",
            "dc8254e4-0a35-4ec7-bd47-aec3c8e170eb",
            "a6794f0f-af66-48a3-ad44-877831dccf9f"
          ],
          "failures": [],
          "pending": [],
          "skipped": [],
          "duration": 220959,
          "root": false,
          "rootEmpty": false,
          "_timeout": 2000
        }
      ],
      "passes": [],
      "failures": [],
      "pending": [],
      "skipped": [],
      "duration": 0,
      "root": true,
      "rootEmpty": true,
      "_timeout": 2000
    }
  ],
  "meta": {
    "mocha": {
      "version": "7.0.1"
    },
    "mochawesome": {
      "options": {
        "quiet": false,
        "reportFilename": "mochawesome",
        "saveHtml": false,
        "saveJson": true,
        "consoleReporter": "spec",
        "useInlineDiffs": false,
        "code": true
      },
      "version": "7.1.3"
    },
    "marge": {
      "options": {
        "id": "default",
        "reportDir": "cypress/reports/mocha",
        "quite": true,
        "overwrite": false,
        "html": false,
        "json": true
      },
      "version": "6.2.0"
    }
  }
}