{
  "stats": {
    "suites": 8,
    "tests": 73,
    "passes": 73,
    "pending": 0,
    "failures": 0,
    "start": "2022-08-12T11:24:59.501Z",
    "end": "2022-08-12T11:43:49.286Z",
    "duration": 927464,
    "testsRegistered": 73,
    "passPercent": 100,
    "pendingPercent": 0,
    "other": 0,
    "hasOther": false,
    "skipped": 0,
    "hasSkipped": false
  },
  "results": [
    {
      "uuid": "cfd403e1-387e-4030-b904-1a23f15924d9",
      "title": "",
      "fullFile": "cypress/e2e/Ameren/GbDownload/GbDownloadAMIE.cy.js",
      "file": "cypress/e2e/Ameren/GbDownload/GbDownloadAMIE.cy.js",
      "beforeHooks": [],
      "afterHooks": [],
      "tests": [],
      "suites": [
        {
          "uuid": "2707d4f7-b878-406e-b031-f2968f79740e",
          "title": "GB download - AMI Electric",
          "fullFile": "",
          "file": "",
          "beforeHooks": [],
          "afterHooks": [],
          "tests": [
            {
              "title": "Invoice data API response",
              "fullTitle": "GB download - AMI Electric Invoice data API response",
              "timedOut": null,
              "duration": 8721,
              "state": "passed",
              "speed": "medium",
              "pass": true,
              "fail": false,
              "pending": false,
              "context": null,
              "code": "cy.log('Hash - ' + userHash);\ncy.visit(pilotData.url + \"dashboard?user-hash=\" + userHash);\ncy.log(bearerToken);\nobjApiResponse.invoiceDataResponse(uuid, strMeasurementType, bearerToken).then(res => {\n  cy.log(res);\n  objLength = Object.keys(res).length;\n  var firstKey = Object.keys(res)[objLength - 1];\n  let objData = res[firstKey];\n  cy.log(objData);\n  var objFirst = Object.keys(res)[0];\n  var firstObjData = res[objFirst];\n  var firstBillingStartTs = firstObjData['billingStartTs'];\n  var firstStartTs = new Date(firstBillingStartTs * 1000);\n  strMinDate = objGenericPage.changDateFormat(firstStartTs.toDateString());\n  billingEndTs = objData['billingEndTs'];\n  billingStartTs = objData['billingStartTs'];\n  cy.log(billingStartTs);\n  cy.log(billingEndTs);\n  var startTs = new Date(billingStartTs * 1000); // The 0 there is the key, which sets the date to the epoch\n  // d.setUTCSeconds(billingEndTs);\n  var endTs = new Date(billingEndTs * 1000);\n  endTs.setDate(endTs.getDate() - 1);\n  cy.log(startTs.toLocaleString());\n  cy.log(endTs.toDateString());\n  strStartDate = objGenericPage.changDateFormat(startTs.toDateString());\n  strEndDate = objGenericPage.changDateFormat(endTs.toDateString());\n  cy.log('Start date - ' + strStartDate);\n  cy.wrap(strStartDate).as('strStartDate');\n  var newStartTs = new Date(billingEndTs * 1000);\n  newStartTs.setDate(newStartTs.getDate() - 30);\n  strNewStartDate = objGenericPage.changDateFormat(newStartTs.toDateString());\n  newEpochStartTs = newStartTs.getTime() / 1000;\n  var newEndTs = new Date(billingEndTs * 1000);\n  newEndTs.setDate(newEndTs.getDate() - 29);\n  strNewEndDate = objGenericPage.changDateFormat(newEndTs.toDateString());\n  newEpochEndTs = newEndTs.getTime() / 1000;\n});",
              "err": {},
              "uuid": "e348aeca-b3da-4394-9519-9157d88875e0",
              "parentUUID": "2707d4f7-b878-406e-b031-f2968f79740e",
              "isHook": false,
              "skipped": false
            },
            {
              "title": "Navigate to Download my data",
              "fullTitle": "GB download - AMI Electric Navigate to Download my data",
              "timedOut": null,
              "duration": 5989,
              "state": "passed",
              "speed": "medium",
              "pass": true,
              "fail": false,
              "pending": false,
              "context": null,
              "code": "objGenericPage.checkHeader();\ncy.wait(1000);\nobjGenericPage.clickDownloadMyData();\ncy.wait(1000);",
              "err": {},
              "uuid": "86bc7361-3f05-4f27-938e-2b1f996dab80",
              "parentUUID": "2707d4f7-b878-406e-b031-f2968f79740e",
              "isHook": false,
              "skipped": false
            },
            {
              "title": "Export data - Bill period",
              "fullTitle": "GB download - AMI Electric Export data - Bill period",
              "timedOut": null,
              "duration": 5363,
              "state": "passed",
              "speed": "medium",
              "pass": true,
              "fail": false,
              "pending": false,
              "context": null,
              "code": "var billPeriodStartDate = objGenericPage.changDateFormatString(strStartDate);\nvar billPeriodEndDate = objGenericPage.changDateFormatString(strEndDate);\nvar strBillPeriodDate = billPeriodStartDate + ' - ' + billPeriodEndDate;\ncy.log(strBillPeriodDate);\nobjGbDownload.verifyPageTitle();\nobjGbDownload.verifySubtitle();\nobjGbDownload.verifyExportBillLabel();\nobjGbDownload.verifyExportDaysLabel();\nobjGbDownload.verifyDataMsg();\nobjGbDownload.selectDropdownElement(strBillPeriodDate, objLength);\ncy.get(objGbDownload.exportBtn).should('have.css', 'background-color').and('eq', 'rgb(27, 108, 181)');\ncy.get(objGbDownload.exportBtn).should('have.css', 'cursor').and('eq', 'pointer');\ncy.get('.download-page-btn').contains('Cancel').should('have.css', 'background-color').and('eq', 'rgba(0, 0, 0, 0)');\ncy.get('.download-page-btn').contains('Cancel').should('have.css', 'cursor').and('eq', 'pointer');\nobjGbDownload.clickExport();\nobjGbDownload.checkSuccessMsg('GreenButton data downloaded successfully.');",
              "err": {},
              "uuid": "2a98507d-235d-468e-8f26-b67e43553c42",
              "parentUUID": "2707d4f7-b878-406e-b031-f2968f79740e",
              "isHook": false,
              "skipped": false
            },
            {
              "title": "Export data - Calendar Days",
              "fullTitle": "GB download - AMI Electric Export data - Calendar Days",
              "timedOut": null,
              "duration": 19087,
              "state": "passed",
              "speed": "slow",
              "pass": true,
              "fail": false,
              "pending": false,
              "context": null,
              "code": "cy.contains('Export usage for range of days').click();\ncy.wait(200);\ncy.get(objGbDownload.calendarIcon).eq(0).should('be.visible');\ncy.get(objGbDownload.calendarIcon).eq(1).should('be.visible');\ncy.get(objGbDownload.calendarIcon).eq(0).click();\ncy.get('[aria-label=\"Go to the previous month\"]').click();\ncy.get('[role=\"presentation\"]').eq(10).click();\ncy.get(objGbDownload.calendarIcon).eq(1).click();\ncy.get('[aria-label=\"Go to the previous month\"]').click();\ncy.get('[role=\"presentation\"]').eq(11).click();\nobjGbDownload.clickExport();\nobjGbDownload.checkSuccessMsg('GreenButton data downloaded successfully.');\ncy.wait(500); //Min and max dates\nobjGbDownload.enterFromDate(strMinDate);\nobjGbDownload.enterToDate(strEndDate);\nobjGbDownload.clickExport();\nobjGbDownload.checkSuccessMsg('Please select a date range that does not exceed one year.'); //Same date\nobjGbDownload.enterFromDate(strStartDate);\nobjGbDownload.enterToDate(strStartDate);\nobjGbDownload.clickExport();\nobjGbDownload.checkSuccessMsg('GreenButton data downloaded successfully.');",
              "err": {},
              "uuid": "c270921d-2b03-4285-8ef3-55f60020849d",
              "parentUUID": "2707d4f7-b878-406e-b031-f2968f79740e",
              "isHook": false,
              "skipped": false
            },
            {
              "title": "Export data - Days",
              "fullTitle": "GB download - AMI Electric Export data - Days",
              "timedOut": null,
              "duration": 6014,
              "state": "passed",
              "speed": "medium",
              "pass": true,
              "fail": false,
              "pending": false,
              "context": null,
              "code": "cy.deleteDownloadsFolder();\ncy.log('Start date - ' + strStartDate);\ncy.contains('Export usage for range of days').click();\nobjGbDownload.enterFromDate('16/09/20');\nobjGbDownload.checkErrorMsg('Invalid Date Format');\nobjGbDownload.enterFromDate('03/02/2003');\nobjGbDownload.checkErrorMsg('Date should not be before minimal date'); // objGbDownload.enterFromDate('08/05/2032')\n// objGbDownload.checkErrorMsg('Date should not be after maximal date')\nobjGbDownload.enterFromDate(strNewStartDate);\nobjGbDownload.enterToDate('56/09/2022');\nobjGbDownload.checkErrorMsg('Invalid Date Format');\nobjGbDownload.enterToDate('08/05/2032');\nobjGbDownload.checkErrorMsg('Date should not be after maximal date'); // objGbDownload.enterToDate('03/02/2003')\n// objGbDownload.checkErrorMsg('Date should not be before minimal date')\nobjGbDownload.enterToDate(strNewEndDate);\nobjGbDownload.clickExport();\nobjGbDownload.checkSuccessMsg('GreenButton data downloaded successfully.');\ncy.wait(500);\ncy.get(objGbDownload.calendarIcon).eq(0).should('be.visible');\ncy.get(objGbDownload.calendarIcon).eq(1).should('be.visible');",
              "err": {},
              "uuid": "d0e24205-ceee-4f98-ad3b-f1cc6f7881ab",
              "parentUUID": "2707d4f7-b878-406e-b031-f2968f79740e",
              "isHook": false,
              "skipped": false
            },
            {
              "title": "Check Disabled fields",
              "fullTitle": "GB download - AMI Electric Check Disabled fields",
              "timedOut": null,
              "duration": 2283,
              "state": "passed",
              "speed": "fast",
              "pass": true,
              "fail": false,
              "pending": false,
              "context": null,
              "code": "cy.contains('Export usage for range of bill period').click();\ncy.wait(500);\ncy.get(objGbDownload.fromDate).should('be.disabled');\ncy.get(objGbDownload.toDate).should('be.disabled');\ncy.get(objGbDownload.calendarIcon).parent().parent().should('be.disabled');\ncy.contains('Export usage for range of days').click();\ncy.wait(500);\ncy.get(objGbDownload.dropdownEle).should('have.attr', 'aria-disabled', 'true');",
              "err": {},
              "uuid": "70033d12-c8a8-4016-928c-056999a075e4",
              "parentUUID": "2707d4f7-b878-406e-b031-f2968f79740e",
              "isHook": false,
              "skipped": false
            },
            {
              "title": "Cancel button",
              "fullTitle": "GB download - AMI Electric Cancel button",
              "timedOut": null,
              "duration": 2367,
              "state": "passed",
              "speed": "fast",
              "pass": true,
              "fail": false,
              "pending": false,
              "context": null,
              "code": "objGbDownload.clickCancelBtn();\ncy.wait(500);\ncy.get('.home-page-main', {\n  timeout: 10000\n}).should('be.visible');",
              "err": {},
              "uuid": "33a38602-2d7a-4db6-9325-9b60b9a71918",
              "parentUUID": "2707d4f7-b878-406e-b031-f2968f79740e",
              "isHook": false,
              "skipped": false
            },
            {
              "title": "Fetch values from RAW data",
              "fullTitle": "GB download - AMI Electric Fetch values from RAW data",
              "timedOut": null,
              "duration": 939,
              "state": "passed",
              "speed": "fast",
              "pass": true,
              "fail": false,
              "pending": false,
              "context": null,
              "code": "objApiResponse.gbJsonResponse(uuid, gatewayId, newEpochStartTs, newEpochEndTs, bearerToken).then(res => {\n  cy.log(res);\n  var firstKey = Object.keys(res)[0];\n  let objData = res[firstKey];\n  cy.log(objData); // let billingEndTs = objData['billingEndTs']\n  for (let index = 0; index < res.length - 1; index++) {\n    const element = res[index];\n    console.log(element);\n    const time = element['time'];\n    var value = element['value'];\n    const duration = element['duration'];\n    value = Math.round(value);\n    cy.log(value);\n    strObj = strObj + '<espi:IntervalReading><espi:ReadingQuality><espi:quality>17</espi:quality></espi:ReadingQuality><espi:timePeriod><espi:duration>' + duration + '</espi:duration><espi:start>' + time + '</espi:start></espi:timePeriod><espi:value>' + value + '</espi:value></espi:IntervalReading>';\n  }\n});",
              "err": {},
              "uuid": "89b2ea33-f39f-416c-9c49-142e72c80b02",
              "parentUUID": "2707d4f7-b878-406e-b031-f2968f79740e",
              "isHook": false,
              "skipped": false
            },
            {
              "title": "Fetch values from Meter API",
              "fullTitle": "GB download - AMI Electric Fetch values from Meter API",
              "timedOut": null,
              "duration": 416,
              "state": "passed",
              "speed": "fast",
              "pass": true,
              "fail": false,
              "pending": false,
              "context": null,
              "code": "objApiResponse.meterApiResponse(uuid, gatewayId, bearerToken).then(res => {\n  cy.log(res);\n  var strMeterObj = '/users/' + uuid + '/homes/1/gws/' + gatewayId + '/meters/1';\n  var meterObj = res[strMeterObj];\n  meterToken = meterObj.token;\n  cy.log(meterToken);\n});",
              "err": {},
              "uuid": "c0aff2bf-2379-4397-be91-5f2a84f32e79",
              "parentUUID": "2707d4f7-b878-406e-b031-f2968f79740e",
              "isHook": false,
              "skipped": false
            },
            {
              "title": "Read download file",
              "fullTitle": "GB download - AMI Electric Read download file",
              "timedOut": null,
              "duration": 176,
              "state": "passed",
              "speed": "fast",
              "pass": true,
              "fail": false,
              "pending": false,
              "context": null,
              "code": "cy.task('downloads', 'cypress/downloads').then(after => {\n  console.log(after);\n  console.log(strObj);\n  cy.readFile(\"cypress/downloads/\" + after).then(fileToRead => {\n    cy.wrap(fileToRead).should('contain', 'Green Button Data File. Meter: ' + meterToken);\n    cy.wrap(fileToRead).should('contain', '<espi:ReadingType><espi:accumulationBehaviour>4</espi:accumulationBehaviour><espi:commodity>1</espi:commodity><espi:dataQualifier>12</espi:dataQualifier><espi:defaultQuality>17</espi:defaultQuality><espi:flowDirection>1</espi:flowDirection><espi:intervalLength>3600</espi:intervalLength><espi:kind>12</espi:kind><espi:phase>769</espi:phase><espi:powerOfTenMultiplier>0</espi:powerOfTenMultiplier><espi:timeAttribute>0</espi:timeAttribute><espi:uom>72</espi:uom></espi:ReadingType>');\n    cy.wrap(fileToRead).should('contain', strObj);\n  }); //   expect(after.length).to.be.eq(before.length +1)  \n});",
              "err": {},
              "uuid": "5073bdf9-fb0d-4c68-a490-7da772026bcd",
              "parentUUID": "2707d4f7-b878-406e-b031-f2968f79740e",
              "isHook": false,
              "skipped": false
            },
            {
              "title": "Upload data - DMD Validator",
              "fullTitle": "GB download - AMI Electric Upload data - DMD Validator",
              "timedOut": null,
              "duration": 6209,
              "state": "passed",
              "speed": "medium",
              "pass": true,
              "fail": false,
              "pending": false,
              "context": null,
              "code": "cy.visit(\"https://dmdvalidator.greenbuttonalliance.org/\");\ncy.get('#FBSelection', {\n  timeout: 10000\n}).should('be.visible');\ncy.get('select').select('Energy Usage file: Electricity Interval Metering');\ncy.wait(200);\ncy.get('#FB_15').uncheck({\n  force: true\n});\ncy.wait(500);\ncy.task('downloads', 'cypress/downloads').then(p => {\n  //file to be uploaded path in project folder\n  const fileToUpload = \"../downloads/\" + p;\n  cy.log(fileToUpload); //upload file with attachFile\n  cy.get('#dropZone').attachFile(fileToUpload, {\n    subjectType: 'drag-n-drop'\n  });\n  cy.get('thead > tr > td', {\n    timeout: 15000\n  }).should('have.text', ' ...all tests were successful. ...all tests were successful. ...all tests were successful.');\n  cy.get('.text-danger').should('not.exist');\n});",
              "err": {},
              "uuid": "8f81e58b-6227-4d9e-b4e0-70dde6a0be7b",
              "parentUUID": "2707d4f7-b878-406e-b031-f2968f79740e",
              "isHook": false,
              "skipped": false
            }
          ],
          "suites": [],
          "passes": [
            "e348aeca-b3da-4394-9519-9157d88875e0",
            "86bc7361-3f05-4f27-938e-2b1f996dab80",
            "2a98507d-235d-468e-8f26-b67e43553c42",
            "c270921d-2b03-4285-8ef3-55f60020849d",
            "d0e24205-ceee-4f98-ad3b-f1cc6f7881ab",
            "70033d12-c8a8-4016-928c-056999a075e4",
            "33a38602-2d7a-4db6-9325-9b60b9a71918",
            "89b2ea33-f39f-416c-9c49-142e72c80b02",
            "c0aff2bf-2379-4397-be91-5f2a84f32e79",
            "5073bdf9-fb0d-4c68-a490-7da772026bcd",
            "8f81e58b-6227-4d9e-b4e0-70dde6a0be7b"
          ],
          "failures": [],
          "pending": [],
          "skipped": [],
          "duration": 57564,
          "root": false,
          "rootEmpty": false,
          "_timeout": 2000
        }
      ],
      "passes": [],
      "failures": [],
      "pending": [],
      "skipped": [],
      "duration": 0,
      "root": true,
      "rootEmpty": true,
      "_timeout": 2000
    },
    {
      "uuid": "45cb5173-502d-486e-b3bb-5ab33fdf9d37",
      "title": "",
      "fullFile": "cypress/e2e/Ameren/GbDownload/GbDownloadAMRE.cy.js",
      "file": "cypress/e2e/Ameren/GbDownload/GbDownloadAMRE.cy.js",
      "beforeHooks": [],
      "afterHooks": [],
      "tests": [],
      "suites": [
        {
          "uuid": "7576c96a-9a3c-4561-8743-ecc0b93a6f9e",
          "title": "GB download - AMR Electric",
          "fullFile": "",
          "file": "",
          "beforeHooks": [],
          "afterHooks": [],
          "tests": [
            {
              "title": "Invoice data API response",
              "fullTitle": "GB download - AMR Electric Invoice data API response",
              "timedOut": null,
              "duration": 6910,
              "state": "passed",
              "speed": "medium",
              "pass": true,
              "fail": false,
              "pending": false,
              "context": null,
              "code": "cy.visit(pilotData.url + \"dashboard?user-hash=\" + userHash);\ncy.log(bearerToken);\nobjApiResponse.invoiceDataResponse(uuid, strMeasurementType, bearerToken).then(res => {\n  cy.log(res);\n  objLength = Object.keys(res).length;\n  cy.log(objLength);\n  var firstKey = Object.keys(res)[objLength - 1];\n  let objData = res[firstKey];\n  cy.log(objData);\n  var objFirst = Object.keys(res)[0];\n  var firstObjData = res[objFirst];\n  var firstBillingStartTs = firstObjData['billingStartTs'];\n  var firstStartTs = new Date(firstBillingStartTs * 1000);\n  strMinDate = objGenericPage.changDateFormat(firstStartTs.toDateString());\n  billingEndTs = objData['billingEndTs'];\n  billingStartTs = objData['billingStartTs'];\n  cy.log(billingStartTs);\n  cy.log(billingEndTs);\n  var startTs = new Date(billingStartTs * 1000);\n  var endTs = new Date(billingEndTs * 1000);\n  endTs.setDate(endTs.getDate() - 1);\n  cy.log(startTs.toLocaleString());\n  cy.log(endTs.toDateString());\n  strStartDate = objGenericPage.changDateFormat(startTs.toDateString());\n  strEndDate = objGenericPage.changDateFormat(endTs.toDateString());\n  cy.log('Start date - ' + strStartDate);\n  cy.wrap(strStartDate).as('strStartDate');\n  var newStartTs = new Date(billingEndTs * 1000);\n  newStartTs.setDate(newStartTs.getDate() - 10);\n  strNewStartDate = objGenericPage.changDateFormat(newStartTs.toDateString());\n  newEpochStartTs = newStartTs.getTime() / 1000;\n  var newEndTs = new Date(billingEndTs * 1000);\n  newEndTs.setDate(newEndTs.getDate() - 1);\n  strNewEndDate = objGenericPage.changDateFormat(newEndTs.toDateString());\n  newEpochEndTs = newEndTs.getTime() / 1000;\n});",
              "err": {},
              "uuid": "8cbde72c-333c-46eb-9a3f-25bcbac81966",
              "parentUUID": "7576c96a-9a3c-4561-8743-ecc0b93a6f9e",
              "isHook": false,
              "skipped": false
            },
            {
              "title": "Navigate to Download my data",
              "fullTitle": "GB download - AMR Electric Navigate to Download my data",
              "timedOut": null,
              "duration": 7772,
              "state": "passed",
              "speed": "medium",
              "pass": true,
              "fail": false,
              "pending": false,
              "context": null,
              "code": "objGenericPage.checkHeader();\ncy.wait(1000);\nobjGenericPage.clickDownloadMyData();\ncy.wait(1000);",
              "err": {},
              "uuid": "4d0518ca-7902-4be4-8f27-69b55ec38e86",
              "parentUUID": "7576c96a-9a3c-4561-8743-ecc0b93a6f9e",
              "isHook": false,
              "skipped": false
            },
            {
              "title": "Export data - Bill period",
              "fullTitle": "GB download - AMR Electric Export data - Bill period",
              "timedOut": null,
              "duration": 7632,
              "state": "passed",
              "speed": "medium",
              "pass": true,
              "fail": false,
              "pending": false,
              "context": null,
              "code": "var billPeriodStartDate = objGenericPage.changDateFormatString(strStartDate);\nvar billPeriodEndDate = objGenericPage.changDateFormatString(strEndDate);\nvar strBillPeriodDate = billPeriodStartDate + ' - ' + billPeriodEndDate;\ncy.log(strBillPeriodDate);\nobjGbDownload.verifyPageTitle();\nobjGbDownload.verifySubtitle();\nobjGbDownload.verifyExportBillLabel();\nobjGbDownload.verifyExportDaysLabel();\nobjGbDownload.verifyDataMsg();\nobjGbDownload.selectDropdownElement(strBillPeriodDate, objLength);\ncy.get(objGbDownload.exportBtn).should('have.css', 'background-color').and('eq', 'rgb(27, 108, 181)');\ncy.get(objGbDownload.exportBtn).should('have.css', 'cursor').and('eq', 'pointer');\ncy.get('.download-page-btn').contains('Cancel').should('have.css', 'background-color').and('eq', 'rgba(0, 0, 0, 0)');\ncy.get('.download-page-btn').contains('Cancel').should('have.css', 'cursor').and('eq', 'pointer');\nobjGbDownload.clickExport();\nobjGbDownload.checkSuccessMsg('GreenButton data downloaded successfully.');",
              "err": {},
              "uuid": "bb70d63b-50b1-423e-9481-d0d23d1de389",
              "parentUUID": "7576c96a-9a3c-4561-8743-ecc0b93a6f9e",
              "isHook": false,
              "skipped": false
            },
            {
              "title": "Export data - Calendar Days",
              "fullTitle": "GB download - AMR Electric Export data - Calendar Days",
              "timedOut": null,
              "duration": 11302,
              "state": "passed",
              "speed": "slow",
              "pass": true,
              "fail": false,
              "pending": false,
              "context": null,
              "code": "cy.contains('Export usage for range of days').click();\ncy.wait(200);\ncy.get(objGbDownload.calendarIcon).eq(0).should('be.visible');\ncy.get(objGbDownload.calendarIcon).eq(1).should('be.visible');\ncy.get(objGbDownload.calendarIcon).eq(0).click();\ncy.get('[aria-label=\"Go to the previous month\"]').click();\ncy.get('[role=\"presentation\"]').eq(10).click();\ncy.get(objGbDownload.calendarIcon).eq(1).click();\ncy.get('[aria-label=\"Go to the previous month\"]').click();\ncy.get('[role=\"presentation\"]').eq(11).click();\nobjGbDownload.clickExport();\nobjGbDownload.checkSuccessMsg('GreenButton data downloaded successfully.');\ncy.wait(500); //Min and max dates\nobjGbDownload.enterFromDate(strMinDate);\nobjGbDownload.enterToDate(strEndDate);\nobjGbDownload.clickExport();\nobjGbDownload.checkSuccessMsg('Please select a date range that does not exceed one year.'); //Same date\nobjGbDownload.enterFromDate(strStartDate);\nobjGbDownload.enterToDate(strStartDate);\nobjGbDownload.clickExport();\nobjGbDownload.checkSuccessMsg('GreenButton data downloaded successfully.');",
              "err": {},
              "uuid": "a6d329e0-551b-45fc-b6e2-2d32fd93aec3",
              "parentUUID": "7576c96a-9a3c-4561-8743-ecc0b93a6f9e",
              "isHook": false,
              "skipped": false
            },
            {
              "title": "Export data - Days",
              "fullTitle": "GB download - AMR Electric Export data - Days",
              "timedOut": null,
              "duration": 10259,
              "state": "passed",
              "speed": "slow",
              "pass": true,
              "fail": false,
              "pending": false,
              "context": null,
              "code": "cy.deleteDownloadsFolder();\ncy.contains('Export usage for range of days').click();\nobjGbDownload.enterFromDate('16/09/20');\nobjGbDownload.checkErrorMsg('Invalid Date Format');\nobjGbDownload.enterFromDate('03/02/2000');\nobjGbDownload.checkErrorMsg('Date should not be before minimal date');\nobjGbDownload.enterFromDate(strStartDate);\nobjGbDownload.enterToDate('56/09/2022');\nobjGbDownload.checkErrorMsg('Invalid Date Format');\nobjGbDownload.enterToDate('08/05/2050');\nobjGbDownload.checkErrorMsg('Date should not be after maximal date');\nobjGbDownload.enterToDate(strEndDate);\nobjGbDownload.clickExport();\nobjGbDownload.checkSuccessMsg('GreenButton data downloaded successfully.');",
              "err": {},
              "uuid": "3d6895e0-85f4-4aac-8bde-d2bec159b629",
              "parentUUID": "7576c96a-9a3c-4561-8743-ecc0b93a6f9e",
              "isHook": false,
              "skipped": false
            },
            {
              "title": "Check Disabled fields",
              "fullTitle": "GB download - AMR Electric Check Disabled fields",
              "timedOut": null,
              "duration": 2751,
              "state": "passed",
              "speed": "fast",
              "pass": true,
              "fail": false,
              "pending": false,
              "context": null,
              "code": "cy.contains('Export usage for range of bill period').click();\ncy.wait(500);\ncy.get(objGbDownload.fromDate).should('be.disabled');\ncy.get(objGbDownload.toDate).should('be.disabled');\ncy.get(objGbDownload.calendarIcon).parent().parent().should('be.disabled');\ncy.contains('Export usage for range of days').click();\ncy.wait(500);\ncy.get(objGbDownload.dropdownEle).should('have.attr', 'aria-disabled', 'true');",
              "err": {},
              "uuid": "c3bcbf80-8753-4e4e-a750-82d5aeb0fcdb",
              "parentUUID": "7576c96a-9a3c-4561-8743-ecc0b93a6f9e",
              "isHook": false,
              "skipped": false
            },
            {
              "title": "Cancel button",
              "fullTitle": "GB download - AMR Electric Cancel button",
              "timedOut": null,
              "duration": 1286,
              "state": "passed",
              "speed": "fast",
              "pass": true,
              "fail": false,
              "pending": false,
              "context": null,
              "code": "objGbDownload.clickCancelBtn();\ncy.wait(500);\ncy.get('.home-page-main', {\n  timeout: 10000\n}).should('be.visible');",
              "err": {},
              "uuid": "3d7139c7-8aa0-47f4-8fbd-ba0520925732",
              "parentUUID": "7576c96a-9a3c-4561-8743-ecc0b93a6f9e",
              "isHook": false,
              "skipped": false
            },
            {
              "title": "Fetch values from RAW data",
              "fullTitle": "GB download - AMR Electric Fetch values from RAW data",
              "timedOut": null,
              "duration": 771,
              "state": "passed",
              "speed": "fast",
              "pass": true,
              "fail": false,
              "pending": false,
              "context": null,
              "code": "objApiResponse.gbJsonResponse(uuid, gatewayId, billingStartTs, newEpochEndTs, bearerToken).then(res => {\n  cy.log(res);\n  var firstKey = Object.keys(res)[0];\n  let objData = res[firstKey];\n  cy.log(objData); // let billingEndTs = objData['billingEndTs']\n  for (let index = 0; index < res.length - 1; index++) {\n    const element = res[index];\n    console.log(element);\n    const time = element['time'];\n    var value = element['value'];\n    const duration = element['duration'];\n    value = Math.round(value);\n    cy.log(value);\n    strObj = '<espi:IntervalReading><espi:ReadingQuality><espi:quality>17</espi:quality></espi:ReadingQuality><espi:timePeriod><espi:duration>' + duration + '</espi:duration><espi:start>' + time + '</espi:start></espi:timePeriod><espi:value>' + value + '</espi:value></espi:IntervalReading>';\n    arrValues.push(strObj); // console.log(strObj)\n  }\n});",
              "err": {},
              "uuid": "e84d4798-202c-4c24-8605-384c048d4d57",
              "parentUUID": "7576c96a-9a3c-4561-8743-ecc0b93a6f9e",
              "isHook": false,
              "skipped": false
            },
            {
              "title": "Fetch values from Meter API",
              "fullTitle": "GB download - AMR Electric Fetch values from Meter API",
              "timedOut": null,
              "duration": 437,
              "state": "passed",
              "speed": "fast",
              "pass": true,
              "fail": false,
              "pending": false,
              "context": null,
              "code": "objApiResponse.meterApiResponse(uuid, gatewayId, bearerToken).then(res => {\n  cy.log(res);\n  var strMeterObj = '/users/' + uuid + '/homes/1/gws/' + gatewayId + '/meters/1';\n  var meterObj = res[strMeterObj];\n  meterToken = meterObj.token;\n  cy.log(meterToken);\n});",
              "err": {},
              "uuid": "a7c0f22d-99ef-4967-8b3b-5c5f00527186",
              "parentUUID": "7576c96a-9a3c-4561-8743-ecc0b93a6f9e",
              "isHook": false,
              "skipped": false
            },
            {
              "title": "Read download file",
              "fullTitle": "GB download - AMR Electric Read download file",
              "timedOut": null,
              "duration": 788,
              "state": "passed",
              "speed": "fast",
              "pass": true,
              "fail": false,
              "pending": false,
              "context": null,
              "code": "cy.task('downloads', 'cypress/downloads').then(after => {\n  console.log(after);\n  console.log(strObj);\n  cy.readFile(\"cypress/downloads/\" + after).then(fileToRead => {\n    cy.wrap(fileToRead).should('contain', 'Green Button Data File. Meter: ' + meterToken);\n    cy.wrap(fileToRead).should('contain', '<espi:ReadingType><espi:accumulationBehaviour>4</espi:accumulationBehaviour><espi:commodity>1</espi:commodity><espi:dataQualifier>12</espi:dataQualifier><espi:defaultQuality>17</espi:defaultQuality><espi:flowDirection>1</espi:flowDirection><espi:intervalLength>86400</espi:intervalLength><espi:kind>12</espi:kind><espi:phase>769</espi:phase><espi:powerOfTenMultiplier>0</espi:powerOfTenMultiplier><espi:timeAttribute>0</espi:timeAttribute><espi:uom>72</espi:uom></espi:ReadingType>');\n    for (let index = 0; index < arrValues.length; index++) {\n      const element = arrValues[index];\n      console.log(element);\n      cy.wrap(fileToRead).should('contain', element);\n    }\n  });\n});",
              "err": {},
              "uuid": "488826bd-0edf-4791-ada4-139bd784aa8c",
              "parentUUID": "7576c96a-9a3c-4561-8743-ecc0b93a6f9e",
              "isHook": false,
              "skipped": false
            },
            {
              "title": "Upload data - DMD Validator",
              "fullTitle": "GB download - AMR Electric Upload data - DMD Validator",
              "timedOut": null,
              "duration": 6236,
              "state": "passed",
              "speed": "medium",
              "pass": true,
              "fail": false,
              "pending": false,
              "context": null,
              "code": "cy.visit(\"https://dmdvalidator.greenbuttonalliance.org/\");\ncy.get('#FBSelection', {\n  timeout: 10000\n}).should('be.visible');\ncy.get('select').select('Energy Usage file: Electricity Interval Metering');\ncy.wait(200);\ncy.get('#FB_15').uncheck({\n  force: true\n});\ncy.wait(500);\ncy.task('downloads', 'cypress/downloads').then(p => {\n  //file to be uploaded path in project folder\n  const fileToUpload = \"../downloads/\" + p;\n  cy.log(fileToUpload); //upload file with attachFile\n  cy.get('#dropZone').attachFile(fileToUpload, {\n    subjectType: 'drag-n-drop'\n  });\n  cy.get('thead > tr > td', {\n    timeout: 15000\n  }).should('have.text', ' ...all tests were successful. ...all tests were successful. ...all tests were successful.');\n  cy.get('.text-danger').should('not.exist');\n});",
              "err": {},
              "uuid": "612ac063-2638-4c1f-a9e3-4982a5222bef",
              "parentUUID": "7576c96a-9a3c-4561-8743-ecc0b93a6f9e",
              "isHook": false,
              "skipped": false
            }
          ],
          "suites": [],
          "passes": [
            "8cbde72c-333c-46eb-9a3f-25bcbac81966",
            "4d0518ca-7902-4be4-8f27-69b55ec38e86",
            "bb70d63b-50b1-423e-9481-d0d23d1de389",
            "a6d329e0-551b-45fc-b6e2-2d32fd93aec3",
            "3d6895e0-85f4-4aac-8bde-d2bec159b629",
            "c3bcbf80-8753-4e4e-a750-82d5aeb0fcdb",
            "3d7139c7-8aa0-47f4-8fbd-ba0520925732",
            "e84d4798-202c-4c24-8605-384c048d4d57",
            "a7c0f22d-99ef-4967-8b3b-5c5f00527186",
            "488826bd-0edf-4791-ada4-139bd784aa8c",
            "612ac063-2638-4c1f-a9e3-4982a5222bef"
          ],
          "failures": [],
          "pending": [],
          "skipped": [],
          "duration": 56144,
          "root": false,
          "rootEmpty": false,
          "_timeout": 2000
        }
      ],
      "passes": [],
      "failures": [],
      "pending": [],
      "skipped": [],
      "duration": 0,
      "root": true,
      "rootEmpty": true,
      "_timeout": 2000
    },
    {
      "uuid": "f7a6f598-9a1d-4c1f-b620-2d6cecc9fc7d",
      "title": "",
      "fullFile": "cypress/e2e/Ameren/GbDownload/GbDownloadAMRG.cy.js",
      "file": "cypress/e2e/Ameren/GbDownload/GbDownloadAMRG.cy.js",
      "beforeHooks": [],
      "afterHooks": [],
      "tests": [],
      "suites": [
        {
          "uuid": "84e898e4-18d5-413e-b1b4-30dd05db5afe",
          "title": "GB download - AMR Gas",
          "fullFile": "",
          "file": "",
          "beforeHooks": [],
          "afterHooks": [],
          "tests": [
            {
              "title": "Invoice data API response",
              "fullTitle": "GB download - AMR Gas Invoice data API response",
              "timedOut": null,
              "duration": 6068,
              "state": "passed",
              "speed": "medium",
              "pass": true,
              "fail": false,
              "pending": false,
              "context": null,
              "code": "cy.visit(pilotData.url + \"dashboard?user-hash=\" + userHash);\ncy.log(bearerToken);\nobjApiResponse.invoiceDataResponse(uuid, strMeasurementType, bearerToken).then(res => {\n  cy.log(res);\n  objLength = Object.keys(res).length;\n  cy.log(objLength);\n  var firstKey = Object.keys(res)[objLength - 1];\n  let objData = res[firstKey];\n  cy.log(objData);\n  var objFirst = Object.keys(res)[0];\n  var firstObjData = res[objFirst];\n  var firstBillingStartTs = firstObjData['billingStartTs'];\n  var firstStartTs = new Date(firstBillingStartTs * 1000);\n  strMinDate = objGenericPage.changDateFormat(firstStartTs.toDateString());\n  billingEndTs = objData['billingEndTs'];\n  billingStartTs = objData['billingStartTs'];\n  cy.log(billingStartTs);\n  cy.log(billingEndTs);\n  var startTs = new Date(billingStartTs * 1000);\n  var endTs = new Date(billingEndTs * 1000);\n  endTs.setDate(endTs.getDate() - 1);\n  cy.log(startTs.toLocaleString());\n  cy.log(endTs.toDateString());\n  strStartDate = objGenericPage.changDateFormat(startTs.toDateString());\n  strEndDate = objGenericPage.changDateFormat(endTs.toDateString());\n  cy.log('Start date - ' + strStartDate);\n  cy.wrap(strStartDate).as('strStartDate');\n  var newStartTs = new Date(billingEndTs * 1000);\n  newStartTs.setDate(newStartTs.getDate() - 10);\n  strNewStartDate = objGenericPage.changDateFormat(newStartTs.toDateString());\n  newEpochStartTs = newStartTs.getTime() / 1000;\n  var newEndTs = new Date(billingEndTs * 1000);\n  newEndTs.setDate(newEndTs.getDate() - 1);\n  strNewEndDate = objGenericPage.changDateFormat(newEndTs.toDateString());\n  newEpochEndTs = newEndTs.getTime() / 1000;\n});",
              "err": {},
              "uuid": "76130602-44cf-4039-89c7-85c6977b2941",
              "parentUUID": "84e898e4-18d5-413e-b1b4-30dd05db5afe",
              "isHook": false,
              "skipped": false
            },
            {
              "title": "Navigate to Download my data",
              "fullTitle": "GB download - AMR Gas Navigate to Download my data",
              "timedOut": null,
              "duration": 5794,
              "state": "passed",
              "speed": "medium",
              "pass": true,
              "fail": false,
              "pending": false,
              "context": null,
              "code": "objGenericPage.checkHeader();\ncy.wait(1000);\nobjGenericPage.clickDownloadMyData();\ncy.wait(1000);",
              "err": {},
              "uuid": "719e87dd-d70a-401d-89b4-f437b1077772",
              "parentUUID": "84e898e4-18d5-413e-b1b4-30dd05db5afe",
              "isHook": false,
              "skipped": false
            },
            {
              "title": "Export data - Bill period",
              "fullTitle": "GB download - AMR Gas Export data - Bill period",
              "timedOut": null,
              "duration": 3355,
              "state": "passed",
              "speed": "fast",
              "pass": true,
              "fail": false,
              "pending": false,
              "context": null,
              "code": "var billPeriodStartDate = objGenericPage.changDateFormatString(strStartDate);\nvar billPeriodEndDate = objGenericPage.changDateFormatString(strEndDate);\nvar strBillPeriodDate = billPeriodStartDate + ' - ' + billPeriodEndDate;\ncy.log(strBillPeriodDate);\nobjGbDownload.verifyPageTitle();\nobjGbDownload.verifySubtitle();\nobjGbDownload.verifyExportBillLabel();\nobjGbDownload.verifyExportDaysLabel();\nobjGbDownload.verifyDataMsg();\nobjGbDownload.selectDropdownElement(strBillPeriodDate, objLength);\ncy.get(objGbDownload.exportBtn).should('have.css', 'background-color').and('eq', 'rgb(27, 108, 181)');\ncy.get(objGbDownload.exportBtn).should('have.css', 'cursor').and('eq', 'pointer');\ncy.get('.download-page-btn').contains('Cancel').should('have.css', 'background-color').and('eq', 'rgba(0, 0, 0, 0)');\ncy.get('.download-page-btn').contains('Cancel').should('have.css', 'cursor').and('eq', 'pointer');\nobjGbDownload.clickExport();\nobjGbDownload.checkSuccessMsg('GreenButton data downloaded successfully.');",
              "err": {},
              "uuid": "4c66fa37-0140-4876-a79e-a668fae2649d",
              "parentUUID": "84e898e4-18d5-413e-b1b4-30dd05db5afe",
              "isHook": false,
              "skipped": false
            },
            {
              "title": "Export data - Calendar Days",
              "fullTitle": "GB download - AMR Gas Export data - Calendar Days",
              "timedOut": null,
              "duration": 13497,
              "state": "passed",
              "speed": "slow",
              "pass": true,
              "fail": false,
              "pending": false,
              "context": null,
              "code": "cy.contains('Export usage for range of days').click();\ncy.wait(200);\ncy.get(objGbDownload.calendarIcon).eq(0).should('be.visible');\ncy.get(objGbDownload.calendarIcon).eq(1).should('be.visible');\ncy.get(objGbDownload.calendarIcon).eq(0).click();\ncy.get('[aria-label=\"Go to the previous month\"]').click();\ncy.get('[role=\"presentation\"]').eq(10).click();\ncy.get(objGbDownload.calendarIcon).eq(1).click();\ncy.get('[aria-label=\"Go to the previous month\"]').click();\ncy.get('[role=\"presentation\"]').eq(11).click();\nobjGbDownload.clickExport();\nobjGbDownload.checkSuccessMsg('GreenButton data downloaded successfully.');\ncy.wait(500); //Min and max dates\nobjGbDownload.enterFromDate(strMinDate);\nobjGbDownload.enterToDate(strEndDate);\nobjGbDownload.clickExport();\nobjGbDownload.checkSuccessMsg('Please select a date range that does not exceed one year.'); //Same date\nobjGbDownload.enterFromDate(strStartDate);\nobjGbDownload.enterToDate(strStartDate);\nobjGbDownload.clickExport();\nobjGbDownload.checkSuccessMsg('GreenButton data downloaded successfully.');",
              "err": {},
              "uuid": "bf69e44a-6f53-4354-ae68-2631ccc7f473",
              "parentUUID": "84e898e4-18d5-413e-b1b4-30dd05db5afe",
              "isHook": false,
              "skipped": false
            },
            {
              "title": "Export data - Days",
              "fullTitle": "GB download - AMR Gas Export data - Days",
              "timedOut": null,
              "duration": 12585,
              "state": "passed",
              "speed": "slow",
              "pass": true,
              "fail": false,
              "pending": false,
              "context": null,
              "code": "cy.deleteDownloadsFolder();\ncy.contains('Export usage for range of days').click();\nobjGbDownload.enterFromDate('16/09/20');\nobjGbDownload.checkErrorMsg('Invalid Date Format');\nobjGbDownload.enterFromDate('03/02/2000');\nobjGbDownload.checkErrorMsg('Date should not be before minimal date');\nobjGbDownload.enterFromDate(strStartDate);\nobjGbDownload.enterToDate('56/09/2022');\nobjGbDownload.checkErrorMsg('Invalid Date Format');\nobjGbDownload.enterToDate('08/05/2050');\nobjGbDownload.checkErrorMsg('Date should not be after maximal date');\nobjGbDownload.enterToDate(strEndDate);\nobjGbDownload.clickExport();\nobjGbDownload.checkSuccessMsg('GreenButton data downloaded successfully.');",
              "err": {},
              "uuid": "ad4f33a7-3b74-4b56-a45b-ba2f5bcf3ce3",
              "parentUUID": "84e898e4-18d5-413e-b1b4-30dd05db5afe",
              "isHook": false,
              "skipped": false
            },
            {
              "title": "Check Disabled fields",
              "fullTitle": "GB download - AMR Gas Check Disabled fields",
              "timedOut": null,
              "duration": 2475,
              "state": "passed",
              "speed": "fast",
              "pass": true,
              "fail": false,
              "pending": false,
              "context": null,
              "code": "cy.contains('Export usage for range of bill period').click();\ncy.wait(500);\ncy.get(objGbDownload.fromDate).should('be.disabled');\ncy.get(objGbDownload.toDate).should('be.disabled');\ncy.get(objGbDownload.calendarIcon).parent().parent().should('be.disabled');\ncy.contains('Export usage for range of days').click();\ncy.wait(500);\ncy.get(objGbDownload.dropdownEle).should('have.attr', 'aria-disabled', 'true');",
              "err": {},
              "uuid": "b5896fd9-fcdb-46b8-87ad-70011dde8fe9",
              "parentUUID": "84e898e4-18d5-413e-b1b4-30dd05db5afe",
              "isHook": false,
              "skipped": false
            },
            {
              "title": "Cancel button",
              "fullTitle": "GB download - AMR Gas Cancel button",
              "timedOut": null,
              "duration": 1738,
              "state": "passed",
              "speed": "fast",
              "pass": true,
              "fail": false,
              "pending": false,
              "context": null,
              "code": "objGbDownload.clickCancelBtn();\ncy.wait(500);\ncy.get('.home-page-main', {\n  timeout: 10000\n}).should('be.visible');",
              "err": {},
              "uuid": "ff2dd6fd-87b0-420b-a71f-64c19ca94925",
              "parentUUID": "84e898e4-18d5-413e-b1b4-30dd05db5afe",
              "isHook": false,
              "skipped": false
            },
            {
              "title": "Fetch values from RAW data",
              "fullTitle": "GB download - AMR Gas Fetch values from RAW data",
              "timedOut": null,
              "duration": 716,
              "state": "passed",
              "speed": "fast",
              "pass": true,
              "fail": false,
              "pending": false,
              "context": null,
              "code": "objApiResponse.gbJsonResponse(uuid, gatewayId, billingStartTs, newEpochEndTs, bearerToken).then(res => {\n  cy.log(res);\n  var firstKey = Object.keys(res)[0];\n  let objData = res[firstKey];\n  cy.log(objData); // let billingEndTs = objData['billingEndTs']\n  for (let index = 0; index < res.length - 1; index++) {\n    const element = res[index];\n    console.log(element);\n    const time = element['time'];\n    var value = element['value'];\n    const duration = element['duration'];\n    value = value * 3600 / (3600 * 1000 * 1.037 * 29.3);\n    value = Math.round(value * 10) / 10; //round to one decimal place\n    value = value * 100000;\n    value = Math.trunc(value);\n    cy.log(value);\n    strObj = '<espi:IntervalReading><espi:ReadingQuality><espi:quality>17</espi:quality></espi:ReadingQuality><espi:timePeriod><espi:duration>' + duration + '</espi:duration><espi:start>' + time + '</espi:start></espi:timePeriod><espi:value>' + value + '</espi:value></espi:IntervalReading>';\n    arrValues.push(strObj);\n    console.log(strObj);\n  }\n});",
              "err": {},
              "uuid": "ff37e2ca-f224-4d59-81b0-79bdee3f90e6",
              "parentUUID": "84e898e4-18d5-413e-b1b4-30dd05db5afe",
              "isHook": false,
              "skipped": false
            },
            {
              "title": "Fetch values from Meter API",
              "fullTitle": "GB download - AMR Gas Fetch values from Meter API",
              "timedOut": null,
              "duration": 456,
              "state": "passed",
              "speed": "fast",
              "pass": true,
              "fail": false,
              "pending": false,
              "context": null,
              "code": "objApiResponse.meterApiResponse(uuid, gatewayId, bearerToken).then(res => {\n  cy.log(res);\n  var strMeterObj = '/users/' + uuid + '/homes/1/gws/' + gatewayId + '/meters/1';\n  var meterObj = res[strMeterObj];\n  meterToken = meterObj.token;\n  cy.log(meterToken);\n});",
              "err": {},
              "uuid": "930bd7cd-43bf-4865-b584-01f4fce1b1ab",
              "parentUUID": "84e898e4-18d5-413e-b1b4-30dd05db5afe",
              "isHook": false,
              "skipped": false
            },
            {
              "title": "Read download file",
              "fullTitle": "GB download - AMR Gas Read download file",
              "timedOut": null,
              "duration": 643,
              "state": "passed",
              "speed": "fast",
              "pass": true,
              "fail": false,
              "pending": false,
              "context": null,
              "code": "cy.task('downloads', 'cypress/downloads').then(after => {\n  console.log(after);\n  console.log(strObj);\n  cy.readFile(\"cypress/downloads/\" + after).then(fileToRead => {\n    cy.wrap(fileToRead).should('contain', 'Green Button Data File. Meter: ' + meterToken);\n    cy.wrap(fileToRead).should('contain', '<espi:ReadingType><espi:accumulationBehaviour>4</espi:accumulationBehaviour><espi:commodity>7</espi:commodity><espi:dataQualifier>12</espi:dataQualifier><espi:defaultQuality>17</espi:defaultQuality><espi:flowDirection>1</espi:flowDirection><espi:intervalLength>86400</espi:intervalLength><espi:kind>58</espi:kind><espi:phase>769</espi:phase><espi:powerOfTenMultiplier>-3</espi:powerOfTenMultiplier><espi:timeAttribute>0</espi:timeAttribute><espi:uom>119</espi:uom></espi:ReadingType>');\n    for (let index = 0; index < arrValues.length; index++) {\n      const element = arrValues[index];\n      console.log(element);\n      cy.wrap(fileToRead).should('contain', element);\n    }\n  }); //     // cy.readFile(\"cypress/downloads/\"+after).should('contain', '<espi:IntervalBlock><espi:interval><espi:duration>86400</espi:duration><espi:start>1654750800</espi:start></espi:interval><espi:IntervalReading><espi:ReadingQuality><espi:quality>17</espi:quality></espi:ReadingQuality><espi:timePeriod><espi:duration>86400</espi:duration><espi:start>1654750800</espi:start></espi:timePeriod><espi:value>111300</espi:value></espi:IntervalReading></espi:IntervalBlock></content><published>2022-07-26T13:24:52.275Z</published><updated>2022-07-26T13:24:52.275Z</updated></entry><entry><id>urn:uuid:012bc7b5-2bde-3a8e-9874-31f27f3bf0e0</id><link href=\"http://amerenuatapi.bidgely.com/Customer/39977728884556036/UsagePoint/9056348086580949057/MeterReading/5429490602267981274/IntervalBlock/5534999940292988461\" rel=\"self\" type=\"espi-entry/IntervalBlock\"/><link href=\"http://amerenuatapi.bidgely.com/Customer/39977728884556036/UsagePoint/9056348086580949057/MeterReading/5429490602267981274/IntervalBlock\" rel=\"up\" type=\"espi-feed/IntervalBlock\"/><title>IntervalBlock ID: 3582119876618863370; Start: 2022-06-10T05:00-05:00[CST6CDT]</title><content><espi:IntervalBlock><espi:interval><espi:duration>86400</espi:duration><espi:start>1654837200</espi:start></espi:interval><espi:IntervalReading><espi:ReadingQuality><espi:quality>17</espi:quality></espi:ReadingQuality><espi:timePeriod><espi:duration>86400</espi:duration><espi:start>1654837200</espi:start></espi:timePeriod><espi:value>111300</espi:value></espi:IntervalReading></espi:IntervalBlock>')\n  //     //   expect(after.length).to.be.eq(before.length +1)  \n});",
              "err": {},
              "uuid": "d0c40cc6-224b-4415-afeb-eb8490a986fd",
              "parentUUID": "84e898e4-18d5-413e-b1b4-30dd05db5afe",
              "isHook": false,
              "skipped": false
            },
            {
              "title": "Upload data - DMD Validator",
              "fullTitle": "GB download - AMR Gas Upload data - DMD Validator",
              "timedOut": null,
              "duration": 4974,
              "state": "passed",
              "speed": "fast",
              "pass": true,
              "fail": false,
              "pending": false,
              "context": null,
              "code": "cy.visit(\"https://dmdvalidator.greenbuttonalliance.org/\");\ncy.get('#FBSelection', {\n  timeout: 10000\n}).should('be.visible');\ncy.get('select').select('Energy Usage file: Natural Gas Interval Metering');\ncy.wait(200);\ncy.get('#FB_15').uncheck({\n  force: true\n});\ncy.wait(500);\ncy.task('downloads', 'cypress/downloads').then(p => {\n  //file to be uploaded path in project folder\n  const fileToUpload = \"../downloads/\" + p;\n  cy.log(fileToUpload); //upload file with attachFile\n  cy.get('#dropZone').attachFile(fileToUpload, {\n    subjectType: 'drag-n-drop'\n  }); // cy.get(':nth-child(6) > thead > tr > td', { timeout: 15000 }).should('have.text', ' ...all tests were successful.')\n  cy.get('thead > tr > td', {\n    timeout: 15000\n  }).should('have.text', ' ...all tests were successful. ...all tests were successful. ...all tests were successful.');\n  cy.get('.text-danger').should('not.exist');\n});",
              "err": {},
              "uuid": "1ced52ef-997f-4e71-888a-8ed3c2465bbe",
              "parentUUID": "84e898e4-18d5-413e-b1b4-30dd05db5afe",
              "isHook": false,
              "skipped": false
            }
          ],
          "suites": [],
          "passes": [
            "76130602-44cf-4039-89c7-85c6977b2941",
            "719e87dd-d70a-401d-89b4-f437b1077772",
            "4c66fa37-0140-4876-a79e-a668fae2649d",
            "bf69e44a-6f53-4354-ae68-2631ccc7f473",
            "ad4f33a7-3b74-4b56-a45b-ba2f5bcf3ce3",
            "b5896fd9-fcdb-46b8-87ad-70011dde8fe9",
            "ff2dd6fd-87b0-420b-a71f-64c19ca94925",
            "ff37e2ca-f224-4d59-81b0-79bdee3f90e6",
            "930bd7cd-43bf-4865-b584-01f4fce1b1ab",
            "d0c40cc6-224b-4415-afeb-eb8490a986fd",
            "1ced52ef-997f-4e71-888a-8ed3c2465bbe"
          ],
          "failures": [],
          "pending": [],
          "skipped": [],
          "duration": 52301,
          "root": false,
          "rootEmpty": false,
          "_timeout": 2000
        }
      ],
      "passes": [],
      "failures": [],
      "pending": [],
      "skipped": [],
      "duration": 0,
      "root": true,
      "rootEmpty": true,
      "_timeout": 2000
    },
    {
      "uuid": "14c9657b-8585-4471-88e7-a105b733e316",
      "title": "",
      "fullFile": "cypress/e2e/Ameren/GbDownload/GbDownloadAmrToAmi.cy.js",
      "file": "cypress/e2e/Ameren/GbDownload/GbDownloadAmrToAmi.cy.js",
      "beforeHooks": [],
      "afterHooks": [],
      "tests": [],
      "suites": [
        {
          "uuid": "b93de383-2bff-484d-88a5-5043036fd2d2",
          "title": "GB download - AMR To AMI Electric",
          "fullFile": "",
          "file": "",
          "beforeHooks": [],
          "afterHooks": [],
          "tests": [
            {
              "title": "Navigate to Download my data & Export data - 1 BC missing",
              "fullTitle": "GB download - AMR To AMI Electric Navigate to Download my data & Export data - 1 BC missing",
              "timedOut": null,
              "duration": 39962,
              "state": "passed",
              "speed": "slow",
              "pass": true,
              "fail": false,
              "pending": false,
              "context": null,
              "code": "cy.deleteDownloadsFolder();\ncy.log('UUID - ' + uuidAmrToAmi);\nobjGenericPage.userHashApiResponse(uuidAmrToAmi, pilotData.pilotId).then(res => {\n  cy.log(res.payload);\n  cy.visit(pilotData.url + \"dashboard?user-hash=\" + res.payload);\n  objGenericPage.checkHeader();\n  cy.wait(1000);\n  objGenericPage.clickDownloadMyData();\n  cy.wait(1000);\n  objApiResponse.invoiceDataResponse(uuidAmrToAmi, strMeasurementType, bearerToken).then(res => {\n    objLength = Object.keys(res).length;\n    cy.log(objLength);\n    var isAmrUser = false;\n    var isAmiUser = false;\n    var checkOnceAmr = true;\n    var checkOnceAmi = true;\n    for (let index = 0; index < objLength; index++) {\n      const element = Object.keys(res)[index];\n      let firstObjData = res[element];\n      if (firstObjData['userType'] == 'AMR' && checkOnceAmr) {\n        cy.log('AMR meter');\n        isAmrUser = true;\n        checkOnceAmr = false;\n        let firstBillingStartTs = firstObjData['billingStartTs'];\n        let firstBillingEndTs = firstObjData['billingEndTs'];\n        let firstStartTs = new Date(firstBillingStartTs * 1000);\n        let firstEndTs = new Date(firstBillingEndTs * 1000);\n        firstEndTs.setDate(firstEndTs.getDate() - 1);\n        strMinStartDate = objGenericPage.changDateFormat(firstStartTs.toDateString());\n        strMinEndDate = objGenericPage.changDateFormat(firstEndTs.toDateString());\n        var billPeriodStartDateTwo = objGenericPage.changDateFormatString(strMinStartDate);\n        var billPeriodEndDateTwo = objGenericPage.changDateFormatString(strMinEndDate);\n        let strBillPeriodDate = billPeriodStartDateTwo + ' - ' + billPeriodEndDateTwo;\n        cy.log(strBillPeriodDate);\n        objGbDownload.verifyPageTitle();\n        objGbDownload.verifySubtitle();\n        objGbDownload.verifyExportBillLabel();\n        objGbDownload.verifyExportDaysLabel();\n        objGbDownload.selectDropdownElement(strBillPeriodDate, objLength);\n        objGbDownload.clickExport();\n        objGbDownload.checkSuccessMsg('GreenButton data downloaded successfully.');\n        cy.wait(1000);\n        cy.contains('Export usage for range of days').click();\n        objGbDownload.enterFromDate(strMinStartDate);\n        objGbDownload.enterToDate(strMinEndDate);\n        objGbDownload.clickExport();\n        objGbDownload.checkSuccessMsg('GreenButton data downloaded successfully.');\n      } else if (firstObjData['userType'] == 'GB' && checkOnceAmi) {\n        cy.log('AMI meter');\n        isAmiUser = true;\n        checkOnceAmi = false;\n        cy.reload();\n        let firstBillingStartTsAmi = firstObjData['billingStartTs'];\n        let firstBillingEndTsAmi = firstObjData['billingEndTs'];\n        let firstStartTsAmi = new Date(firstBillingStartTsAmi * 1000);\n        let firstEndTsAmi = new Date(firstBillingEndTsAmi * 1000);\n        firstEndTsAmi.setDate(firstEndTsAmi.getDate() - 1);\n        var strMinStartDateAmi = objGenericPage.changDateFormat(firstStartTsAmi.toDateString());\n        var strMinEndDateAmi = objGenericPage.changDateFormat(firstEndTsAmi.toDateString());\n        var billPeriodStartDateTwoAmi = objGenericPage.changDateFormatString(strMinStartDateAmi);\n        var billPeriodEndDateTwoAmi = objGenericPage.changDateFormatString(strMinEndDateAmi);\n        let strBillPeriodDateAmi = billPeriodStartDateTwoAmi + ' - ' + billPeriodEndDateTwoAmi;\n        cy.log(strBillPeriodDateAmi);\n        objGbDownload.verifySubtitle();\n        cy.wait(500);\n        objGbDownload.selectDropdownElement(strBillPeriodDateAmi, objLength);\n        objGbDownload.clickExport();\n        objGbDownload.checkSuccessMsg('GreenButton data downloaded successfully.');\n        cy.wait(1000);\n        cy.contains('Export usage for range of days').click();\n        objGbDownload.enterFromDate(strMinStartDateAmi);\n        objGbDownload.enterToDate(strMinEndDateAmi);\n        objGbDownload.clickExport();\n        objGbDownload.checkSuccessMsg('GreenButton data downloaded successfully.');\n      }\n    }\n    assert.isTrue(isAmrUser, 'AMR user not found');\n    assert.isTrue(isAmiUser, 'AMI user not found');\n  });\n});",
              "err": {},
              "uuid": "68abfdd3-a1e5-487a-96da-65c23a511573",
              "parentUUID": "b93de383-2bff-484d-88a5-5043036fd2d2",
              "isHook": false,
              "skipped": false
            },
            {
              "title": "Read download file",
              "fullTitle": "GB download - AMR To AMI Electric Read download file",
              "timedOut": null,
              "duration": 531,
              "state": "passed",
              "speed": "fast",
              "pass": true,
              "fail": false,
              "pending": false,
              "context": null,
              "code": "cy.task('downloads', 'cypress/downloads').then(after => {\n  console.log(after);\n  cy.readFile(\"cypress/downloads/\" + after).then(fileToRead => {\n    cy.wrap(fileToRead).should('contain', '_AMR:inactive');\n  });\n});",
              "err": {},
              "uuid": "cf7c37d5-c589-448a-b7a9-edaf419547f6",
              "parentUUID": "b93de383-2bff-484d-88a5-5043036fd2d2",
              "isHook": false,
              "skipped": false
            },
            {
              "title": "Navigate to Download my data & Export data - Validate Transition month data",
              "fullTitle": "GB download - AMR To AMI Electric Navigate to Download my data & Export data - Validate Transition month data",
              "timedOut": null,
              "duration": 15852,
              "state": "passed",
              "speed": "slow",
              "pass": true,
              "fail": false,
              "pending": false,
              "context": null,
              "code": "cy.deleteDownloadsFolder();\ncy.log('UUID - ' + uuidTwo);\nobjGenericPage.userHashApiResponse(uuidTwo, pilotData.pilotId).then(res => {\n  cy.log(res.payload);\n  cy.visit(pilotData.url + \"dashboard?user-hash=\" + res.payload);\n  objGenericPage.checkHeader();\n  cy.wait(1000);\n  objGenericPage.clickDownloadMyData();\n  cy.wait(1000);\n  objApiResponse.invoiceDataResponse(uuidTwo, strMeasurementType, bearerToken).then(res => {\n    objLength = Object.keys(res).length;\n    cy.log(objLength);\n    var i = 0;\n    for (let index = 0; index < objLength; index++) {\n      const element = Object.keys(res)[index];\n      let firstObjData = res[element];\n      if (firstObjData['userType'] == 'AMR') {\n        i = i + 1;\n        cy.log('AMR meter' + i);\n      }\n    }\n    cy.log('outside for loop');\n    var firstKey = Object.keys(res)[i];\n    let firstObjData = res[firstKey];\n    cy.log(firstObjData);\n    transitionBillingStartTs = firstObjData['billingStartTs'];\n    transitionBillingEndTs = firstObjData['billingEndTs'];\n    let firstStartTs = new Date(transitionBillingStartTs * 1000);\n    let firstEndTs = new Date(transitionBillingEndTs * 1000);\n    firstEndTs.setDate(firstEndTs.getDate() - 1);\n    strMinStartDate = objGenericPage.changDateFormat(firstStartTs.toDateString());\n    strMinEndDate = objGenericPage.changDateFormat(firstEndTs.toDateString());\n    var billPeriodStartDateTwo = objGenericPage.changDateFormatString(strMinStartDate);\n    var billPeriodEndDateTwo = objGenericPage.changDateFormatString(strMinEndDate);\n    let strBillPeriodDate = billPeriodStartDateTwo + ' - ' + billPeriodEndDateTwo;\n    cy.log(strBillPeriodDate);\n    objGbDownload.verifyPageTitle();\n    objGbDownload.selectDropdownElement(strBillPeriodDate, objLength);\n    objGbDownload.clickExport();\n    objGbDownload.checkSuccessMsg('GreenButton data downloaded successfully.');\n    cy.wait(1000);\n  });\n});",
              "err": {},
              "uuid": "69b247bf-149e-4f80-a0b3-9245538972a3",
              "parentUUID": "b93de383-2bff-484d-88a5-5043036fd2d2",
              "isHook": false,
              "skipped": false
            },
            {
              "title": "Fetch values from RAW data - AMI data",
              "fullTitle": "GB download - AMR To AMI Electric Fetch values from RAW data - AMI data",
              "timedOut": null,
              "duration": 1087,
              "state": "passed",
              "speed": "fast",
              "pass": true,
              "fail": false,
              "pending": false,
              "context": null,
              "code": "objApiResponse.gbJsonResponse(uuidTwo, gatewayIdAmi, transitionBillingStartTs, transitionBillingEndTs, bearerToken).then(res => {\n  cy.log(res);\n  for (let index = 0; index < 5; index++) {\n    const element = res[index];\n    console.log(element);\n    const time = element['time'];\n    var value = element['value'];\n    const duration = element['duration'];\n    value = Math.round(value);\n    cy.log(value);\n    strObj = strObj + '<espi:IntervalReading><espi:ReadingQuality><espi:quality>17</espi:quality></espi:ReadingQuality><espi:timePeriod><espi:duration>' + duration + '</espi:duration><espi:start>' + time + '</espi:start></espi:timePeriod><espi:value>' + value + '</espi:value></espi:IntervalReading>';\n  }\n});",
              "err": {},
              "uuid": "5fd2a065-e2e4-423e-855f-e2de5f9c1b1b",
              "parentUUID": "b93de383-2bff-484d-88a5-5043036fd2d2",
              "isHook": false,
              "skipped": false
            },
            {
              "title": "Fetch values from RAW data - AMR data",
              "fullTitle": "GB download - AMR To AMI Electric Fetch values from RAW data - AMR data",
              "timedOut": null,
              "duration": 412,
              "state": "passed",
              "speed": "fast",
              "pass": true,
              "fail": false,
              "pending": false,
              "context": null,
              "code": "objApiResponse.gbJsonResponse(uuidTwo, gatewayIdAmr, transitionBillingStartTs, transitionBillingEndTs, bearerToken).then(res => {\n  cy.log(res);\n  var firstKey = Object.keys(res)[0];\n  let objData = res[firstKey];\n  cy.log(objData);\n  for (let index = 0; index < res.length - 1; index++) {\n    const element = res[index];\n    console.log(element);\n    const time = element['time'];\n    var value = element['value'];\n    const duration = element['duration'];\n    value = Math.round(value);\n    cy.log(value);\n    strObjTwo = '<espi:IntervalReading><espi:ReadingQuality><espi:quality>17</espi:quality></espi:ReadingQuality><espi:timePeriod><espi:duration>' + duration + '</espi:duration><espi:start>' + time + '</espi:start></espi:timePeriod><espi:value>' + value + '</espi:value></espi:IntervalReading>';\n    arrValues.push(strObjTwo);\n  }\n});",
              "err": {},
              "uuid": "505b26fb-7a0d-4435-8662-739a33c9c798",
              "parentUUID": "b93de383-2bff-484d-88a5-5043036fd2d2",
              "isHook": false,
              "skipped": false
            },
            {
              "title": "Read download file - Transition data",
              "fullTitle": "GB download - AMR To AMI Electric Read download file - Transition data",
              "timedOut": null,
              "duration": 286,
              "state": "passed",
              "speed": "fast",
              "pass": true,
              "fail": false,
              "pending": false,
              "context": null,
              "code": "cy.task('downloads', 'cypress/downloads').then(after => {\n  console.log(strObj);\n  cy.readFile(\"cypress/downloads/\" + after).then(fileToRead => {\n    cy.wrap(fileToRead).should('contain', strObj);\n    for (let index = 0; index < arrValues.length; index++) {\n      const element = arrValues[index];\n      console.log(element);\n      cy.wrap(fileToRead).should('contain', element);\n    }\n  });\n});",
              "err": {},
              "uuid": "05102d83-1c53-4795-81e8-a8751d4853f0",
              "parentUUID": "b93de383-2bff-484d-88a5-5043036fd2d2",
              "isHook": false,
              "skipped": false
            }
          ],
          "suites": [],
          "passes": [
            "68abfdd3-a1e5-487a-96da-65c23a511573",
            "cf7c37d5-c589-448a-b7a9-edaf419547f6",
            "69b247bf-149e-4f80-a0b3-9245538972a3",
            "5fd2a065-e2e4-423e-855f-e2de5f9c1b1b",
            "505b26fb-7a0d-4435-8662-739a33c9c798",
            "05102d83-1c53-4795-81e8-a8751d4853f0"
          ],
          "failures": [],
          "pending": [],
          "skipped": [],
          "duration": 58130,
          "root": false,
          "rootEmpty": false,
          "_timeout": 2000
        }
      ],
      "passes": [],
      "failures": [],
      "pending": [],
      "skipped": [],
      "duration": 0,
      "root": true,
      "rootEmpty": true,
      "_timeout": 2000
    },
    {
      "uuid": "df481f7e-7019-40e1-9504-493c0767d386",
      "title": "",
      "fullFile": "cypress/e2e/Ameren/GbDownload/GbDownloadDatePicker.cy.js",
      "file": "cypress/e2e/Ameren/GbDownload/GbDownloadDatePicker.cy.js",
      "beforeHooks": [],
      "afterHooks": [],
      "tests": [],
      "suites": [
        {
          "uuid": "416edb61-f7c7-4a54-b75d-d8cd46af046d",
          "title": "GB download - Date picker",
          "fullFile": "",
          "file": "",
          "beforeHooks": [],
          "afterHooks": [],
          "tests": [
            {
              "title": "Navigate to Download my data & Export data - AMR Solar",
              "fullTitle": "GB download - Date picker Navigate to Download my data & Export data - AMR Solar",
              "timedOut": null,
              "duration": 22216,
              "state": "passed",
              "speed": "slow",
              "pass": true,
              "fail": false,
              "pending": false,
              "context": null,
              "code": "generateUrl(uuidAMRSolar);",
              "err": {},
              "uuid": "59b0ba2e-8754-43b3-bda2-a65bd974a60a",
              "parentUUID": "416edb61-f7c7-4a54-b75d-d8cd46af046d",
              "isHook": false,
              "skipped": false
            },
            {
              "title": "Navigate to Download my data & Export data - AMI Solar",
              "fullTitle": "GB download - Date picker Navigate to Download my data & Export data - AMI Solar",
              "timedOut": null,
              "duration": 34950,
              "state": "passed",
              "speed": "slow",
              "pass": true,
              "fail": false,
              "pending": false,
              "context": null,
              "code": "generateUrl(uuidAMISolar);",
              "err": {},
              "uuid": "16cb8915-ea9d-4d97-ad34-9fb97b224b75",
              "parentUUID": "416edb61-f7c7-4a54-b75d-d8cd46af046d",
              "isHook": false,
              "skipped": false
            },
            {
              "title": "Navigate to Download my data & Export data - AMR E to AMR Solar",
              "fullTitle": "GB download - Date picker Navigate to Download my data & Export data - AMR E to AMR Solar",
              "timedOut": null,
              "duration": 23031,
              "state": "passed",
              "speed": "slow",
              "pass": true,
              "fail": false,
              "pending": false,
              "context": null,
              "code": "generateUrl(uuidAMREToAMRS);",
              "err": {},
              "uuid": "0c3a76e1-bae5-49db-899d-c1ce05cdf5e0",
              "parentUUID": "416edb61-f7c7-4a54-b75d-d8cd46af046d",
              "isHook": false,
              "skipped": false
            },
            {
              "title": "Navigate to Download my data & Export data - AMI E to AMI Solar",
              "fullTitle": "GB download - Date picker Navigate to Download my data & Export data - AMI E to AMI Solar",
              "timedOut": null,
              "duration": 28667,
              "state": "passed",
              "speed": "slow",
              "pass": true,
              "fail": false,
              "pending": false,
              "context": null,
              "code": "generateUrl(uuidAMIEToAMIS);",
              "err": {},
              "uuid": "f9397b9d-66d9-4468-b47f-35e53265ba50",
              "parentUUID": "416edb61-f7c7-4a54-b75d-d8cd46af046d",
              "isHook": false,
              "skipped": false
            },
            {
              "title": "Navigate to Download my data & Export data - AMR to AMI Solar",
              "fullTitle": "GB download - Date picker Navigate to Download my data & Export data - AMR to AMI Solar",
              "timedOut": null,
              "duration": 34451,
              "state": "passed",
              "speed": "slow",
              "pass": true,
              "fail": false,
              "pending": false,
              "context": null,
              "code": "generateUrl(uuidAMRToAMISolar);",
              "err": {},
              "uuid": "1f4dc9c0-31a2-4293-8c8e-9ec669a16e8e",
              "parentUUID": "416edb61-f7c7-4a54-b75d-d8cd46af046d",
              "isHook": false,
              "skipped": false
            },
            {
              "title": "Navigate to Download my data & Export data - AMI Solar to AMI NonSolar",
              "fullTitle": "GB download - Date picker Navigate to Download my data & Export data - AMI Solar to AMI NonSolar",
              "timedOut": null,
              "duration": 25615,
              "state": "passed",
              "speed": "slow",
              "pass": true,
              "fail": false,
              "pending": false,
              "context": null,
              "code": "generateUrl(uuidAMISToNS);",
              "err": {},
              "uuid": "f71b6967-7d41-49ba-bec0-cf8b011a6471",
              "parentUUID": "416edb61-f7c7-4a54-b75d-d8cd46af046d",
              "isHook": false,
              "skipped": false
            },
            {
              "title": "Navigate to Download my data & Export data - AMI NonSolar to AMI Solar",
              "fullTitle": "GB download - Date picker Navigate to Download my data & Export data - AMI NonSolar to AMI Solar",
              "timedOut": null,
              "duration": 25840,
              "state": "passed",
              "speed": "slow",
              "pass": true,
              "fail": false,
              "pending": false,
              "context": null,
              "code": "generateUrl(uuidAMINSToS);",
              "err": {},
              "uuid": "dc8254e4-0a35-4ec7-bd47-aec3c8e170eb",
              "parentUUID": "416edb61-f7c7-4a54-b75d-d8cd46af046d",
              "isHook": false,
              "skipped": false
            },
            {
              "title": "Navigate to Download my data & Export data - 365 Days data",
              "fullTitle": "GB download - Date picker Navigate to Download my data & Export data - 365 Days data",
              "timedOut": null,
              "duration": 26189,
              "state": "passed",
              "speed": "slow",
              "pass": true,
              "fail": false,
              "pending": false,
              "context": null,
              "code": "generateUrl(uuidTwelveMonths);\ncy.contains('Export usage for range of bill period').click();\ncy.get(objGbDownload.dropdownEle).click(); // cy.get(objGbDownload.dropdownList).should('have.length', 12)",
              "err": {},
              "uuid": "a6794f0f-af66-48a3-ad44-877831dccf9f",
              "parentUUID": "416edb61-f7c7-4a54-b75d-d8cd46af046d",
              "isHook": false,
              "skipped": false
            }
          ],
          "suites": [],
          "passes": [
            "59b0ba2e-8754-43b3-bda2-a65bd974a60a",
            "16cb8915-ea9d-4d97-ad34-9fb97b224b75",
            "0c3a76e1-bae5-49db-899d-c1ce05cdf5e0",
            "f9397b9d-66d9-4468-b47f-35e53265ba50",
            "1f4dc9c0-31a2-4293-8c8e-9ec669a16e8e",
            "f71b6967-7d41-49ba-bec0-cf8b011a6471",
            "dc8254e4-0a35-4ec7-bd47-aec3c8e170eb",
            "a6794f0f-af66-48a3-ad44-877831dccf9f"
          ],
          "failures": [],
          "pending": [],
          "skipped": [],
          "duration": 220959,
          "root": false,
          "rootEmpty": false,
          "_timeout": 2000
        }
      ],
      "passes": [],
      "failures": [],
      "pending": [],
      "skipped": [],
      "duration": 0,
      "root": true,
      "rootEmpty": true,
      "_timeout": 2000
    },
    {
      "uuid": "fe9b258f-405a-455d-b2e5-f694d907c359",
      "title": "",
      "fullFile": "cypress/e2e/Ameren/GbDownload/GbDownloadDualFuel.cy.js",
      "file": "cypress/e2e/Ameren/GbDownload/GbDownloadDualFuel.cy.js",
      "beforeHooks": [],
      "afterHooks": [],
      "tests": [],
      "suites": [
        {
          "uuid": "6a94f261-ae0f-45a4-9948-8d8580e4d37b",
          "title": "GB download - Dual fuel",
          "fullFile": "",
          "file": "",
          "beforeHooks": [],
          "afterHooks": [],
          "tests": [
            {
              "title": "Navigate to Download my data & Export data - AMR Electric",
              "fullTitle": "GB download - Dual fuel Navigate to Download my data & Export data - AMR Electric",
              "timedOut": null,
              "duration": 32144,
              "state": "passed",
              "speed": "slow",
              "pass": true,
              "fail": false,
              "pending": false,
              "context": null,
              "code": "downloadData('ELECTRIC', gatewayIdEAmr, 'Electric');",
              "err": {},
              "uuid": "bdfd4854-5a78-410c-bd69-2de7a1a0b0cb",
              "parentUUID": "6a94f261-ae0f-45a4-9948-8d8580e4d37b",
              "isHook": false,
              "skipped": false
            },
            {
              "title": "Fetch values from Meter API - AMR Electric",
              "fullTitle": "GB download - Dual fuel Fetch values from Meter API - AMR Electric",
              "timedOut": null,
              "duration": 532,
              "state": "passed",
              "speed": "fast",
              "pass": true,
              "fail": false,
              "pending": false,
              "context": null,
              "code": "objApiResponse.meterApiResponse(uuidDualAMREG, gatewayIdEAmr, bearerToken).then(res => {\n  cy.log(res);\n  var strMeterObj = '/users/' + uuidDualAMREG + '/homes/1/gws/' + gatewayIdEAmr + '/meters/1';\n  var meterObj = res[strMeterObj];\n  meterTokenE = meterObj.token;\n  cy.log(meterTokenE);\n});",
              "err": {},
              "uuid": "1deb47dd-f83b-445c-829f-d0520c2c13ac",
              "parentUUID": "6a94f261-ae0f-45a4-9948-8d8580e4d37b",
              "isHook": false,
              "skipped": false
            },
            {
              "title": "Read download file - AMR Electric",
              "fullTitle": "GB download - Dual fuel Read download file - AMR Electric",
              "timedOut": null,
              "duration": 417,
              "state": "passed",
              "speed": "fast",
              "pass": true,
              "fail": false,
              "pending": false,
              "context": null,
              "code": "cy.task('downloads', 'cypress/downloads').then(after => {\n  console.log(after); // console.log(strObj)\n  cy.readFile(\"cypress/downloads/\" + after).then(fileToRead => {\n    cy.wrap(fileToRead).should('contain', 'Green Button Data File. Meter: ' + meterTokenE);\n    cy.wrap(fileToRead).should('contain', '<espi:ReadingType><espi:accumulationBehaviour>4</espi:accumulationBehaviour><espi:commodity>1</espi:commodity><espi:dataQualifier>12</espi:dataQualifier><espi:defaultQuality>17</espi:defaultQuality><espi:flowDirection>1</espi:flowDirection><espi:intervalLength>86400</espi:intervalLength><espi:kind>12</espi:kind><espi:phase>769</espi:phase><espi:powerOfTenMultiplier>0</espi:powerOfTenMultiplier><espi:timeAttribute>0</espi:timeAttribute><espi:uom>72</espi:uom></espi:ReadingType>');\n    for (let index = 0; index < arrValues.length; index++) {\n      const element = arrValues[index];\n      console.log(element);\n      cy.wrap(fileToRead).should('contain', element);\n    }\n  });\n});",
              "err": {},
              "uuid": "ceb47fc1-63e8-4211-aede-40fafe6045e3",
              "parentUUID": "6a94f261-ae0f-45a4-9948-8d8580e4d37b",
              "isHook": false,
              "skipped": false
            },
            {
              "title": "Navigate to Download my data & Export data - AMR Gas",
              "fullTitle": "GB download - Dual fuel Navigate to Download my data & Export data - AMR Gas",
              "timedOut": null,
              "duration": 37105,
              "state": "passed",
              "speed": "slow",
              "pass": true,
              "fail": false,
              "pending": false,
              "context": null,
              "code": "downloadData('GAS', gatewayIdGAmr, 'Gas');",
              "err": {},
              "uuid": "0568d25e-9eb1-4bbd-8b3e-1f8644ceea6b",
              "parentUUID": "6a94f261-ae0f-45a4-9948-8d8580e4d37b",
              "isHook": false,
              "skipped": false
            },
            {
              "title": "Fetch values from Meter API - AMR Gas",
              "fullTitle": "GB download - Dual fuel Fetch values from Meter API - AMR Gas",
              "timedOut": null,
              "duration": 475,
              "state": "passed",
              "speed": "fast",
              "pass": true,
              "fail": false,
              "pending": false,
              "context": null,
              "code": "objApiResponse.meterApiResponse(uuidDualAMREG, gatewayIdGAmr, bearerToken).then(res => {\n  cy.log(res);\n  var strMeterObj = '/users/' + uuidDualAMREG + '/homes/1/gws/' + gatewayIdGAmr + '/meters/1';\n  var meterObj = res[strMeterObj];\n  meterTokenG = meterObj.token;\n  cy.log(meterTokenG);\n});",
              "err": {},
[...]
              "err": {},
              "uuid": "f4c0607c-eb58-4502-bfa5-6c959320c5d7",
              "parentUUID": "6a94f261-ae0f-45a4-9948-8d8580e4d37b",
              "isHook": false,
              "skipped": false
            }
          ],
          "suites": [],
          "passes": [
            "bdfd4854-5a78-410c-bd69-2de7a1a0b0cb",
            "1deb47dd-f83b-445c-829f-d0520c2c13ac",
            "ceb47fc1-63e8-4211-aede-40fafe6045e3",
            "0568d25e-9eb1-4bbd-8b3e-1f8644ceea6b",
            "8fe6e891-2e6c-4e1d-89a2-f0cb729e763f",
            "f4c0607c-eb58-4502-bfa5-6c959320c5d7"
          ],
          "failures": [],
          "pending": [],
          "skipped": [],
          "duration": 123200,
          "root": false,
          "rootEmpty": false,
          "_timeout": 2000
        }
      ],
      "passes": [],
      "failures": [],
      "pending": [],
      "skipped": [],
      "duration": 0,
      "root": true,
      "rootEmpty": true,
      "_timeout": 2000
    },
    {
      "uuid": "2452116c-3e85-49da-bac5-6c04d68f96bc",
      "title": "",
      "fullFile": "cypress/e2e/Ameren/GbDownload/GbDownloadMultimeter.cy.js",
      "file": "cypress/e2e/Ameren/GbDownload/GbDownloadMultimeter.cy.js",
      "beforeHooks": [],
      "afterHooks": [],
      "tests": [],
      "suites": [
        {
          "uuid": "b8e59487-2696-4e75-97a4-07d73ca417fa",
          "title": "GB download - Multimeter Tests",
          "fullFile": "",
          "file": "",
          "beforeHooks": [],
          "afterHooks": [],
          "tests": [
            {
              "title": "Navigate to Download my data & Export data - Multimeter AMR Electric",
              "fullTitle": "GB download - Multimeter Tests Navigate to Download my data & Export data - Multimeter AMR Electric",
              "timedOut": null,
              "duration": 17331,
              "state": "passed",
              "speed": "slow",
              "pass": true,
              "fail": false,
              "pending": false,
              "context": null,
              "code": "generateUrl(uuidMultimeterAMRE);",
              "err": {},
              "uuid": "78218d02-9ed3-4eec-8cec-2f4924928130",
              "parentUUID": "b8e59487-2696-4e75-97a4-07d73ca417fa",
              "isHook": false,
              "skipped": false
            },
            {
              "title": "Navigate to Download my data & Export data - Multimeter AMI Electric",
              "fullTitle": "GB download - Multimeter Tests Navigate to Download my data & Export data - Multimeter AMI Electric",
              "timedOut": null,
              "duration": 20105,
              "state": "passed",
              "speed": "slow",
              "pass": true,
              "fail": false,
              "pending": false,
              "context": null,
              "code": "generateUrl(uuidMultimeterAMIE);",
              "err": {},
              "uuid": "896ae1c6-dbd3-4958-85c4-3c2826e46815",
              "parentUUID": "b8e59487-2696-4e75-97a4-07d73ca417fa",
              "isHook": false,
              "skipped": false
            },
            {
              "title": "Navigate to Download my data & Export data - Multimeter AMR Solar",
              "fullTitle": "GB download - Multimeter Tests Navigate to Download my data & Export data - Multimeter AMR Solar",
              "timedOut": null,
              "duration": 22489,
              "state": "passed",
              "speed": "slow",
              "pass": true,
              "fail": false,
              "pending": false,
              "context": null,
              "code": "generateUrl(uuidMultimeterAMRS);",
              "err": {},
              "uuid": "952aefdf-a14a-4187-aa00-0cc20a530b1d",
              "parentUUID": "b8e59487-2696-4e75-97a4-07d73ca417fa",
              "isHook": false,
              "skipped": false
            },
            {
              "title": "Navigate to Download my data & Export data - Multimeter AMI Solar",
              "fullTitle": "GB download - Multimeter Tests Navigate to Download my data & Export data - Multimeter AMI Solar",
              "timedOut": null,
              "duration": 18365,
              "state": "passed",
              "speed": "slow",
              "pass": true,
              "fail": false,
              "pending": false,
              "context": null,
              "code": "generateUrl(uuidMultimeterAMIS);",
              "err": {},
              "uuid": "09d14999-ec18-4618-8122-d568f48014cc",
              "parentUUID": "b8e59487-2696-4e75-97a4-07d73ca417fa",
              "isHook": false,
              "skipped": false
            },
            {
              "title": "Navigate to Download my data & Export data - 10 days Raw data",
              "fullTitle": "GB download - Multimeter Tests Navigate to Download my data & Export data - 10 days Raw data",
              "timedOut": null,
              "duration": 17159,
              "state": "passed",
              "speed": "slow",
              "pass": true,
              "fail": false,
              "pending": false,
              "context": null,
              "code": "generateUrl(uuidRaw10Days);",
              "err": {},
              "uuid": "4da1f922-b9bc-49e6-96f1-1cef625e2183",
              "parentUUID": "b8e59487-2696-4e75-97a4-07d73ca417fa",
              "isHook": false,
              "skipped": false
            },
            {
              "title": "Navigate to Download my data & Export data - 10 days Raw data 1 BillCycle",
              "fullTitle": "GB download - Multimeter Tests Navigate to Download my data & Export data - 10 days Raw data 1 BillCycle",
              "timedOut": null,
              "duration": 17688,
              "state": "passed",
              "speed": "slow",
              "pass": true,
              "fail": false,
              "pending": false,
              "context": null,
              "code": "generateUrl(uuidRaw10Days1BC);",
              "err": {},
              "uuid": "35278ecb-3d74-412e-a265-b2de7899c8fa",
              "parentUUID": "b8e59487-2696-4e75-97a4-07d73ca417fa",
              "isHook": false,
              "skipped": false
            },
            {
              "title": "Navigate to Download my data & Export data - Multimeter AMR Gas",
              "fullTitle": "GB download - Multimeter Tests Navigate to Download my data & Export data - Multimeter AMR Gas",
              "timedOut": null,
              "duration": 18930,
              "state": "passed",
              "speed": "slow",
              "pass": true,
              "fail": false,
              "pending": false,
              "context": null,
              "code": "measurementType = 'GAS';\ngenerateUrl(uuidMultimeterAMRG);",
              "err": {},
              "uuid": "07bd38b2-cdb9-46da-9f32-0dc31261a2be",
              "parentUUID": "b8e59487-2696-4e75-97a4-07d73ca417fa",
              "isHook": false,
              "skipped": false
            }
          ],
          "suites": [],
          "passes": [
            "78218d02-9ed3-4eec-8cec-2f4924928130",
            "896ae1c6-dbd3-4958-85c4-3c2826e46815",
            "952aefdf-a14a-4187-aa00-0cc20a530b1d",
            "09d14999-ec18-4618-8122-d568f48014cc",
            "4da1f922-b9bc-49e6-96f1-1cef625e2183",
            "35278ecb-3d74-412e-a265-b2de7899c8fa",
            "07bd38b2-cdb9-46da-9f32-0dc31261a2be"
          ],
          "failures": [],
          "pending": [],
          "skipped": [],
          "duration": 132067,
          "root": false,
          "rootEmpty": false,
          "_timeout": 2000
        }
      ],
      "passes": [],
      "failures": [],
      "pending": [],
      "skipped": [],
      "duration": 0,
      "root": true,
      "rootEmpty": true,
      "_timeout": 2000
    },
    {
      "uuid": "628331c4-0bfa-4ee9-8804-7f691ee03b26",
      "title": "",
      "fullFile": "cypress/e2e/Ameren/GbDownload/GbDownloadNegativeTests.cy.js",
      "file": "cypress/e2e/Ameren/GbDownload/GbDownloadNegativeTests.cy.js",
      "beforeHooks": [],
      "afterHooks": [],
      "tests": [],
      "suites": [
        {
          "uuid": "11a47e5b-33e4-4960-aadb-3830a8acb44f",
          "title": "GB download - Negative Tests",
          "fullFile": "",
          "file": "",
          "beforeHooks": [],
          "afterHooks": [],
          "tests": [
            {
              "title": "Navigate to Download my data & Export data - 1 BC missing",
              "fullTitle": "GB download - Negative Tests Navigate to Download my data & Export data - 1 BC missing",
              "timedOut": null,
              "duration": 16487,
              "state": "passed",
              "speed": "slow",
              "pass": true,
              "fail": false,
              "pending": false,
              "context": null,
              "code": "generateUrl(uuid1BC);",
              "err": {},
              "uuid": "93d1023d-0384-475d-8eae-4b793eb74d17",
              "parentUUID": "11a47e5b-33e4-4960-aadb-3830a8acb44f",
              "isHook": false,
              "skipped": false
            },
            {
              "title": "Navigate to Download my data & Export data - No Raw",
              "fullTitle": "GB download - Negative Tests Navigate to Download my data & Export data - No Raw",
              "timedOut": null,
              "duration": 22114,
              "state": "passed",
              "speed": "slow",
              "pass": true,
              "fail": false,
              "pending": false,
              "context": null,
              "code": "generateUrl(uuidNoRaw);",
              "err": {},
              "uuid": "c46d7501-5440-42cc-af87-6d9c783217ca",
              "parentUUID": "11a47e5b-33e4-4960-aadb-3830a8acb44f",
              "isHook": false,
              "skipped": false
            },
            {
              "title": "Navigate to Download my data & Export data - One Raw",
              "fullTitle": "GB download - Negative Tests Navigate to Download my data & Export data - One Raw",
              "timedOut": null,
              "duration": 16819,
              "state": "passed",
              "speed": "slow",
              "pass": true,
              "fail": false,
              "pending": false,
              "context": null,
              "code": "generateUrl(uuid1Raw);",
              "err": {},
              "uuid": "07a1b051-b9f2-4aaf-817a-de3f6ae7bf66",
              "parentUUID": "11a47e5b-33e4-4960-aadb-3830a8acb44f",
              "isHook": false,
              "skipped": false
            },
            {
              "title": "Navigate to Download my data & Export data - Zero cost Raw data",
              "fullTitle": "GB download - Negative Tests Navigate to Download my data & Export data - Zero cost Raw data",
              "timedOut": null,
              "duration": 15402,
              "state": "passed",
              "speed": "slow",
              "pass": true,
              "fail": false,
              "pending": false,
              "context": null,
              "code": "generateUrl(uuidZeroCost);",
              "err": {},
              "uuid": "c21dd764-cd77-46a2-9eb2-ad3b0a3e3ce5",
              "parentUUID": "11a47e5b-33e4-4960-aadb-3830a8acb44f",
              "isHook": false,
              "skipped": false
            },
            {
              "title": "Navigate to Download my data & Export data - Negative consumption",
              "fullTitle": "GB download - Negative Tests Navigate to Download my data & Export data - Negative consumption",
              "timedOut": null,
              "duration": 15483,
              "state": "passed",
              "speed": "slow",
              "pass": true,
              "fail": false,
              "pending": false,
              "context": null,
              "code": "generateUrl(uuidNegativeValuesRAW);",
              "err": {},
              "uuid": "3c606dd3-3be3-4a04-9270-022137019eb1",
              "parentUUID": "11a47e5b-33e4-4960-aadb-3830a8acb44f",
              "isHook": false,
              "skipped": false
            },
            {
              "title": "Navigate to Download my data & Export data - Negative billing",
              "fullTitle": "GB download - Negative Tests Navigate to Download my data & Export data - Negative billing",
              "timedOut": null,
              "duration": 18196,
              "state": "passed",
              "speed": "slow",
              "pass": true,
              "fail": false,
              "pending": false,
              "context": null,
              "code": "generateUrl(uuidNegativeValuesInvoice);",
              "err": {},
              "uuid": "f7cb8779-5b82-4f3b-a52c-b3743d16a0f3",
              "parentUUID": "11a47e5b-33e4-4960-aadb-3830a8acb44f",
              "isHook": false,
              "skipped": false
            },
            {
              "title": "Navigate to Download my data & Export data - Zero Consumption RAW",
              "fullTitle": "GB download - Negative Tests Navigate to Download my data & Export data - Zero Consumption RAW",
              "timedOut": null,
              "duration": 15424,
              "state": "passed",
              "speed": "slow",
              "pass": true,
              "fail": false,
              "pending": false,
              "context": null,
              "code": "generateUrl(uuidZeroConsumption);",
              "err": {},
              "uuid": "88f86910-ab86-4e62-aef1-61832b773a72",
              "parentUUID": "11a47e5b-33e4-4960-aadb-3830a8acb44f",
              "isHook": false,
              "skipped": false
            },
            {
              "title": "Navigate to Download my data & Export data - Overlapping BillCycle One",
              "fullTitle": "GB download - Negative Tests Navigate to Download my data & Export data - Overlapping BillCycle One",
              "timedOut": null,
              "duration": 13264,
              "state": "passed",
              "speed": "slow",
              "pass": true,
              "fail": false,
              "pending": false,
              "context": null,
              "code": "generateUrl(uuidOverlappingBcOne);",
              "err": {},
              "uuid": "20909589-7a35-4eb7-9073-ce28fec17a53",
              "parentUUID": "11a47e5b-33e4-4960-aadb-3830a8acb44f",
              "isHook": false,
              "skipped": false
            },
            {
              "title": "Navigate to Download my data & Export data - Overlapping BillCycle Two",
              "fullTitle": "GB download - Negative Tests Navigate to Download my data & Export data - Overlapping BillCycle Two",
              "timedOut": null,
              "duration": 21006,
              "state": "passed",
              "speed": "slow",
              "pass": true,
              "fail": false,
              "pending": false,
              "context": null,
              "code": "generateUrl(uuidOverlappingBcTwo);",
              "err": {},
              "uuid": "91897349-a900-40fa-9fd0-47ce1a34af41",
              "parentUUID": "11a47e5b-33e4-4960-aadb-3830a8acb44f",
              "isHook": false,
              "skipped": false
            },
            {
              "title": "Navigate to Download my data & Export data - Shorter BillCycle",
              "fullTitle": "GB download - Negative Tests Navigate to Download my data & Export data - Shorter BillCycle",
              "timedOut": null,
              "duration": 21841,
              "state": "passed",
              "speed": "slow",
              "pass": true,
              "fail": false,
              "pending": false,
              "context": null,
              "code": "generateUrl(uuidShorterBc);",
              "err": {},
              "uuid": "ccfb5672-f944-403a-96b1-5d613f66532e",
              "parentUUID": "11a47e5b-33e4-4960-aadb-3830a8acb44f",
              "isHook": false,
              "skipped": false
            },
            {
              "title": "Navigate to Download my data & Export data - AMR E",
              "fullTitle": "GB download - Negative Tests Navigate to Download my data & Export data - AMR E",
              "timedOut": null,
              "duration": 15717,
              "state": "passed",
              "speed": "slow",
              "pass": true,
              "fail": false,
              "pending": false,
              "context": null,
              "code": "generateUrl(uuidAmrE);",
              "err": {},
              "uuid": "53251361-dfd0-4a2c-8177-c28127565928",
              "parentUUID": "11a47e5b-33e4-4960-aadb-3830a8acb44f",
              "isHook": false,
              "skipped": false
            },
            {
              "title": "Navigate to Download my data & Export data - AMI E",
              "fullTitle": "GB download - Negative Tests Navigate to Download my data & Export data - AMI E",
              "timedOut": null,
              "duration": 18375,
              "state": "passed",
              "speed": "slow",
              "pass": true,
              "fail": false,
              "pending": false,
              "context": null,
              "code": "generateUrl(uuidAmiE);",
              "err": {},
              "uuid": "6ee172bf-7c07-415d-9f03-245ebd3ad858",
              "parentUUID": "11a47e5b-33e4-4960-aadb-3830a8acb44f",
              "isHook": false,
              "skipped": false
            },
            {
              "title": "Navigate to Download my data & Export data - AMR-AMI Historical data",
              "fullTitle": "GB download - Negative Tests Navigate to Download my data & Export data - AMR-AMI Historical data",
              "timedOut": null,
              "duration": 16971,
              "state": "passed",
              "speed": "slow",
              "pass": true,
              "fail": false,
              "pending": false,
              "context": null,
              "code": "generateUrl(uuidAmrAmiHistData);",
              "err": {},
              "uuid": "990ae696-7c3b-412d-8b4d-ff016e5b4b01",
              "parentUUID": "11a47e5b-33e4-4960-aadb-3830a8acb44f",
              "isHook": false,
              "skipped": false
            }
          ],
          "suites": [],
          "passes": [
            "93d1023d-0384-475d-8eae-4b793eb74d17",
            "c46d7501-5440-42cc-af87-6d9c783217ca",
            "07a1b051-b9f2-4aaf-817a-de3f6ae7bf66",
            "c21dd764-cd77-46a2-9eb2-ad3b0a3e3ce5",
            "3c606dd3-3be3-4a04-9270-022137019eb1",
            "f7cb8779-5b82-4f3b-a52c-b3743d16a0f3",
            "88f86910-ab86-4e62-aef1-61832b773a72",
            "20909589-7a35-4eb7-9073-ce28fec17a53",
            "91897349-a900-40fa-9fd0-47ce1a34af41",
            "ccfb5672-f944-403a-96b1-5d613f66532e",
            "53251361-dfd0-4a2c-8177-c28127565928",
            "6ee172bf-7c07-415d-9f03-245ebd3ad858",
            "990ae696-7c3b-412d-8b4d-ff016e5b4b01"
          ],
          "failures": [],
          "pending": [],
          "skipped": [],
          "duration": 227099,
          "root": false,
          "rootEmpty": false,
          "_timeout": 2000
        }
      ],
      "passes": [],
      "failures": [],
      "pending": [],
      "skipped": [],
      "duration": 0,
      "root": true,
      "rootEmpty": true,
      "_timeout": 2000
    }
  ],
  "meta": {
    "mocha": {
      "version": "7.0.1"
    },
    "mochawesome": {
      "options": {
        "quiet": false,
        "reportFilename": "mochawesome",
        "saveHtml": false,
        "saveJson": true,
        "consoleReporter": "spec",
        "useInlineDiffs": false,
        "code": true
      },
      "version": "7.1.3"
    },
    "marge": {
      "options": {
        "id": "default",
        "reportDir": "cypress/reports/mocha",
        "quite": true,
        "overwrite": false,
        "html": false,
        "json": true
      },
      "version": "6.2.0"
    }
  }
}