{
  "stats": {
    "suites": 7,
    "tests": 45,
    "passes": 0,
    "pending": 0,
    "failures": 45,
    "start": "2022-08-23T06:19:04.495Z",
    "end": "2022-08-23T06:27:59.165Z",
    "duration": 344688,
    "testsRegistered": 45,
    "passPercent": 0,
    "pendingPercent": 0,
    "other": 0,
    "hasOther": false,
    "skipped": 0,
    "hasSkipped": false
  },
  "results": [
    {
      "uuid": "cfe8cd47-c9af-433f-80db-bce0a4f8b603",
      "title": "",
      "fullFile": "cypress/e2e/Ameren/ADA/ADAAMIE.cy.js",
      "file": "cypress/e2e/Ameren/ADA/ADAAMIE.cy.js",
      "beforeHooks": [],
      "afterHooks": [],
      "tests": [],
      "suites": [
        {
          "uuid": "3c30f41f-c3ca-42ed-97ce-1e7b35d1c509",
          "title": "Accessibility Testing - AMI Electric",
          "fullFile": "",
          "file": "",
          "beforeHooks": [],
          "afterHooks": [],
          "tests": [
            {
              "title": "Check homepage",
              "fullTitle": "Accessibility Testing - AMI Electric Check homepage",
              "timedOut": null,
              "duration": 16663,
              "state": "failed",
              "speed": null,
              "pass": false,
              "fail": true,
              "pending": false,
              "context": null,
              "code": "objGenericPage.checkHeader();\nobjHomepage.homePageLoaded();\nobjGenericPage.loadingScreenIndicator();\ncy.wait(3000); // first a11y test\ncy.customCheckAlly();",
              "err": {
                "message": "AssertionError: 4 accessibility violations were detected: expected 4 to equal 0",
                "estack": "AssertionError: 4 accessibility violations were detected: expected 4 to equal 0\n    at Context.eval (https://amerenuat.bidgely.com/__cypress/tests?p=cypress/support/e2e.js:6274:20)",
                "diff": null
              },
              "uuid": "8387c42e-7ffc-4b5f-9d70-35cb565f9980",
              "parentUUID": "3c30f41f-c3ca-42ed-97ce-1e7b35d1c509",
              "isHook": false,
              "skipped": false
            },
            {
              "title": "Check Energy Insights",
              "fullTitle": "Accessibility Testing - AMI Electric Check Energy Insights",
              "timedOut": null,
              "duration": 9187,
              "state": "failed",
              "speed": null,
              "pass": false,
              "fail": true,
              "pending": false,
              "context": null,
              "code": "objGenericPage.clickNavBarTabs('ENERGY_INSIGHTS');\nobjInsightsPage.insightsPageLoaded();\ncy.wait(500);\nobjGenericPage.loadingScreenIndicator();\ncy.wait(2000);\nlet arrEle = [[objGenericPage.headerNav], ['.view-tab.ada-accessibility.MuiTab-root:nth-child(2) > .MuiTab-wrapper']];\ncy.customCheckAllyExclude([objGenericPage.headerNav]);\nobjInsightsPage.clickInsightMainTabs('Appliance');\ncy.wait(500);\nobjGenericPage.loadingScreenIndicator();\ncy.wait(2000);\ncy.customCheckAllyExclude([objGenericPage.headerNav]);\nobjInsightsPage.clickInsightMainTabs('Cost');\ncy.wait(500);\nobjGenericPage.loadingScreenIndicator();\ncy.wait(2000);\ncy.customCheckAllyExclude([objGenericPage.headerNav]);\nobjInsightsPage.clickInsightMainTabs('Usage');\ncy.wait(500);\nobjGenericPage.loadingScreenIndicator();\ncy.wait(2000);\ncy.customCheckAllyExclude([objGenericPage.headerNav]);\nobjInsightsPage.clickInsightTabs('Monthly Summary');\ncy.wait(500);\nobjGenericPage.loadingScreenIndicator();\ncy.wait(2000);\ncy.customCheckAllyExclude([objGenericPage.headerNav]);\nobjInsightsPage.clickInsightTabs('Similar Homes');\ncy.wait(500);\nobjGenericPage.loadingScreenIndicator();\ncy.wait(2000);\ncy.customCheckAllyExclude([objGenericPage.headerNav]);\nobjInsightsPage.clickInsightTabs('Bill Analysis');\ncy.wait(500);\nobjGenericPage.loadingScreenIndicator();\ncy.wait(2000);\ncy.customCheckAllyExclude([objGenericPage.headerNav]);\nobjInsightsPage.clickInsightTabs('Rate Plan Options');\ncy.wait(500);\nobjGenericPage.loadingScreenIndicator();\ncy.wait(2000);\ncy.customCheckAllyExclude([objGenericPage.headerNav]);",
              "err": {
                "message": "AssertionError: 2 accessibility violations were detected: expected 2 to equal 0",
                "estack": "AssertionError: 2 accessibility violations were detected: expected 2 to equal 0\n    at Context.eval (https://amerenuat.bidgely.com/__cypress/tests?p=cypress/support/e2e.js:6274:20)",
                "diff": null
              },
              "uuid": "1f2daab9-adbb-49a4-978e-e36a359a1ba3",
              "parentUUID": "3c30f41f-c3ca-42ed-97ce-1e7b35d1c509",
              "isHook": false,
              "skipped": false
            },
            {
              "title": "Check My Recommedations",
              "fullTitle": "Accessibility Testing - AMI Electric Check My Recommedations",
              "timedOut": null,
              "duration": 6285,
              "state": "failed",
              "speed": null,
              "pass": false,
              "fail": true,
              "pending": false,
              "context": null,
              "code": "objGenericPage.clickNavBarTabs('MY_RECOMMENDATIONS');\nobjRecoPage.recommedationsPageLoaded();\ncy.wait(500);\nobjGenericPage.loadingScreenIndicator();\ncy.wait(2000);\ncy.customCheckAllyExclude([objGenericPage.headerNav]);",
              "err": {
                "message": "AssertionError: 2 accessibility violations were detected: expected 2 to equal 0",
                "estack": "AssertionError: 2 accessibility violations were detected: expected 2 to equal 0\n    at Context.eval (https://amerenuat.bidgely.com/__cypress/tests?p=cypress/support/e2e.js:6274:20)",
                "diff": null
              },
              "uuid": "1745cd20-9656-4bac-b925-0b9480d3737b",
              "parentUUID": "3c30f41f-c3ca-42ed-97ce-1e7b35d1c509",
              "isHook": false,
              "skipped": false
            },
            {
              "title": "Check FAQs",
              "fullTitle": "Accessibility Testing - AMI Electric Check FAQs",
              "timedOut": null,
              "duration": 6353,
              "state": "failed",
              "speed": null,
              "pass": false,
              "fail": true,
              "pending": false,
              "context": null,
              "code": "objGenericPage.clickNavBarTabs('FAQS');\nobjFaq.faqPageLoaded();\ncy.wait(500);\nobjGenericPage.loadingScreenIndicator();\ncy.wait(2000);\ncy.customCheckAllyExclude([objGenericPage.headerNav]);",
              "err": {
                "message": "AssertionError: 3 accessibility violations were detected: expected 3 to equal 0",
                "estack": "AssertionError: 3 accessibility violations were detected: expected 3 to equal 0\n    at Context.eval (https://amerenuat.bidgely.com/__cypress/tests?p=cypress/support/e2e.js:6274:20)",
                "diff": null
              },
              "uuid": "aca57959-74e3-4fba-a19c-bfb35c735b57",
              "parentUUID": "3c30f41f-c3ca-42ed-97ce-1e7b35d1c509",
              "isHook": false,
              "skipped": false
            },
            {
              "title": "Check Survey",
              "fullTitle": "Accessibility Testing - AMI Electric Check Survey",
              "timedOut": null,
              "duration": 6231,
              "state": "failed",
              "speed": null,
              "pass": false,
              "fail": true,
              "pending": false,
              "context": null,
              "code": "objGenericPage.clickNavBarTabs('SURVEY');\nobjSurvey.surveyPageLoaded();\ncy.wait(500);\nobjGenericPage.loadingScreenIndicator();\ncy.wait(2000);\ncy.customCheckAllyExclude([objGenericPage.headerNav]);",
              "err": {
                "message": "AssertionError: 3 accessibility violations were detected: expected 3 to equal 0",
                "estack": "AssertionError: 3 accessibility violations were detected: expected 3 to equal 0\n    at Context.eval (https://amerenuat.bidgely.com/__cypress/tests?p=cypress/support/e2e.js:6274:20)",
                "diff": null
              },
              "uuid": "aec722be-2a87-44dd-bb18-eb3319d2dbc1",
              "parentUUID": "3c30f41f-c3ca-42ed-97ce-1e7b35d1c509",
              "isHook": false,
              "skipped": false
            }
          ],
          "suites": [],
          "passes": [],
          "failures": [
            "8387c42e-7ffc-4b5f-9d70-35cb565f9980",
            "1f2daab9-adbb-49a4-978e-e36a359a1ba3",
            "1745cd20-9656-4bac-b925-0b9480d3737b",
            "aca57959-74e3-4fba-a19c-bfb35c735b57",
            "aec722be-2a87-44dd-bb18-eb3319d2dbc1"
          ],
          "pending": [],
          "skipped": [],
          "duration": 44719,
          "root": false,
          "rootEmpty": false,
          "_timeout": 2000
        }
      ],
      "passes": [],
      "failures": [],
      "pending": [],
      "skipped": [],
      "duration": 0,
      "root": true,
      "rootEmpty": true,
      "_timeout": 2000
    },
    {
      "uuid": "b24cb0e7-c1a7-4d26-9ed5-f8da148c4815",
      "title": "",
      "fullFile": "cypress/e2e/Ameren/ADA/ADAAMIEAMRG.cy.js",
      "file": "cypress/e2e/Ameren/ADA/ADAAMIEAMRG.cy.js",
      "beforeHooks": [],
      "afterHooks": [],
      "tests": [],
      "suites": [
        {
          "uuid": "0736b9b5-109d-46ca-bf7f-a9f622d00293",
          "title": "Accessibility Testing - AMIAMR Dual fuel",
          "fullFile": "",
          "file": "",
          "beforeHooks": [],
          "afterHooks": [],
          "tests": [
            {
              "title": "Check homepage - Electric",
              "fullTitle": "Accessibility Testing - AMIAMR Dual fuel Check homepage - Electric",
              "timedOut": null,
              "duration": 16762,
              "state": "failed",
              "speed": null,
              "pass": false,
              "fail": true,
              "pending": false,
              "context": null,
              "code": "homepage('Electric');",
              "err": {
                "message": "AssertionError: 5 accessibility violations were detected: expected 5 to equal 0",
                "estack": "AssertionError: 5 accessibility violations were detected: expected 5 to equal 0\n    at Context.eval (https://amerenuat.bidgely.com/__cypress/tests?p=cypress/support/e2e.js:6274:20)",
                "diff": null
              },
              "uuid": "f8b145e4-373c-4a03-aa63-ac8e8cd48450",
              "parentUUID": "0736b9b5-109d-46ca-bf7f-a9f622d00293",
              "isHook": false,
              "skipped": false
            },
            {
              "title": "Check Energy Insights - Electric",
              "fullTitle": "Accessibility Testing - AMIAMR Dual fuel Check Energy Insights - Electric",
              "timedOut": null,
              "duration": 6567,
              "state": "failed",
              "speed": null,
              "pass": false,
              "fail": true,
              "pending": false,
              "context": null,
              "code": "energyInsights('Electric');",
              "err": {
                "message": "AssertionError: 2 accessibility violations were detected: expected 2 to equal 0",
                "estack": "AssertionError: 2 accessibility violations were detected: expected 2 to equal 0\n    at Context.eval (https://amerenuat.bidgely.com/__cypress/tests?p=cypress/support/e2e.js:6274:20)",
                "diff": null
              },
              "uuid": "23891612-d497-4232-9e23-dbfef202c3ba",
              "parentUUID": "0736b9b5-109d-46ca-bf7f-a9f622d00293",
              "isHook": false,
              "skipped": false
            },
            {
              "title": "Check My Recommedations - Electric",
              "fullTitle": "Accessibility Testing - AMIAMR Dual fuel Check My Recommedations - Electric",
              "timedOut": null,
              "duration": 6136,
              "state": "failed",
              "speed": null,
              "pass": false,
              "fail": true,
              "pending": false,
              "context": null,
              "code": "recommendations('Electric');",
              "err": {
                "message": "AssertionError: 2 accessibility violations were detected: expected 2 to equal 0",
                "estack": "AssertionError: 2 accessibility violations were detected: expected 2 to equal 0\n    at Context.eval (https://amerenuat.bidgely.com/__cypress/tests?p=cypress/support/e2e.js:6274:20)",
                "diff": null
              },
              "uuid": "0757f60a-310c-452e-b71c-cef7d301ef43",
              "parentUUID": "0736b9b5-109d-46ca-bf7f-a9f622d00293",
              "isHook": false,
              "skipped": false
            },
            {
              "title": "Check FAQs - Electric",
              "fullTitle": "Accessibility Testing - AMIAMR Dual fuel Check FAQs - Electric",
              "timedOut": null,
              "duration": 5341,
              "state": "failed",
              "speed": null,
              "pass": false,
              "fail": true,
              "pending": false,
              "context": null,
              "code": "faq('Electric');",
              "err": {
                "message": "AssertionError: 3 accessibility violations were detected: expected 3 to equal 0",
                "estack": "AssertionError: 3 accessibility violations were detected: expected 3 to equal 0\n    at Context.eval (https://amerenuat.bidgely.com/__cypress/tests?p=cypress/support/e2e.js:6274:20)",
                "diff": null
              },
              "uuid": "85845948-a1c3-4dbe-b569-66cac501f8cb",
              "parentUUID": "0736b9b5-109d-46ca-bf7f-a9f622d00293",
              "isHook": false,
              "skipped": false
            },
            {
              "title": "Check Survey - Electric",
              "fullTitle": "Accessibility Testing - AMIAMR Dual fuel Check Survey - Electric",
              "timedOut": null,
              "duration": 4546,
              "state": "failed",
              "speed": null,
              "pass": false,
              "fail": true,
              "pending": false,
              "context": null,
              "code": "survey('Electric');",
              "err": {
                "message": "AssertionError: 3 accessibility violations were detected: expected 3 to equal 0",
                "estack": "AssertionError: 3 accessibility violations were detected: expected 3 to equal 0\n    at Context.eval (https://amerenuat.bidgely.com/__cypress/tests?p=cypress/support/e2e.js:6274:20)",
                "diff": null
              },
              "uuid": "e1cf3919-718d-4fff-96e7-97231f369384",
              "parentUUID": "0736b9b5-109d-46ca-bf7f-a9f622d00293",
              "isHook": false,
              "skipped": false
            },
            {
              "title": "Check homepage - Gas",
              "fullTitle": "Accessibility Testing - AMIAMR Dual fuel Check homepage - Gas",
              "timedOut": null,
              "duration": 15078,
              "state": "failed",
              "speed": null,
              "pass": false,
              "fail": true,
              "pending": false,
              "context": null,
              "code": "cy.visit(pilotData.url + \"dashboard?user-hash=\" + hash);\nobjGenericPage.selectFuelType('Gas');\ncy.injectAxe();\nhomepage('Gas');",
              "err": {
                "message": "AssertionError: 5 accessibility violations were detected: expected 5 to equal 0",
                "estack": "AssertionError: 5 accessibility violations were detected: expected 5 to equal 0\n    at Context.eval (https://amerenuat.bidgely.com/__cypress/tests?p=cypress/support/e2e.js:6274:20)",
                "diff": null
              },
              "uuid": "968ad9c8-2268-4382-b27a-d621fca0a1cc",
              "parentUUID": "0736b9b5-109d-46ca-bf7f-a9f622d00293",
              "isHook": false,
              "skipped": false
            },
            {
              "title": "Check Energy Insights - Gas",
              "fullTitle": "Accessibility Testing - AMIAMR Dual fuel Check Energy Insights - Gas",
              "timedOut": null,
              "duration": 6475,
              "state": "failed",
              "speed": null,
              "pass": false,
              "fail": true,
              "pending": false,
              "context": null,
              "code": "energyInsights('Gas');",
              "err": {
                "message": "AssertionError: 2 accessibility violations were detected: expected 2 to equal 0",
                "estack": "AssertionError: 2 accessibility violations were detected: expected 2 to equal 0\n    at Context.eval (https://amerenuat.bidgely.com/__cypress/tests?p=cypress/support/e2e.js:6274:20)",
                "diff": null
              },
              "uuid": "aea7bbc5-5cac-4fa5-a3f7-1300ccbf4083",
              "parentUUID": "0736b9b5-109d-46ca-bf7f-a9f622d00293",
              "isHook": false,
              "skipped": false
            },
            {
              "title": "Check My Recommedations - Gas",
              "fullTitle": "Accessibility Testing - AMIAMR Dual fuel Check My Recommedations - Gas",
              "timedOut": null,
              "duration": 6389,
              "state": "failed",
              "speed": null,
              "pass": false,
              "fail": true,
              "pending": false,
              "context": null,
              "code": "recommendations('Gas');",
              "err": {
                "message": "AssertionError: 2 accessibility violations were detected: expected 2 to equal 0",
                "estack": "AssertionError: 2 accessibility violations were detected: expected 2 to equal 0\n    at Context.eval (https://amerenuat.bidgely.com/__cypress/tests?p=cypress/support/e2e.js:6274:20)",
                "diff": null
              },
              "uuid": "6259b30d-66e9-4b51-880e-fe787b655b8c",
              "parentUUID": "0736b9b5-109d-46ca-bf7f-a9f622d00293",
              "isHook": false,
              "skipped": false
            },
            {
              "title": "Check FAQs - Gas",
              "fullTitle": "Accessibility Testing - AMIAMR Dual fuel Check FAQs - Gas",
              "timedOut": null,
              "duration": 4755,
              "state": "failed",
              "speed": null,
              "pass": false,
              "fail": true,
              "pending": false,
              "context": null,
              "code": "faq('Gas');",
              "err": {
                "message": "AssertionError: 2 accessibility violations were detected: expected 2 to equal 0",
                "estack": "AssertionError: 2 accessibility violations were detected: expected 2 to equal 0\n    at Context.eval (https://amerenuat.bidgely.com/__cypress/tests?p=cypress/support/e2e.js:6274:20)",
                "diff": null
              },
              "uuid": "909d45ce-8ad1-4f6a-9f5e-b95e717bae85",
              "parentUUID": "0736b9b5-109d-46ca-bf7f-a9f622d00293",
              "isHook": false,
              "skipped": false
            },
            {
              "title": "Check Survey - Gas",
              "fullTitle": "Accessibility Testing - AMIAMR Dual fuel Check Survey - Gas",
              "timedOut": null,
              "duration": 4854,
              "state": "failed",
              "speed": null,
              "pass": false,
              "fail": true,
              "pending": false,
              "context": null,
              "code": "survey('Gas');",
              "err": {
                "message": "AssertionError: 3 accessibility violations were detected: expected 3 to equal 0",
                "estack": "AssertionError: 3 accessibility violations were detected: expected 3 to equal 0\n    at Context.eval (https://amerenuat.bidgely.com/__cypress/tests?p=cypress/support/e2e.js:6274:20)",
                "diff": null
              },
              "uuid": "5dd21c06-70c0-48e2-99f1-b3fa5559392b",
              "parentUUID": "0736b9b5-109d-46ca-bf7f-a9f622d00293",
              "isHook": false,
              "skipped": false
            }
          ],
          "suites": [],
          "passes": [],
          "failures": [
            "f8b145e4-373c-4a03-aa63-ac8e8cd48450",
            "23891612-d497-4232-9e23-dbfef202c3ba",
            "0757f60a-310c-452e-b71c-cef7d301ef43",
            "85845948-a1c3-4dbe-b569-66cac501f8cb",
            "e1cf3919-718d-4fff-96e7-97231f369384",
            "968ad9c8-2268-4382-b27a-d621fca0a1cc",
            "aea7bbc5-5cac-4fa5-a3f7-1300ccbf4083",
            "6259b30d-66e9-4b51-880e-fe787b655b8c",
            "909d45ce-8ad1-4f6a-9f5e-b95e717bae85",
            "5dd21c06-70c0-48e2-99f1-b3fa5559392b"
          ],
          "pending": [],
          "skipped": [],
          "duration": 76903,
          "root": false,
          "rootEmpty": false,
          "_timeout": 2000
        }
      ],
      "passes": [],
      "failures": [],
      "pending": [],
      "skipped": [],
      "duration": 0,
      "root": true,
      "rootEmpty": true,
      "_timeout": 2000
    },
    {
      "uuid": "9f97204e-c214-4ec4-b155-018ff4b39d1b",
      "title": "",
      "fullFile": "cypress/e2e/Ameren/ADA/ADAAMISolar.cy.js",
      "file": "cypress/e2e/Ameren/ADA/ADAAMISolar.cy.js",
      "beforeHooks": [],
      "afterHooks": [],
      "tests": [],
      "suites": [
        {
          "uuid": "eb74e41c-29d2-44ce-a4b1-f965565358cb",
          "title": "Accessibility Testing - AMI Solar",
          "fullFile": "",
          "file": "",
          "beforeHooks": [],
          "afterHooks": [],
          "tests": [
            {
              "title": "Check homepage",
              "fullTitle": "Accessibility Testing - AMI Solar Check homepage",
              "timedOut": null,
              "duration": 14074,
              "state": "failed",
              "speed": null,
              "pass": false,
              "fail": true,
              "pending": false,
              "context": null,
              "code": "objGenericPage.checkHeader();\nobjHomepage.homePageLoaded();\nobjGenericPage.loadingScreenIndicator();\ncy.wait(3000); // first a11y test\ncy.customCheckAlly();",
              "err": {
                "message": "AssertionError: 5 accessibility violations were detected: expected 5 to equal 0",
                "estack": "AssertionError: 5 accessibility violations were detected: expected 5 to equal 0\n    at Context.eval (https://amerenuat.bidgely.com/__cypress/tests?p=cypress/support/e2e.js:6274:20)",
                "diff": null
              },
              "uuid": "184b57c9-fd20-4a92-89d3-dd736713fbac",
              "parentUUID": "eb74e41c-29d2-44ce-a4b1-f965565358cb",
              "isHook": false,
              "skipped": false
            },
            {
              "title": "Check Energy Insights",
              "fullTitle": "Accessibility Testing - AMI Solar Check Energy Insights",
              "timedOut": null,
              "duration": 6634,
              "state": "failed",
              "speed": null,
              "pass": false,
              "fail": true,
              "pending": false,
              "context": null,
              "code": "objGenericPage.clickNavBarTabs('ENERGY_INSIGHTS');\nobjInsightsPage.insightsPageLoaded();\ncy.wait(500);\nobjGenericPage.loadingScreenIndicator();\ncy.wait(2000);\ncy.customCheckAllyExclude([objGenericPage.headerNav]);",
              "err": {
                "message": "AssertionError: 2 accessibility violations were detected: expected 2 to equal 0",
                "estack": "AssertionError: 2 accessibility violations were detected: expected 2 to equal 0\n    at Context.eval (https://amerenuat.bidgely.com/__cypress/tests?p=cypress/support/e2e.js:6274:20)",
                "diff": null
              },
              "uuid": "886f736b-bb46-4ee6-9326-6d1a99ec3f8d",
              "parentUUID": "eb74e41c-29d2-44ce-a4b1-f965565358cb",
              "isHook": false,
              "skipped": false
            },
            {
              "title": "Check My Recommedations",
              "fullTitle": "Accessibility Testing - AMI Solar Check My Recommedations",
              "timedOut": null,
              "duration": 7356,
              "state": "failed",
              "speed": null,
              "pass": false,
              "fail": true,
              "pending": false,
              "context": null,
              "code": "objGenericPage.clickNavBarTabs('MY_RECOMMENDATIONS');\nobjRecoPage.recommedationsPageLoaded();\ncy.wait(500);\nobjGenericPage.loadingScreenIndicator();\ncy.wait(2000);\ncy.customCheckAllyExclude([objGenericPage.headerNav]);",
              "err": {
                "message": "AssertionError: 2 accessibility violations were detected: expected 2 to equal 0",
                "estack": "AssertionError: 2 accessibility violations were detected: expected 2 to equal 0\n    at Context.eval (https://amerenuat.bidgely.com/__cypress/tests?p=cypress/support/e2e.js:6274:20)",
                "diff": null
              },
              "uuid": "a8857adb-7218-4802-91bd-5ecc198baa4d",
              "parentUUID": "eb74e41c-29d2-44ce-a4b1-f965565358cb",
              "isHook": false,
              "skipped": false
            },
            {
              "title": "Check FAQs",
              "fullTitle": "Accessibility Testing - AMI Solar Check FAQs",
              "timedOut": null,
              "duration": 5121,
              "state": "failed",
              "speed": null,
              "pass": false,
              "fail": true,
              "pending": false,
              "context": null,
              "code": "objGenericPage.clickNavBarTabs('FAQS');\nobjFaq.faqPageLoaded();\ncy.wait(500);\nobjGenericPage.loadingScreenIndicator();\ncy.wait(2000);\ncy.customCheckAllyExclude([objGenericPage.headerNav]);",
              "err": {
                "message": "AssertionError: 3 accessibility violations were detected: expected 3 to equal 0",
                "estack": "AssertionError: 3 accessibility violations were detected: expected 3 to equal 0\n    at Context.eval (https://amerenuat.bidgely.com/__cypress/tests?p=cypress/support/e2e.js:6274:20)",
                "diff": null
              },
              "uuid": "c2168ebb-666a-4664-ba3d-1afd32ed401f",
              "parentUUID": "eb74e41c-29d2-44ce-a4b1-f965565358cb",
              "isHook": false,
              "skipped": false
            },
            {
              "title": "Check Survey",
              "fullTitle": "Accessibility Testing - AMI Solar Check Survey",
              "timedOut": null,
              "duration": 4952,
              "state": "failed",
              "speed": null,
              "pass": false,
              "fail": true,
              "pending": false,
              "context": null,
              "code": "objGenericPage.clickNavBarTabs('SURVEY');\nobjSurvey.surveyPageLoaded();\ncy.wait(500);\nobjGenericPage.loadingScreenIndicator();\ncy.wait(2000);\ncy.customCheckAllyExclude([objGenericPage.headerNav]);",
              "err": {
                "message": "AssertionError: 3 accessibility violations were detected: expected 3 to equal 0",
                "estack": "AssertionError: 3 accessibility violations were detected: expected 3 to equal 0\n    at Context.eval (https://amerenuat.bidgely.com/__cypress/tests?p=cypress/support/e2e.js:6274:20)",
                "diff": null
              },
              "uuid": "2393df17-3c80-4130-84c9-3ca0dfa8b19c",
              "parentUUID": "eb74e41c-29d2-44ce-a4b1-f965565358cb",
              "isHook": false,
              "skipped": false
            }
          ],
          "suites": [],
          "passes": [],
          "failures": [
            "184b57c9-fd20-4a92-89d3-dd736713fbac",
            "886f736b-bb46-4ee6-9326-6d1a99ec3f8d",
            "a8857adb-7218-4802-91bd-5ecc198baa4d",
            "c2168ebb-666a-4664-ba3d-1afd32ed401f",
            "2393df17-3c80-4130-84c9-3ca0dfa8b19c"
          ],
          "pending": [],
          "skipped": [],
          "duration": 38137,
          "root": false,
          "rootEmpty": false,
          "_timeout": 2000
        }
      ],
      "passes": [],
      "failures": [],
      "pending": [],
      "skipped": [],
      "duration": 0,
      "root": true,
      "rootEmpty": true,
      "_timeout": 2000
    },
    {
      "uuid": "23348139-0789-4f00-a106-e3199c76604a",
      "title": "",
      "fullFile": "cypress/e2e/Ameren/ADA/ADAAMRE.cy.js",
      "file": "cypress/e2e/Ameren/ADA/ADAAMRE.cy.js",
      "beforeHooks": [],
      "afterHooks": [],
      "tests": [],
      "suites": [
        {
          "uuid": "7b693077-7eab-4612-a2b6-5151ecf2a9bd",
          "title": "Accessibility Testing - AMR Electric",
          "fullFile": "",
          "file": "",
          "beforeHooks": [],
          "afterHooks": [],
          "tests": [
            {
              "title": "Check homepage",
              "fullTitle": "Accessibility Testing - AMR Electric Check homepage",
              "timedOut": null,
              "duration": 13814,
              "state": "failed",
              "speed": null,
              "pass": false,
              "fail": true,
              "pending": false,
              "context": null,
              "code": "objGenericPage.checkHeader();\nobjHomepage.homePageLoaded();\nobjGenericPage.loadingScreenIndicator();\ncy.wait(3000); // first a11y test\ncy.customCheckAlly();",
              "err": {
                "message": "AssertionError: 4 accessibility violations were detected: expected 4 to equal 0",
                "estack": "AssertionError: 4 accessibility violations were detected: expected 4 to equal 0\n    at Context.eval (https://amerenuat.bidgely.com/__cypress/tests?p=cypress/support/e2e.js:6274:20)",
                "diff": null
              },
              "uuid": "456d7623-b42a-4b2f-8913-0534e41e169a",
              "parentUUID": "7b693077-7eab-4612-a2b6-5151ecf2a9bd",
              "isHook": false,
              "skipped": false
            },
            {
              "title": "Check Energy Insights",
              "fullTitle": "Accessibility Testing - AMR Electric Check Energy Insights",
              "timedOut": null,
              "duration": 7729,
              "state": "failed",
              "speed": null,
              "pass": false,
              "fail": true,
              "pending": false,
              "context": null,
              "code": "objGenericPage.clickNavBarTabs('ENERGY_INSIGHTS');\nobjInsightsPage.insightsPageLoaded();\ncy.wait(500);\nobjGenericPage.loadingScreenIndicator();\ncy.wait(2000);\ncy.customCheckAllyExclude([objGenericPage.headerNav]);\nobjInsightsPage.clickInsightMainTabs('Appliance');\ncy.wait(500);\nobjGenericPage.loadingScreenIndicator();\ncy.wait(2000);\ncy.customCheckAllyExclude([objGenericPage.headerNav]);\nobjInsightsPage.clickInsightMainTabs('Cost');\ncy.wait(500);\nobjGenericPage.loadingScreenIndicator();\ncy.wait(2000);\ncy.customCheckAllyExclude([objGenericPage.headerNav]);\nobjInsightsPage.clickInsightTabs('Monthly Summary');\ncy.wait(500);\nobjGenericPage.loadingScreenIndicator();\ncy.wait(2000);\ncy.customCheckAllyExclude([objGenericPage.headerNav]);\nobjInsightsPage.clickInsightTabs('Similar Homes');\ncy.wait(500);\nobjGenericPage.loadingScreenIndicator();\ncy.wait(2000);\ncy.customCheckAllyExclude([objGenericPage.headerNav]);\nobjInsightsPage.clickInsightTabs('Bill Analysis');\ncy.wait(500);\nobjGenericPage.loadingScreenIndicator();\ncy.wait(2000);\ncy.customCheckAllyExclude([objGenericPage.headerNav]);",
              "err": {
                "message": "AssertionError: 2 accessibility violations were detected: expected 2 to equal 0",
                "estack": "AssertionError: 2 accessibility violations were detected: expected 2 to equal 0\n    at Context.eval (https://amerenuat.bidgely.com/__cypress/tests?p=cypress/support/e2e.js:6274:20)",
                "diff": null
              },
              "uuid": "4365bd67-49bd-467f-ba5c-3b14ba36d6fd",
              "parentUUID": "7b693077-7eab-4612-a2b6-5151ecf2a9bd",
              "isHook": false,
              "skipped": false
            },
            {
              "title": "Check My Recommedations",
              "fullTitle": "Accessibility Testing - AMR Electric Check My Recommedations",
              "timedOut": null,
              "duration": 6707,
              "state": "failed",
              "speed": null,
              "pass": false,
              "fail": true,
              "pending": false,
              "context": null,
              "code": "objGenericPage.clickNavBarTabs('MY_RECOMMENDATIONS');\nobjRecoPage.recommedationsPageLoaded();\ncy.wait(500);\nobjGenericPage.loadingScreenIndicator();\ncy.wait(2000);\ncy.customCheckAlly();",
              "err": {
                "message": "AssertionError: 5 accessibility violations were detected: expected 5 to equal 0",
                "estack": "AssertionError: 5 accessibility violations were detected: expected 5 to equal 0\n    at Context.eval (https://amerenuat.bidgely.com/__cypress/tests?p=cypress/support/e2e.js:6274:20)",
                "diff": null
              },
              "uuid": "0c03d388-98f9-45ad-b1d8-d5d3face7559",
              "parentUUID": "7b693077-7eab-4612-a2b6-5151ecf2a9bd",
              "isHook": false,
              "skipped": false
            },
            {
              "title": "Check FAQs",
              "fullTitle": "Accessibility Testing - AMR Electric Check FAQs",
              "timedOut": null,
              "duration": 5482,
              "state": "failed",
              "speed": null,
              "pass": false,
              "fail": true,
              "pending": false,
              "context": null,
              "code": "objGenericPage.clickNavBarTabs('FAQS');\nobjFaq.faqPageLoaded();\ncy.wait(500);\nobjGenericPage.loadingScreenIndicator();\ncy.wait(2000);\ncy.customCheckAlly();",
              "err": {
                "message": "AssertionError: 6 accessibility violations were detected: expected 6 to equal 0",
                "estack": "AssertionError: 6 accessibility violations were detected: expected 6 to equal 0\n    at Context.eval (https://amerenuat.bidgely.com/__cypress/tests?p=cypress/support/e2e.js:6274:20)",
                "diff": null
              },
              "uuid": "b6f2cfdf-50fd-4457-afca-830744898791",
              "parentUUID": "7b693077-7eab-4612-a2b6-5151ecf2a9bd",
              "isHook": false,
              "skipped": false
            },
            {
              "title": "Check Survey",
              "fullTitle": "Accessibility Testing - AMR Electric Check Survey",
              "timedOut": null,
              "duration": 4889,
              "state": "failed",
              "speed": null,
              "pass": false,
              "fail": true,
              "pending": false,
              "context": null,
              "code": "objGenericPage.clickNavBarTabs('SURVEY');\nobjSurvey.surveyPageLoaded();\ncy.wait(500);\nobjGenericPage.loadingScreenIndicator();\ncy.wait(2000);\ncy.customCheckAlly();",
              "err": {
                "message": "AssertionError: 6 accessibility violations were detected: expected 6 to equal 0",
                "estack": "AssertionError: 6 accessibility violations were detected: expected 6 to equal 0\n    at Context.eval (https://amerenuat.bidgely.com/__cypress/tests?p=cypress/support/e2e.js:6274:20)",
                "diff": null
              },
              "uuid": "de9db454-5d05-401c-aee7-bf8e1b731978",
              "parentUUID": "7b693077-7eab-4612-a2b6-5151ecf2a9bd",
              "isHook": false,
              "skipped": false
            }
          ],
          "suites": [],
          "passes": [],
          "failures": [
            "456d7623-b42a-4b2f-8913-0534e41e169a",
            "4365bd67-49bd-467f-ba5c-3b14ba36d6fd",
            "0c03d388-98f9-45ad-b1d8-d5d3face7559",
            "b6f2cfdf-50fd-4457-afca-830744898791",
            "de9db454-5d05-401c-aee7-bf8e1b731978"
          ],
          "pending": [],
          "skipped": [],
          "duration": 38621,
          "root": false,
          "rootEmpty": false,
          "_timeout": 2000
        }
      ],
      "passes": [],
      "failures": [],
      "pending": [],
      "skipped": [],
      "duration": 0,
      "root": true,
      "rootEmpty": true,
      "_timeout": 2000
    },
    {
      "uuid": "6f8accb3-6cc5-4e3d-9aef-795ebd320b42",
      "title": "",
      "fullFile": "cypress/e2e/Ameren/ADA/ADAAMREG.cy.js",
      "file": "cypress/e2e/Ameren/ADA/ADAAMREG.cy.js",
      "beforeHooks": [],
      "afterHooks": [],
      "tests": [],
      "suites": [
        {
          "uuid": "59d27c65-ce9b-4365-8854-2adbd043d5a5",
          "title": "Accessibility Testing - AMR Dual fuel",
          "fullFile": "",
          "file": "",
          "beforeHooks": [],
          "afterHooks": [],
          "tests": [
            {
              "title": "Check homepage - Electric",
              "fullTitle": "Accessibility Testing - AMR Dual fuel Check homepage - Electric",
              "timedOut": null,
              "duration": 17101,
              "state": "failed",
              "speed": null,
              "pass": false,
              "fail": true,
              "pending": false,
              "context": null,
              "code": "homepage('Electric');",
              "err": {
                "message": "AssertionError: 5 accessibility violations were detected: expected 5 to equal 0",
                "estack": "AssertionError: 5 accessibility violations were detected: expected 5 to equal 0\n    at Context.eval (https://amerenuat.bidgely.com/__cypress/tests?p=cypress/support/e2e.js:6274:20)",
                "diff": null
              },
              "uuid": "8d931d96-f695-4e99-82cc-c88cb7f274d2",
              "parentUUID": "59d27c65-ce9b-4365-8854-2adbd043d5a5",
              "isHook": false,
              "skipped": false
            },
            {
              "title": "Check Energy Insights - Electric",
              "fullTitle": "Accessibility Testing - AMR Dual fuel Check Energy Insights - Electric",
              "timedOut": null,
              "duration": 7664,
              "state": "failed",
              "speed": null,
              "pass": false,
              "fail": true,
              "pending": false,
              "context": null,
              "code": "energyInsights('Electric');",
              "err": {
                "message": "AssertionError: 2 accessibility violations were detected: expected 2 to equal 0",
                "estack": "AssertionError: 2 accessibility violations were detected: expected 2 to equal 0\n    at Context.eval (https://amerenuat.bidgely.com/__cypress/tests?p=cypress/support/e2e.js:6274:20)",
                "diff": null
              },
              "uuid": "93f1e200-e5fe-42d8-8e34-a89910b7ec79",
              "parentUUID": "59d27c65-ce9b-4365-8854-2adbd043d5a5",
              "isHook": false,
              "skipped": false
            },
            {
              "title": "Check My Recommedations - Electric",
              "fullTitle": "Accessibility Testing - AMR Dual fuel Check My Recommedations - Electric",
              "timedOut": null,
              "duration": 6326,
              "state": "failed",
              "speed": null,
              "pass": false,
              "fail": true,
              "pending": false,
              "context": null,
              "code": "recommendations('Electric');",
              "err": {
                "message": "AssertionError: 2 accessibility violations were detected: expected 2 to equal 0",
                "estack": "AssertionError: 2 accessibility violations were detected: expected 2 to equal 0\n    at Context.eval (https://amerenuat.bidgely.com/__cypress/tests?p=cypress/support/e2e.js:6274:20)",
                "diff": null
              },
              "uuid": "72903d4f-ed9c-420c-bfa7-bde750eac1de",
              "parentUUID": "59d27c65-ce9b-4365-8854-2adbd043d5a5",
              "isHook": false,
              "skipped": false
            },
            {
              "title": "Check FAQs - Electric",
              "fullTitle": "Accessibility Testing - AMR Dual fuel Check FAQs - Electric",
              "timedOut": null,
              "duration": 5075,
              "state": "failed",
              "speed": null,
              "pass": false,
              "fail": true,
              "pending": false,
              "context": null,
              "code": "faq('Electric');",
              "err": {
                "message": "AssertionError: 3 accessibility violations were detected: expected 3 to equal 0",
                "estack": "AssertionError: 3 accessibility violations were detected: expected 3 to equal 0\n    at Context.eval (https://amerenuat.bidgely.com/__cypress/tests?p=cypress/support/e2e.js:6274:20)",
                "diff": null
              },
              "uuid": "ef9347f7-1883-4796-8f1b-b246a3382c54",
              "parentUUID": "59d27c65-ce9b-4365-8854-2adbd043d5a5",
              "isHook": false,
              "skipped": false
            },
            {
              "title": "Check Survey - Electric",
              "fullTitle": "Accessibility Testing - AMR Dual fuel Check Survey - Electric",
              "timedOut": null,
              "duration": 4552,
              "state": "failed",
              "speed": null,
              "pass": false,
              "fail": true,
              "pending": false,
              "context": null,
              "code": "survey('Electric');",
              "err": {
                "message": "AssertionError: 3 accessibility violations were detected: expected 3 to equal 0",
                "estack": "AssertionError: 3 accessibility violations were detected: expected 3 to equal 0\n    at Context.eval (https://amerenuat.bidgely.com/__cypress/tests?p=cypress/support/e2e.js:6274:20)",
                "diff": null
              },
              "uuid": "46c30c45-4a19-489b-b343-d09d12fd438c",
              "parentUUID": "59d27c65-ce9b-4365-8854-2adbd043d5a5",
              "isHook": false,
              "skipped": false
            },
            {
              "title": "Check homepage - Gas",
              "fullTitle": "Accessibility Testing - AMR Dual fuel Check homepage - Gas",
              "timedOut": null,
              "duration": 15010,
              "state": "failed",
              "speed": null,
              "pass": false,
              "fail": true,
              "pending": false,
              "context": null,
              "code": "cy.visit(pilotData.url + \"dashboard?user-hash=\" + hash);\nobjGenericPage.selectFuelType('Gas');\ncy.injectAxe();\nhomepage('Gas');",
              "err": {
                "message": "AssertionError: 5 accessibility violations were detected: expected 5 to equal 0",
                "estack": "AssertionError: 5 accessibility violations were detected: expected 5 to equal 0\n    at Context.eval (https://amerenuat.bidgely.com/__cypress/tests?p=cypress/support/e2e.js:6274:20)",
                "diff": null
              },
              "uuid": "7b9d79a4-514a-4881-a253-1b1b6522ce09",
              "parentUUID": "59d27c65-ce9b-4365-8854-2adbd043d5a5",
              "isHook": false,
              "skipped": false
            },
            {
              "title": "Check Energy Insights - Gas",
              "fullTitle": "Accessibility Testing - AMR Dual fuel Check Energy Insights - Gas",
              "timedOut": null,
              "duration": 6151,
              "state": "failed",
              "speed": null,
              "pass": false,
              "fail": true,
              "pending": false,
              "context": null,
              "code": "energyInsights('Gas');",
              "err": {
                "message": "AssertionError: 2 accessibility violations were detected: expected 2 to equal 0",
                "estack": "AssertionError: 2 accessibility violations were detected: expected 2 to equal 0\n    at Context.eval (https://amerenuat.bidgely.com/__cypress/tests?p=cypress/support/e2e.js:6274:20)",
                "diff": null
              },
              "uuid": "94f5f8ef-da67-4b37-a09b-f3b1d0ba5cc2",
              "parentUUID": "59d27c65-ce9b-4365-8854-2adbd043d5a5",
              "isHook": false,
              "skipped": false
            },
            {
              "title": "Check My Recommedations - Gas",
              "fullTitle": "Accessibility Testing - AMR Dual fuel Check My Recommedations - Gas",
              "timedOut": null,
              "duration": 5620,
              "state": "failed",
              "speed": null,
              "pass": false,
              "fail": true,
              "pending": false,
              "context": null,
              "code": "recommendations('Gas');",
              "err": {
                "message": "AssertionError: 2 accessibility violations were detected: expected 2 to equal 0",
                "estack": "AssertionError: 2 accessibility violations were detected: expected 2 to equal 0\n    at Context.eval (https://amerenuat.bidgely.com/__cypress/tests?p=cypress/support/e2e.js:6274:20)",
                "diff": null
              },
              "uuid": "3bb42d2d-4068-4905-8bc0-067df3c60840",
              "parentUUID": "59d27c65-ce9b-4365-8854-2adbd043d5a5",
              "isHook": false,
              "skipped": false
            },
            {
              "title": "Check FAQs - Gas",
              "fullTitle": "Accessibility Testing - AMR Dual fuel Check FAQs - Gas",
              "timedOut": null,
              "duration": 4916,
              "state": "failed",
              "speed": null,
              "pass": false,
              "fail": true,
              "pending": false,
              "context": null,
              "code": "faq('Gas');",
              "err": {
                "message": "AssertionError: 2 accessibility violations were detected: expected 2 to equal 0",
                "estack": "AssertionError: 2 accessibility violations were detected: expected 2 to equal 0\n    at Context.eval (https://amerenuat.bidgely.com/__cypress/tests?p=cypress/support/e2e.js:6274:20)",
                "diff": null
              },
              "uuid": "42261679-bbed-435d-a69f-f37fd1c9b572",
              "parentUUID": "59d27c65-ce9b-4365-8854-2adbd043d5a5",
              "isHook": false,
              "skipped": false
            },
            {
              "title": "Check Survey - Gas",
              "fullTitle": "Accessibility Testing - AMR Dual fuel Check Survey - Gas",
              "timedOut": null,
              "duration": 4753,
              "state": "failed",
              "speed": null,
              "pass": false,
              "fail": true,
              "pending": false,
              "context": null,
              "code": "survey('Gas');",
              "err": {
                "message": "AssertionError: 3 accessibility violations were detected: expected 3 to equal 0",
                "estack": "AssertionError: 3 accessibility violations were detected: expected 3 to equal 0\n    at Context.eval (https://amerenuat.bidgely.com/__cypress/tests?p=cypress/support/e2e.js:6274:20)",
                "diff": null
              },
              "uuid": "b88c7570-ab4c-4aed-9a80-cd305869ad3b",
              "parentUUID": "59d27c65-ce9b-4365-8854-2adbd043d5a5",
              "isHook": false,
              "skipped": false
            }
          ],
          "suites": [],
          "passes": [],
          "failures": [
            "8d931d96-f695-4e99-82cc-c88cb7f274d2",
            "93f1e200-e5fe-42d8-8e34-a89910b7ec79",
            "72903d4f-ed9c-420c-bfa7-bde750eac1de",
            "ef9347f7-1883-4796-8f1b-b246a3382c54",
            "46c30c45-4a19-489b-b343-d09d12fd438c",
            "7b9d79a4-514a-4881-a253-1b1b6522ce09",
            "94f5f8ef-da67-4b37-a09b-f3b1d0ba5cc2",
            "3bb42d2d-4068-4905-8bc0-067df3c60840",
            "42261679-bbed-435d-a69f-f37fd1c9b572",
            "b88c7570-ab4c-4aed-9a80-cd305869ad3b"
          ],
          "pending": [],
          "skipped": [],
          "duration": 77168,
          "root": false,
          "rootEmpty": false,
          "_timeout": 2000
        }
      ],
      "passes": [],
      "failures": [],
      "pending": [],
      "skipped": [],
      "duration": 0,
      "root": true,
      "rootEmpty": true,
      "_timeout": 2000
    },
    {
      "uuid": "6cb55b4b-eb9c-4a9a-a630-b603c32e13e8",
      "title": "",
      "fullFile": "cypress/e2e/Ameren/ADA/ADAAMRGas.cy.js",
      "file": "cypress/e2e/Ameren/ADA/ADAAMRGas.cy.js",
      "beforeHooks": [],
      "afterHooks": [],
      "tests": [],
      "suites": [
        {
          "uuid": "8d99a02b-bada-47cd-8336-e9ebf1ce7a27",
          "title": "Accessibility Testing - AMR Gas",
          "fullFile": "",
          "file": "",
          "beforeHooks": [],
          "afterHooks": [],
          "tests": [
            {
              "title": "Check homepage",
              "fullTitle": "Accessibility Testing - AMR Gas Check homepage",
              "timedOut": null,
              "duration": 13291,
              "state": "failed",
              "speed": null,
              "pass": false,
              "fail": true,
              "pending": false,
              "context": null,
              "code": "objGenericPage.checkHeader();\nobjHomepage.homePageLoaded();\nobjGenericPage.loadingScreenIndicator();\ncy.wait(3000); // first a11y test\ncy.customCheckAlly();",
              "err": {
                "message": "AssertionError: 5 accessibility violations were detected: expected 5 to equal 0",
                "estack": "AssertionError: 5 accessibility violations were detected: expected 5 to equal 0\n    at Context.eval (https://amerenuat.bidgely.com/__cypress/tests?p=cypress/support/e2e.js:6274:20)",
                "diff": null
              },
              "uuid": "3f592d6c-7981-40d2-858d-277930432e6a",
              "parentUUID": "8d99a02b-bada-47cd-8336-e9ebf1ce7a27",
              "isHook": false,
              "skipped": false
            },
            {
              "title": "Check Energy Insights",
              "fullTitle": "Accessibility Testing - AMR Gas Check Energy Insights",
              "timedOut": null,
              "duration": 6341,
              "state": "failed",
              "speed": null,
              "pass": false,
              "fail": true,
              "pending": false,
              "context": null,
              "code": "objGenericPage.clickNavBarTabs('ENERGY_INSIGHTS');\nobjInsightsPage.insightsPageLoaded();\ncy.wait(500);\nobjGenericPage.loadingScreenIndicator();\ncy.wait(2000);\ncy.customCheckAllyExclude([objGenericPage.headerNav]);",
              "err": {
                "message": "AssertionError: 2 accessibility violations were detected: expected 2 to equal 0",
                "estack": "AssertionError: 2 accessibility violations were detected: expected 2 to equal 0\n    at Context.eval (https://amerenuat.bidgely.com/__cypress/tests?p=cypress/support/e2e.js:6274:20)",
                "diff": null
              },
              "uuid": "3c0aa5b2-868f-4394-ac98-cecc1bb8f9a5",
              "parentUUID": "8d99a02b-bada-47cd-8336-e9ebf1ce7a27",
              "isHook": false,
              "skipped": false
            },
            {
              "title": "Check My Recommedations",
              "fullTitle": "Accessibility Testing - AMR Gas Check My Recommedations",
              "timedOut": null,
              "duration": 4777,
              "state": "failed",
              "speed": null,
              "pass": false,
              "fail": true,
              "pending": false,
              "context": null,
              "code": "objGenericPage.clickNavBarTabs('MY_RECOMMENDATIONS');\nobjRecoPage.recommedationsPageLoaded();\ncy.wait(500);\nobjGenericPage.loadingScreenIndicator();\ncy.wait(2000);\ncy.customCheckAllyExclude([objGenericPage.headerNav]);",
              "err": {
                "message": "AssertionError: 2 accessibility violations were detected: expected 2 to equal 0",
                "estack": "AssertionError: 2 accessibility violations were detected: expected 2 to equal 0\n    at Context.eval (https://amerenuat.bidgely.com/__cypress/tests?p=cypress/support/e2e.js:6274:20)",
                "diff": null
              },
              "uuid": "8390c394-03a7-41da-94c3-7df3efc5387f",
              "parentUUID": "8d99a02b-bada-47cd-8336-e9ebf1ce7a27",
              "isHook": false,
              "skipped": false
            },
            {
              "title": "Check FAQs",
              "fullTitle": "Accessibility Testing - AMR Gas Check FAQs",
              "timedOut": null,
              "duration": 4985,
              "state": "failed",
              "speed": null,
              "pass": false,
              "fail": true,
              "pending": false,
              "context": null,
              "code": "objGenericPage.clickNavBarTabs('FAQS');\nobjFaq.faqPageLoaded();\ncy.wait(500);\nobjGenericPage.loadingScreenIndicator();\ncy.wait(2000);\ncy.customCheckAllyExclude([objGenericPage.headerNav]);",
              "err": {
                "message": "AssertionError: 2 accessibility violations were detected: expected 2 to equal 0",
                "estack": "AssertionError: 2 accessibility violations were detected: expected 2 to equal 0\n    at Context.eval (https://amerenuat.bidgely.com/__cypress/tests?p=cypress/support/e2e.js:6274:20)",
                "diff": null
              },
              "uuid": "494d6ca7-3224-4e26-9b20-44c7a01fb44e",
              "parentUUID": "8d99a02b-bada-47cd-8336-e9ebf1ce7a27",
              "isHook": false,
              "skipped": false
            },
            {
              "title": "Check Survey",
              "fullTitle": "Accessibility Testing - AMR Gas Check Survey",
              "timedOut": null,
              "duration": 4649,
              "state": "failed",
              "speed": null,
              "pass": false,
              "fail": true,
              "pending": false,
              "context": null,
              "code": "objGenericPage.clickNavBarTabs('SURVEY');\nobjSurvey.surveyPageLoaded();\ncy.wait(500);\nobjGenericPage.loadingScreenIndicator();\ncy.wait(2000);\ncy.customCheckAllyExclude([objGenericPage.headerNav]);",
              "err": {
                "message": "AssertionError: 3 accessibility violations were detected: expected 3 to equal 0",
                "estack": "AssertionError: 3 accessibility violations were detected: expected 3 to equal 0\n    at Context.eval (https://amerenuat.bidgely.com/__cypress/tests?p=cypress/support/e2e.js:6274:20)",
                "diff": null
              },
              "uuid": "54b7a3f6-93c4-4430-a7e4-7dbf9ae19a3d",
              "parentUUID": "8d99a02b-bada-47cd-8336-e9ebf1ce7a27",
              "isHook": false,
              "skipped": false
            }
          ],
          "suites": [],
          "passes": [],
          "failures": [
            "3f592d6c-7981-40d2-858d-277930432e6a",
            "3c0aa5b2-868f-4394-ac98-cecc1bb8f9a5",
            "8390c394-03a7-41da-94c3-7df3efc5387f",
            "494d6ca7-3224-4e26-9b20-44c7a01fb44e",
            "54b7a3f6-93c4-4430-a7e4-7dbf9ae19a3d"
          ],
          "pending": [],
          "skipped": [],
          "duration": 34043,
          "root": false,
          "rootEmpty": false,
          "_timeout": 2000
        }
      ],
      "passes": [],
      "failures": [],
      "pending": [],
      "skipped": [],
      "duration": 0,
      "root": true,
      "rootEmpty": true,
      "_timeout": 2000
    },
    {
      "uuid": "61f22f3b-da04-4022-8adc-e6a7f79a2825",
      "title": "",
      "fullFile": "cypress/e2e/Ameren/ADA/ADAAMRSolar.cy.js",
      "file": "cypress/e2e/Ameren/ADA/ADAAMRSolar.cy.js",
      "beforeHooks": [],
      "afterHooks": [],
      "tests": [],
      "suites": [
        {
          "uuid": "86bc7c1d-100b-4ce6-bbd8-1e3b8d44232b",
          "title": "Accessibility Testing - AMR Solar",
          "fullFile": "",
          "file": "",
          "beforeHooks": [],
          "afterHooks": [],
          "tests": [
            {
              "title": "Check homepage",
              "fullTitle": "Accessibility Testing - AMR Solar Check homepage",
              "timedOut": null,
              "duration": 14550,
              "state": "failed",
              "speed": null,
              "pass": false,
              "fail": true,
              "pending": false,
              "context": null,
              "code": "objGenericPage.checkHeader();\nobjHomepage.homePageLoaded();\nobjGenericPage.loadingScreenIndicator();\ncy.wait(3000); // first a11y test\ncy.customCheckAlly();",
              "err": {
                "message": "AssertionError: 4 accessibility violations were detected: expected 4 to equal 0",
                "estack": "AssertionError: 4 accessibility violations were detected: expected 4 to equal 0\n    at Context.eval (https://amerenuat.bidgely.com/__cypress/tests?p=cypress/support/e2e.js:6274:20)",
                "diff": null
              },
              "uuid": "cb202f6e-b0ce-4fa7-8f7e-f9b3eef42047",
              "parentUUID": "86bc7c1d-100b-4ce6-bbd8-1e3b8d44232b",
              "isHook": false,
              "skipped": false
            },
            {
              "title": "Check Energy Insights",
              "fullTitle": "Accessibility Testing - AMR Solar Check Energy Insights",
              "timedOut": null,
              "duration": 5592,
              "state": "failed",
              "speed": null,
              "pass": false,
              "fail": true,
              "pending": false,
              "context": null,
              "code": "objGenericPage.clickNavBarTabs('ENERGY_INSIGHTS');\nobjInsightsPage.insightsPageLoaded();\ncy.wait(500);\nobjGenericPage.loadingScreenIndicator();\ncy.wait(2000);\ncy.customCheckAllyExclude([objGenericPage.headerNav]);\nobjInsightsPage.clickInsightSubTabs('Month');\ncy.wait(500);\nobjGenericPage.loadingScreenIndicator();\ncy.wait(2000);\ncy.customCheckAllyExclude([objGenericPage.headerNav]);\nobjInsightsPage.clickInsightSubTabs('Filter');\ncy.wait(500);\nobjGenericPage.loadingScreenIndicator();\ncy.wait(2000);\ncy.customCheckAllyExclude([objGenericPage.headerNav]);",
              "err": {
                "message": "AssertionError: 1 accessibility violation was detected: expected 1 to equal 0",
                "estack": "AssertionError: 1 accessibility violation was detected: expected 1 to equal 0\n    at Context.eval (https://amerenuat.bidgely.com/__cypress/tests?p=cypress/support/e2e.js:6274:20)",
                "diff": null
              },
              "uuid": "3437afad-3f0a-434c-a7ef-75c94c0b404c",
              "parentUUID": "86bc7c1d-100b-4ce6-bbd8-1e3b8d44232b",
              "isHook": false,
              "skipped": false
            },
            {
              "title": "Check My Recommedations",
              "fullTitle": "Accessibility Testing - AMR Solar Check My Recommedations",
              "timedOut": null,
              "duration": 5915,
              "state": "failed",
              "speed": null,
              "pass": false,
              "fail": true,
              "pending": false,
              "context": null,
              "code": "objGenericPage.clickNavBarTabs('MY_RECOMMENDATIONS');\nobjRecoPage.recommedationsPageLoaded();\ncy.wait(500);\nobjGenericPage.loadingScreenIndicator();\ncy.wait(2000);\ncy.customCheckAllyExclude([objGenericPage.headerNav]);",
              "err": {
                "message": "AssertionError: 2 accessibility violations were detected: expected 2 to equal 0",
                "estack": "AssertionError: 2 accessibility violations were detected: expected 2 to equal 0\n    at Context.eval (https://amerenuat.bidgely.com/__cypress/tests?p=cypress/support/e2e.js:6274:20)",
                "diff": null
              },
              "uuid": "977d73d6-7ea5-4d87-b5d5-5fae24b917d1",
              "parentUUID": "86bc7c1d-100b-4ce6-bbd8-1e3b8d44232b",
              "isHook": false,
              "skipped": false
            },
            {
              "title": "Check FAQs",
              "fullTitle": "Accessibility Testing - AMR Solar Check FAQs",
              "timedOut": null,
              "duration": 4568,
              "state": "failed",
              "speed": null,
              "pass": false,
              "fail": true,
              "pending": false,
              "context": null,
              "code": "objGenericPage.clickNavBarTabs('FAQS');\nobjFaq.faqPageLoaded();\ncy.wait(500);\nobjGenericPage.loadingScreenIndicator();\ncy.wait(2000);\ncy.customCheckAllyExclude([objGenericPage.headerNav]);",
              "err": {
                "message": "AssertionError: 2 accessibility violations were detected: expected 2 to equal 0",
                "estack": "AssertionError: 2 accessibility violations were detected: expected 2 to equal 0\n    at Context.eval (https://amerenuat.bidgely.com/__cypress/tests?p=cypress/support/e2e.js:6274:20)",
                "diff": null
              },
              "uuid": "96a3eba1-18e0-4c20-be08-7f76d1eeaece",
              "parentUUID": "86bc7c1d-100b-4ce6-bbd8-1e3b8d44232b",
              "isHook": false,
              "skipped": false
            },
            {
              "title": "Check Survey",
              "fullTitle": "Accessibility Testing - AMR Solar Check Survey",
              "timedOut": null,
              "duration": 4472,
              "state": "failed",
              "speed": null,
              "pass": false,
              "fail": true,
              "pending": false,
              "context": null,
              "code": "objGenericPage.clickNavBarTabs('SURVEY');\nobjSurvey.surveyPageLoaded();\ncy.wait(500);\nobjGenericPage.loadingScreenIndicator();\ncy.wait(2000);\ncy.customCheckAllyExclude([objGenericPage.headerNav]);",
              "err": {
                "message": "AssertionError: 3 accessibility violations were detected: expected 3 to equal 0",
                "estack": "AssertionError: 3 accessibility violations were detected: expected 3 to equal 0\n    at Context.eval (https://amerenuat.bidgely.com/__cypress/tests?p=cypress/support/e2e.js:6274:20)",
                "diff": null
              },
              "uuid": "ab702cfe-a845-4105-a9bb-0a4220352e10",
              "parentUUID": "86bc7c1d-100b-4ce6-bbd8-1e3b8d44232b",
              "isHook": false,
              "skipped": false
            }
          ],
          "suites": [],
          "passes": [],
          "failures": [
            "cb202f6e-b0ce-4fa7-8f7e-f9b3eef42047",
            "3437afad-3f0a-434c-a7ef-75c94c0b404c",
            "977d73d6-7ea5-4d87-b5d5-5fae24b917d1",
            "96a3eba1-18e0-4c20-be08-7f76d1eeaece",
            "ab702cfe-a845-4105-a9bb-0a4220352e10"
          ],
          "pending": [],
          "skipped": [],
          "duration": 35097,
          "root": false,
          "rootEmpty": false,
          "_timeout": 2000
        }
      ],
      "passes": [],
      "failures": [],
      "pending": [],
      "skipped": [],
      "duration": 0,
      "root": true,
      "rootEmpty": true,
      "_timeout": 2000
    }
  ],
  "meta": {
    "mocha": {
      "version": "7.0.1"
    },
    "mochawesome": {
      "options": {
        "quiet": false,
        "reportFilename": "mochawesome",
        "saveHtml": false,
        "saveJson": true,
        "consoleReporter": "spec",
        "useInlineDiffs": false,
        "code": true
      },
      "version": "7.1.3"
    },
    "marge": {
      "options": {
        "id": "default",
        "reportDir": "cypress/reports/mocha",
        "quite": true,
        "overwrite": false,
        "html": false,
        "json": true
      },
      "version": "6.2.0"
    }
  }
}